f:\dungeoncraft\build\src\server\scripts\debug\cotire\scripts_cxx_prefix.pch
f:\dungeoncraft\build\src\server\scripts\scripts.dir\debug\scripts.pdb
f:\dungeoncraft\build\src\server\scripts\scripts.dir\debug\spell_shaman.obj
f:\dungeoncraft\build\src\server\scripts\scripts.dir\debug\spell_mage.obj
f:\dungeoncraft\build\src\server\scripts\scripts.dir\debug\cs_bf.obj
f:\dungeoncraft\build\src\server\scripts\scripts.dir\debug\cs_honor.obj
f:\dungeoncraft\build\src\server\scripts\scripts.dir\debug\cs_misc.obj
f:\dungeoncraft\build\src\server\scripts\scripts.dir\debug\chat_log.obj
f:\dungeoncraft\build\src\server\scripts\scripts.dir\debug\outdoorpvpzm.obj
f:\dungeoncraft\build\src\server\scripts\scripts.dir\debug\boss_gorosh_the_dervish.obj
f:\dungeoncraft\build\src\server\scripts\scripts.dir\debug\boss_magmus.obj
f:\dungeoncraft\build\src\server\scripts\scripts.dir\debug\boss_flamegor.obj
f:\dungeoncraft\build\src\server\scripts\scripts.dir\debug\boss_gehennas.obj
f:\dungeoncraft\build\src\server\scripts\scripts.dir\debug\boss_kirtonos_the_herald.obj
f:\dungeoncraft\build\src\server\scripts\scripts.dir\debug\boss_arlokk.obj
f:\dungeoncraft\build\src\server\scripts\scripts.dir\debug\chapter5.obj
f:\dungeoncraft\build\src\server\scripts\scripts.dir\debug\boss_brutallus.obj
f:\dungeoncraft\build\src\server\scripts\scripts.dir\debug\zone_blasted_lands.obj
f:\dungeoncraft\build\src\server\scripts\scripts.dir\debug\zulaman.obj
f:\dungeoncraft\build\src\server\scripts\scripts.dir\debug\boss_netherspite.obj
f:\dungeoncraft\build\src\server\scripts\scripts.dir\debug\instance_the_stockade.obj
f:\dungeoncraft\build\src\server\scripts\scripts.dir\debug\old_hillsbrad.obj
f:\dungeoncraft\build\src\server\scripts\scripts.dir\debug\boss_anetheron.obj
f:\dungeoncraft\build\src\server\scripts\scripts.dir\debug\zone_azuremyst_isle.obj
f:\dungeoncraft\build\src\server\scripts\scripts.dir\debug\boss_ayamiss.obj
f:\dungeoncraft\build\src\server\scripts\scripts.dir\debug\boss_azuregos.obj
f:\dungeoncraft\build\src\server\scripts\scripts.dir\debug\boss_onyxia.obj
f:\dungeoncraft\build\src\server\scripts\scripts.dir\debug\boss_the_maker.obj
f:\dungeoncraft\build\src\server\scripts\scripts.dir\debug\boss_mekgineer_steamrigger.obj
f:\dungeoncraft\build\src\server\scripts\scripts.dir\debug\boss_lurker_below.obj
f:\dungeoncraft\build\src\server\scripts\scripts.dir\debug\boss_alar.obj
f:\dungeoncraft\build\src\server\scripts\scripts.dir\debug\boss_harbinger_skyriss.obj
f:\dungeoncraft\build\src\server\scripts\scripts.dir\debug\boss_ambassador_hellmaw.obj
f:\dungeoncraft\build\src\server\scripts\scripts.dir\debug\boss_bloodboil.obj
f:\dungeoncraft\build\src\server\scripts\scripts.dir\debug\zone_netherstorm.obj
f:\dungeoncraft\build\src\server\scripts\scripts.dir\debug\boss_auriaya.obj
f:\dungeoncraft\build\src\server\scripts\scripts.dir\debug\boss_krystallus.obj
f:\dungeoncraft\build\src\server\scripts\scripts.dir\debug\boss_sjonnir.obj
f:\dungeoncraft\build\src\server\scripts\scripts.dir\debug\halls_of_reflection.obj
f:\dungeoncraft\build\src\server\scripts\scripts.dir\debug\boss_malygos.obj
f:\dungeoncraft\build\src\server\scripts\scripts.dir\debug\boss_keristrasza.obj
f:\dungeoncraft\build\src\server\scripts\scripts.dir\debug\boss_black_knight.obj
f:\dungeoncraft\build\src\server\scripts\scripts.dir\debug\boss_faerlina.obj
f:\dungeoncraft\build\src\server\scripts\scripts.dir\debug\boss_grobbulus.obj
f:\dungeoncraft\build\src\server\scripts\scripts.dir\debug\boss_svala.obj
f:\dungeoncraft\build\src\server\scripts\scripts.dir\debug\boss_herald_volazj.obj
f:\dungeoncraft\build\src\server\scripts\scripts.dir\debug\boss_ichoron.obj
f:\dungeoncraft\build\src\server\scripts\scripts.dir\debug\boss_lady_deathwhisper.obj
f:\dungeoncraft\build\src\server\scripts\scripts.dir\debug\zone_zuldrak.obj
f:\dungeoncraft\build\src\server\scripts\scripts.dir\debug\boss_gal_darah.obj
f:\dungeoncraft\build\src\server\scripts\scripts.dir\debug\childrens_week.obj
f:\dungeoncraft\build\src\server\scripts\scripts.dir\debug\pet_hunter.obj
f:\dungeoncraft\build\src\server\scripts\scripts.dir\debug\mod_pvp_titles.obj
f:\dungeoncraft\build\src\server\scripts\scripts.dir\debug\spell_hunter.obj
f:\dungeoncraft\build\src\server\scripts\scripts.dir\debug\cs_cast.obj
f:\dungeoncraft\build\src\server\scripts\scripts.dir\debug\cs_learn.obj
f:\dungeoncraft\build\src\server\scripts\scripts.dir\debug\cs_modify.obj
f:\dungeoncraft\build\src\server\scripts\scripts.dir\debug\cs_tele.obj
f:\dungeoncraft\build\src\server\scripts\scripts.dir\debug\boss_emerald_dragons.obj
f:\dungeoncraft\build\src\server\scripts\scripts.dir\debug\npcs_special.obj
f:\dungeoncraft\build\src\server\scripts\scripts.dir\debug\boss_gyth.obj
f:\dungeoncraft\build\src\server\scripts\scripts.dir\debug\boss_garr.obj
f:\dungeoncraft\build\src\server\scripts\scripts.dir\debug\boss_grilek.obj
f:\dungeoncraft\build\src\server\scripts\scripts.dir\debug\zone_arathi_highlands.obj
f:\dungeoncraft\build\src\server\scripts\scripts.dir\debug\instance_uldaman.obj
f:\dungeoncraft\build\src\server\scripts\scripts.dir\debug\instance_deadmines.obj
f:\dungeoncraft\build\src\server\scripts\scripts.dir\debug\boss_halazzi.obj
f:\dungeoncraft\build\src\server\scripts\scripts.dir\debug\boss_nalorakk.obj
f:\dungeoncraft\build\src\server\scripts\scripts.dir\debug\boss_curator.obj
f:\dungeoncraft\build\src\server\scripts\scripts.dir\debug\bosses_opera.obj
f:\dungeoncraft\build\src\server\scripts\scripts.dir\debug\boss_lieutenant_drake.obj
f:\dungeoncraft\build\src\server\scripts\scripts.dir\debug\boss_chrono_lord_deja.obj
f:\dungeoncraft\build\src\server\scripts\scripts.dir\debug\instance_blackfathom_deeps.obj
f:\dungeoncraft\build\src\server\scripts\scripts.dir\debug\boss_bug_trio.obj
f:\dungeoncraft\build\src\server\scripts\scripts.dir\debug\zone_bloodmyst_isle.obj
f:\dungeoncraft\build\src\server\scripts\scripts.dir\debug\zone_dustwallow_marsh.obj
f:\dungeoncraft\build\src\server\scripts\scripts.dir\debug\boss_omor_the_unscarred.obj
f:\dungeoncraft\build\src\server\scripts\scripts.dir\debug\boss_warbringer_omrogg.obj
f:\dungeoncraft\build\src\server\scripts\scripts.dir\debug\boss_lady_vashj.obj
f:\dungeoncraft\build\src\server\scripts\scripts.dir\debug\boss_astromancer.obj
f:\dungeoncraft\build\src\server\scripts\scripts.dir\debug\boss_wrath_scryer_soccothrates.obj
f:\dungeoncraft\build\src\server\scripts\scripts.dir\debug\boss_blackheart_the_inciter.obj
f:\dungeoncraft\build\src\server\scripts\scripts.dir\debug\instance_black_temple.obj
f:\dungeoncraft\build\src\server\scripts\scripts.dir\debug\boss_ionar.obj
f:\dungeoncraft\build\src\server\scripts\scripts.dir\debug\boss_ignis.obj
f:\dungeoncraft\build\src\server\scripts\scripts.dir\debug\boss_kologarn.obj
f:\dungeoncraft\build\src\server\scripts\scripts.dir\debug\boss_falric.obj
f:\dungeoncraft\build\src\server\scripts\scripts.dir\debug\instance_pit_of_saron.obj
f:\dungeoncraft\build\src\server\scripts\scripts.dir\debug\boss_urom.obj
f:\dungeoncraft\build\src\server\scripts\scripts.dir\debug\boss_northrend_beasts.obj
f:\dungeoncraft\build\src\server\scripts\scripts.dir\debug\boss_four_horsemen.obj
f:\dungeoncraft\build\src\server\scripts\scripts.dir\debug\boss_emalon.obj
f:\dungeoncraft\build\src\server\scripts\scripts.dir\debug\instance_azjol_nerub.obj
f:\dungeoncraft\build\src\server\scripts\scripts.dir\debug\boss_xevozz.obj
f:\dungeoncraft\build\src\server\scripts\scripts.dir\debug\boss_lord_marrowgar.obj
f:\dungeoncraft\build\src\server\scripts\scripts.dir\debug\boss_the_lich_king.obj
f:\dungeoncraft\build\src\server\scripts\scripts.dir\debug\pilgrims_bounty.obj
f:\dungeoncraft\build\src\server\scripts\scripts.dir\debug\cfbg.obj
f:\dungeoncraft\build\src\server\scripts\scripts.dir\debug\spell_priest.obj
f:\dungeoncraft\build\src\server\scripts\scripts.dir\debug\playercommand.obj
f:\dungeoncraft\build\src\server\scripts\scripts.dir\debug\cs_debug.obj
f:\dungeoncraft\build\src\server\scripts\scripts.dir\debug\cs_message.obj
f:\dungeoncraft\build\src\server\scripts\scripts.dir\debug\cs_server.obj
f:\dungeoncraft\build\src\server\scripts\scripts.dir\debug\cs_player.obj
f:\dungeoncraft\build\src\server\scripts\scripts.dir\debug\item_scripts.obj
f:\dungeoncraft\build\src\server\scripts\scripts.dir\debug\outdoorpvpna.obj
f:\dungeoncraft\build\src\server\scripts\scripts.dir\debug\boss_ambassador_flamelash.obj
f:\dungeoncraft\build\src\server\scripts\scripts.dir\debug\instance_blackwing_lair.obj
f:\dungeoncraft\build\src\server\scripts\scripts.dir\debug\boss_highlord_omokk.obj
f:\dungeoncraft\build\src\server\scripts\scripts.dir\debug\boss_baron_geddon.obj
f:\dungeoncraft\build\src\server\scripts\scripts.dir\debug\boss_hazzarah.obj
f:\dungeoncraft\build\src\server\scripts\scripts.dir\debug\zone_wetlands.obj
f:\dungeoncraft\build\src\server\scripts\scripts.dir\debug\instance_magisters_terrace.obj
f:\dungeoncraft\build\src\server\scripts\scripts.dir\debug\boss_felmyst.obj
f:\dungeoncraft\build\src\server\scripts\scripts.dir\debug\boss_akilzon.obj
f:\dungeoncraft\build\src\server\scripts\scripts.dir\debug\boss_nightbane.obj
f:\dungeoncraft\build\src\server\scripts\scripts.dir\debug\boss_moroes.obj
f:\dungeoncraft\build\src\server\scripts\scripts.dir\debug\instance_old_hillsbrad.obj
f:\dungeoncraft\build\src\server\scripts\scripts.dir\debug\boss_rage_winterchill.obj
f:\dungeoncraft\build\src\server\scripts\scripts.dir\debug\boss_aeonus.obj
f:\dungeoncraft\build\src\server\scripts\scripts.dir\debug\instance_temple_of_ahnqiraj.obj
f:\dungeoncraft\build\src\server\scripts\scripts.dir\debug\boss_buru.obj
f:\dungeoncraft\build\src\server\scripts\scripts.dir\debug\zone_azshara.obj
f:\dungeoncraft\build\src\server\scripts\scripts.dir\debug\zone_thousand_needles.obj
f:\dungeoncraft\build\src\server\scripts\scripts.dir\debug\boss_broggok.obj
f:\dungeoncraft\build\src\server\scripts\scripts.dir\debug\instance_serpent_shrine.obj
f:\dungeoncraft\build\src\server\scripts\scripts.dir\debug\boss_void_reaver.obj
f:\dungeoncraft\build\src\server\scripts\scripts.dir\debug\boss_dalliah_the_doomsayer.obj
f:\dungeoncraft\build\src\server\scripts\scripts.dir\debug\instance_auchenai_crypts.obj
f:\dungeoncraft\build\src\server\scripts\scripts.dir\debug\boss_mother_shahraz.obj
f:\dungeoncraft\build\src\server\scripts\scripts.dir\debug\zone_zangarmarsh.obj
f:\dungeoncraft\build\src\server\scripts\scripts.dir\debug\boss_general_vezax.obj
f:\dungeoncraft\build\src\server\scripts\scripts.dir\debug\boss_freya.obj
f:\dungeoncraft\build\src\server\scripts\scripts.dir\debug\instance_halls_of_stone.obj
f:\dungeoncraft\build\src\server\scripts\scripts.dir\debug\instance_halls_of_reflection.obj
f:\dungeoncraft\build\src\server\scripts\scripts.dir\debug\instance_eye_of_eternity.obj
f:\dungeoncraft\build\src\server\scripts\scripts.dir\debug\boss_magus_telestra.obj
f:\dungeoncraft\build\src\server\scripts\scripts.dir\debug\boss_argent_challenge.obj
f:\dungeoncraft\build\src\server\scripts\scripts.dir\debug\zone_crystalsong_forest.obj
f:\dungeoncraft\build\src\server\scripts\scripts.dir\debug\instance_ahnkahet.obj
f:\dungeoncraft\build\src\server\scripts\scripts.dir\debug\violet_hold.obj
f:\dungeoncraft\build\src\server\scripts\scripts.dir\debug\boss_valithria_dreamwalker.obj
f:\dungeoncraft\build\src\server\scripts\scripts.dir\debug\zone_borean_tundra.obj
f:\dungeoncraft\build\src\server\scripts\scripts.dir\debug\pet_mage.obj
f:\dungeoncraft\build\src\server\scripts\scripts.dir\debug\templatenpc.obj
f:\dungeoncraft\build\src\server\scripts\scripts.dir\debug\spell_paladin.obj
f:\dungeoncraft\build\src\server\scripts\scripts.dir\debug\cs_cheat.obj
f:\dungeoncraft\build\src\server\scripts\scripts.dir\debug\cs_instance.obj
f:\dungeoncraft\build\src\server\scripts\scripts.dir\debug\cs_quest.obj
f:\dungeoncraft\build\src\server\scripts\scripts.dir\debug\genloader.obj
f:\dungeoncraft\build\src\server\scripts\scripts.dir\debug\npc_taxi.obj
f:\dungeoncraft\build\src\server\scripts\scripts.dir\debug\outdoorpvpsi.obj
f:\dungeoncraft\build\src\server\scripts\scripts.dir\debug\instance_blackrock_depths.obj
f:\dungeoncraft\build\src\server\scripts\scripts.dir\debug\boss_drakkisath.obj
f:\dungeoncraft\build\src\server\scripts\scripts.dir\debug\instance_blackrock_spire.obj
f:\dungeoncraft\build\src\server\scripts\scripts.dir\debug\zone_isle_of_queldanas.obj
f:\dungeoncraft\build\src\server\scripts\scripts.dir\debug\boss_wushoolay.obj
f:\dungeoncraft\build\src\server\scripts\scripts.dir\debug\zone_tirisfal_glades.obj
f:\dungeoncraft\build\src\server\scripts\scripts.dir\debug\zone_swamp_of_sorrows.obj
f:\dungeoncraft\build\src\server\scripts\scripts.dir\debug\zone_duskwood.obj
f:\dungeoncraft\build\src\server\scripts\scripts.dir\debug\boss_janalai.obj
f:\dungeoncraft\build\src\server\scripts\scripts.dir\debug\boss_shade_of_aran.obj
f:\dungeoncraft\build\src\server\scripts\scripts.dir\debug\boss_servant_quarters.obj
f:\dungeoncraft\build\src\server\scripts\scripts.dir\debug\boss_captain_skarloc.obj
f:\dungeoncraft\build\src\server\scripts\scripts.dir\debug\boss_azgalor.obj
f:\dungeoncraft\build\src\server\scripts\scripts.dir\debug\the_black_morass.obj
f:\dungeoncraft\build\src\server\scripts\scripts.dir\debug\boss_sartura.obj
f:\dungeoncraft\build\src\server\scripts\scripts.dir\debug\boss_kurinnaxx.obj
f:\dungeoncraft\build\src\server\scripts\scripts.dir\debug\zone_ashenvale.obj
f:\dungeoncraft\build\src\server\scripts\scripts.dir\debug\boss_warchief_kargath_bladefist.obj
f:\dungeoncraft\build\src\server\scripts\scripts.dir\debug\boss_warlord_kalithresh.obj
f:\dungeoncraft\build\src\server\scripts\scripts.dir\debug\boss_ahune.obj
f:\dungeoncraft\build\src\server\scripts\scripts.dir\debug\instance_arcatraz.obj
f:\dungeoncraft\build\src\server\scripts\scripts.dir\debug\boss_grandmaster_vorpil.obj
f:\dungeoncraft\build\src\server\scripts\scripts.dir\debug\zone_terokkar_forest.obj
f:\dungeoncraft\build\src\server\scripts\scripts.dir\debug\boss_bjarngrim.obj
f:\dungeoncraft\build\src\server\scripts\scripts.dir\debug\boss_assembly_of_iron.obj
f:\dungeoncraft\build\src\server\scripts\scripts.dir\debug\boss_maiden_of_grief.obj
f:\dungeoncraft\build\src\server\scripts\scripts.dir\debug\instance_ruby_sanctum.obj
f:\dungeoncraft\build\src\server\scripts\scripts.dir\debug\forge_of_souls.obj
f:\dungeoncraft\build\src\server\scripts\scripts.dir\debug\boss_ormorok.obj
f:\dungeoncraft\build\src\server\scripts\scripts.dir\debug\boss_grand_champions.obj
f:\dungeoncraft\build\src\server\scripts\scripts.dir\debug\boss_kelthuzad.obj
f:\dungeoncraft\build\src\server\scripts\scripts.dir\debug\zone_sholazar_basin.obj
f:\dungeoncraft\build\src\server\scripts\scripts.dir\debug\instance_violet_hold.obj
f:\dungeoncraft\build\src\server\scripts\scripts.dir\debug\boss_professor_putricide.obj
f:\dungeoncraft\build\src\server\scripts\scripts.dir\debug\boss_drakkari_colossus.obj
f:\dungeoncraft\build\src\server\scripts\scripts.dir\debug\instance_drak_tharon_keep.obj
f:\dungeoncraft\build\src\server\scripts\scripts.dir\debug\love_in_air.obj
f:\dungeoncraft\build\src\server\scripts\scripts.dir\debug\spell_item.obj
f:\dungeoncraft\build\src\server\scripts\scripts.dir\debug\cs_go.obj
f:\dungeoncraft\build\src\server\scripts\scripts.dir\debug\cs_spectator.obj
f:\dungeoncraft\build\src\server\scripts\scripts.dir\debug\guards.obj
f:\dungeoncraft\build\src\server\scripts\scripts.dir\debug\outdoorpvphp.obj
f:\dungeoncraft\build\src\server\scripts\scripts.dir\debug\boss_tomb_of_seven.obj
f:\dungeoncraft\build\src\server\scripts\scripts.dir\debug\boss_firemaw.obj
f:\dungeoncraft\build\src\server\scripts\scripts.dir\debug\boss_quartermaster_zigris.obj
f:\dungeoncraft\build\src\server\scripts\scripts.dir\debug\boss_urok_doomhowl.obj
f:\dungeoncraft\build\src\server\scripts\scripts.dir\debug\boss_sulfuron_harbinger.obj
f:\dungeoncraft\build\src\server\scripts\scripts.dir\debug\boss_jeklik.obj
f:\dungeoncraft\build\src\server\scripts\scripts.dir\debug\instance_gnomeregan.obj
f:\dungeoncraft\build\src\server\scripts\scripts.dir\debug\boss_felblood_kaelthas.obj
f:\dungeoncraft\build\src\server\scripts\scripts.dir\debug\boss_kalecgos.obj
f:\dungeoncraft\build\src\server\scripts\scripts.dir\debug\boss_zuljin.obj
f:\dungeoncraft\build\src\server\scripts\scripts.dir\debug\zone_western_plaguelands.obj
f:\dungeoncraft\build\src\server\scripts\scripts.dir\debug\boss_epoch_hunter.obj
f:\dungeoncraft\build\src\server\scripts\scripts.dir\debug\hyjalai.obj
f:\dungeoncraft\build\src\server\scripts\scripts.dir\debug\instance_the_black_morass.obj
f:\dungeoncraft\build\src\server\scripts\scripts.dir\debug\boss_fankriss.obj
f:\dungeoncraft\build\src\server\scripts\scripts.dir\debug\boss_twinemperors.obj
f:\dungeoncraft\build\src\server\scripts\scripts.dir\debug\boss_moam.obj
f:\dungeoncraft\build\src\server\scripts\scripts.dir\debug\zone_tanaris.obj
f:\dungeoncraft\build\src\server\scripts\scripts.dir\debug\instance_hellfire_ramparts.obj
f:\dungeoncraft\build\src\server\scripts\scripts.dir\debug\instance_steam_vault.obj
f:\dungeoncraft\build\src\server\scripts\scripts.dir\debug\instance_the_slave_pens.obj
f:\dungeoncraft\build\src\server\scripts\scripts.dir\debug\boss_gatewatcher_ironhand.obj
f:\dungeoncraft\build\src\server\scripts\scripts.dir\debug\boss_warp_splinter.obj
f:\dungeoncraft\build\src\server\scripts\scripts.dir\debug\boss_talon_king_ikiss.obj
f:\dungeoncraft\build\src\server\scripts\scripts.dir\debug\boss_teron_gorefiend.obj
f:\dungeoncraft\build\src\server\scripts\scripts.dir\debug\zone_shadowmoon_valley.obj
f:\dungeoncraft\build\src\server\scripts\scripts.dir\debug\boss_yoggsaron.obj
f:\dungeoncraft\build\src\server\scripts\scripts.dir\debug\boss_halion.obj
f:\dungeoncraft\build\src\server\scripts\scripts.dir\debug\oculus.obj
f:\dungeoncraft\build\src\server\scripts\scripts.dir\debug\trial_of_the_champion.obj
f:\dungeoncraft\build\src\server\scripts\scripts.dir\debug\boss_gluth.obj
f:\dungeoncraft\build\src\server\scripts\scripts.dir\debug\instance_vault_of_archavon.obj
f:\dungeoncraft\build\src\server\scripts\scripts.dir\debug\utgarde_keep.obj
f:\dungeoncraft\build\src\server\scripts\scripts.dir\debug\boss_elder_nadox.obj
f:\dungeoncraft\build\src\server\scripts\scripts.dir\debug\instance_icecrown_citadel.obj
f:\dungeoncraft\build\src\server\scripts\scripts.dir\debug\zone_howling_fjord.obj
f:\dungeoncraft\build\src\server\scripts\scripts.dir\debug\winter_veil.obj
f:\dungeoncraft\build\src\server\scripts\scripts.dir\debug\spellregulator.obj
f:\dungeoncraft\build\src\server\scripts\scripts.dir\debug\cfbg_sc.obj
f:\dungeoncraft\build\src\server\scripts\scripts.dir\debug\spell_quest.obj
f:\dungeoncraft\build\src\server\scripts\scripts.dir\debug\cs_character.obj
f:\dungeoncraft\build\src\server\scripts\scripts.dir\debug\cs_mmaps.obj
f:\dungeoncraft\build\src\server\scripts\scripts.dir\debug\cs_reset.obj
f:\dungeoncraft\build\src\server\scripts\scripts.dir\debug\scriptloader.obj
f:\dungeoncraft\build\src\server\scripts\scripts.dir\debug\achievement_scripts.obj
f:\dungeoncraft\build\src\server\scripts\scripts.dir\debug\mob_generic_creature.obj
f:\dungeoncraft\build\src\server\scripts\scripts.dir\debug\action_ip_logger.obj
f:\dungeoncraft\build\src\server\scripts\scripts.dir\debug\boss_moira_bronzebeard.obj
f:\dungeoncraft\build\src\server\scripts\scripts.dir\debug\boss_vaelastrasz.obj
f:\dungeoncraft\build\src\server\scripts\scripts.dir\debug\boss_shadow_hunter_voshgajin.obj
f:\dungeoncraft\build\src\server\scripts\scripts.dir\debug\boss_lucifron.obj
f:\dungeoncraft\build\src\server\scripts\scripts.dir\debug\instance_scholomance.obj
f:\dungeoncraft\build\src\server\scripts\scripts.dir\debug\zone_redridge_mountains.obj
f:\dungeoncraft\build\src\server\scripts\scripts.dir\debug\boss_priestess_delrissa.obj
f:\dungeoncraft\build\src\server\scripts\scripts.dir\debug\instance_sunwell_plateau.obj
f:\dungeoncraft\build\src\server\scripts\scripts.dir\debug\zone_stormwind_city.obj
f:\dungeoncraft\build\src\server\scripts\scripts.dir\debug\zone_silverpine_forest.obj
f:\dungeoncraft\build\src\server\scripts\scripts.dir\debug\zone_stonetalon_mountains.obj
f:\dungeoncraft\build\src\server\scripts\scripts.dir\debug\hyjal_trash.obj
f:\dungeoncraft\build\src\server\scripts\scripts.dir\debug\boss_epoch.obj
f:\dungeoncraft\build\src\server\scripts\scripts.dir\debug\zone_feralas.obj
f:\dungeoncraft\build\src\server\scripts\scripts.dir\debug\boss_rajaxx.obj
f:\dungeoncraft\build\src\server\scripts\scripts.dir\debug\instance_wailing_caverns.obj
f:\dungeoncraft\build\src\server\scripts\scripts.dir\debug\instance_onyxias_lair.obj
f:\dungeoncraft\build\src\server\scripts\scripts.dir\debug\instance_blood_furnace.obj
f:\dungeoncraft\build\src\server\scripts\scripts.dir\debug\boss_morogrim_tidewalker.obj
f:\dungeoncraft\build\src\server\scripts\scripts.dir\debug\boss_gatewatcher_gyrokill.obj
f:\dungeoncraft\build\src\server\scripts\scripts.dir\debug\boss_kaelthas.obj
f:\dungeoncraft\build\src\server\scripts\scripts.dir\debug\instance_mana_tombs.obj
f:\dungeoncraft\build\src\server\scripts\scripts.dir\debug\illidari_council.obj
f:\dungeoncraft\build\src\server\scripts\scripts.dir\debug\isle_of_conquest.obj
f:\dungeoncraft\build\src\server\scripts\scripts.dir\debug\instance_ulduar.obj
f:\dungeoncraft\build\src\server\scripts\scripts.dir\debug\instance_obsidian_sanctum.obj
f:\dungeoncraft\build\src\server\scripts\scripts.dir\debug\boss_krickandick.obj
f:\dungeoncraft\build\src\server\scripts\scripts.dir\debug\boss_eregos.obj
f:\dungeoncraft\build\src\server\scripts\scripts.dir\debug\boss_anomalus.obj
f:\dungeoncraft\build\src\server\scripts\scripts.dir\debug\trial_of_the_crusader.obj
f:\dungeoncraft\build\src\server\scripts\scripts.dir\debug\boss_loatheb.obj
f:\dungeoncraft\build\src\server\scripts\scripts.dir\debug\instance_naxxramas.obj
f:\dungeoncraft\build\src\server\scripts\scripts.dir\debug\boss_ymiron.obj
f:\dungeoncraft\build\src\server\scripts\scripts.dir\debug\boss_keleseth.obj
f:\dungeoncraft\build\src\server\scripts\scripts.dir\debug\boss_prince_taldaram.obj
f:\dungeoncraft\build\src\server\scripts\scripts.dir\debug\boss_lavanthor.obj
f:\dungeoncraft\build\src\server\scripts\scripts.dir\debug\icecrown_citadel_teleport.obj
f:\dungeoncraft\build\src\server\scripts\scripts.dir\debug\boss_blood_queen_lana_thel.obj
f:\dungeoncraft\build\src\server\scripts\scripts.dir\debug\boss_slad_ran.obj
f:\dungeoncraft\build\src\server\scripts\scripts.dir\debug\boss_moorabi.obj
f:\dungeoncraft\build\src\server\scripts\scripts.dir\debug\boss_tharon_ja.obj
f:\dungeoncraft\build\src\server\scripts\scripts.dir\debug\pet_shaman.obj
f:\dungeoncraft\build\src\server\scripts\scripts.dir\debug\learn_highest_talent_rank.obj
f:\dungeoncraft\build\src\server\scripts\scripts.dir\debug\auctionhousebotscript.obj
f:\dungeoncraft\build\src\server\scripts\scripts.dir\debug\spell_druid.obj
f:\dungeoncraft\build\src\server\scripts\scripts.dir\debug\cs_arena.obj
f:\dungeoncraft\build\src\server\scripts\scripts.dir\debug\cs_event.obj
f:\dungeoncraft\build\src\server\scripts\scripts.dir\debug\cs_lfg.obj
f:\dungeoncraft\build\src\server\scripts\scripts.dir\debug\cs_titles.obj
f:\dungeoncraft\build\src\server\scripts\scripts.dir\debug\scriptedescortai.obj
f:\dungeoncraft\build\src\server\scripts\scripts.dir\debug\outdoorpvpgh.obj
f:\dungeoncraft\build\src\server\scripts\scripts.dir\debug\blackrock_depths.obj
f:\dungeoncraft\build\src\server\scripts\scripts.dir\debug\boss_pyroguard_emberseer.obj
f:\dungeoncraft\build\src\server\scripts\scripts.dir\debug\boss_lord_valthalak.obj
f:\dungeoncraft\build\src\server\scripts\scripts.dir\debug\boss_shazzrah.obj
f:\dungeoncraft\build\src\server\scripts\scripts.dir\debug\instance_zulgurub.obj
f:\dungeoncraft\build\src\server\scripts\scripts.dir\debug\chapter1.obj
f:\dungeoncraft\build\src\server\scripts\scripts.dir\debug\zone_undercity.obj
f:\dungeoncraft\build\src\server\scripts\scripts.dir\debug\karazhan.obj
f:\dungeoncraft\build\src\server\scripts\scripts.dir\debug\instance_razorfen_downs.obj
f:\dungeoncraft\build\src\server\scripts\scripts.dir\debug\boss_kazrogal.obj
f:\dungeoncraft\build\src\server\scripts\scripts.dir\debug\culling_of_stratholme.obj
f:\dungeoncraft\build\src\server\scripts\scripts.dir\debug\boss_huhuran.obj
f:\dungeoncraft\build\src\server\scripts\scripts.dir\debug\boss_cthun.obj
f:\dungeoncraft\build\src\server\scripts\scripts.dir\debug\zone_the_barrens.obj
f:\dungeoncraft\build\src\server\scripts\scripts.dir\debug\zone_nagrand.obj
f:\dungeoncraft\build\src\server\scripts\scripts.dir\debug\boss_nethekurse.obj
f:\dungeoncraft\build\src\server\scripts\scripts.dir\debug\boss_the_black_stalker.obj
f:\dungeoncraft\build\src\server\scripts\scripts.dir\debug\instance_mechanar.obj
f:\dungeoncraft\build\src\server\scripts\scripts.dir\debug\boss_thorngrin_the_tender.obj
f:\dungeoncraft\build\src\server\scripts\scripts.dir\debug\boss_shirrak_the_dead_watcher.obj
f:\dungeoncraft\build\src\server\scripts\scripts.dir\debug\boss_doomwalker.obj
f:\dungeoncraft\build\src\server\scripts\scripts.dir\debug\zone_hellfire_peninsula.obj
f:\dungeoncraft\build\src\server\scripts\scripts.dir\debug\boss_gruul.obj
f:\dungeoncraft\build\src\server\scripts\scripts.dir\debug\boss_algalon_the_observer.obj
f:\dungeoncraft\build\src\server\scripts\scripts.dir\debug\brann_bronzebeard.obj
f:\dungeoncraft\build\src\server\scripts\scripts.dir\debug\boss_bronjahm.obj
f:\dungeoncraft\build\src\server\scripts\scripts.dir\debug\instance_oculus.obj
f:\dungeoncraft\build\src\server\scripts\scripts.dir\debug\boss_twin_valkyr.obj
f:\dungeoncraft\build\src\server\scripts\scripts.dir\debug\boss_gothik.obj
f:\dungeoncraft\build\src\server\scripts\scripts.dir\debug\boss_archavon.obj
f:\dungeoncraft\build\src\server\scripts\scripts.dir\debug\boss_ingvar_the_plunderer.obj
f:\dungeoncraft\build\src\server\scripts\scripts.dir\debug\zone_dragonblight.obj
f:\dungeoncraft\build\src\server\scripts\scripts.dir\debug\boss_festergut.obj
f:\dungeoncraft\build\src\server\scripts\scripts.dir\debug\boss_sindragosa.obj
f:\dungeoncraft\build\src\server\scripts\scripts.dir\debug\boss_trollgore.obj
f:\dungeoncraft\build\src\server\scripts\scripts.dir\debug\pet_generic.obj
f:\dungeoncraft\build\src\server\scripts\scripts.dir\debug\spell_dk.obj
f:\dungeoncraft\build\src\server\scripts\scripts.dir\debug\cs_deserter.obj
f:\dungeoncraft\build\src\server\scripts\scripts.dir\debug\cs_gobject.obj
f:\dungeoncraft\build\src\server\scripts\scripts.dir\debug\scriptedcreature.obj
f:\dungeoncraft\build\src\server\scripts\scripts.dir\debug\character_creation.obj
f:\dungeoncraft\build\src\server\scripts\scripts.dir\debug\boss_galvangar.obj
f:\dungeoncraft\build\src\server\scripts\scripts.dir\debug\boss_drekthar.obj
f:\dungeoncraft\build\src\server\scripts\scripts.dir\debug\alterac_valley.obj
f:\dungeoncraft\build\src\server\scripts\scripts.dir\debug\boss_broodlord_lashlayer.obj
f:\dungeoncraft\build\src\server\scripts\scripts.dir\debug\boss_overlord_wyrmthalak.obj
f:\dungeoncraft\build\src\server\scripts\scripts.dir\debug\boss_golemagg.obj
f:\dungeoncraft\build\src\server\scripts\scripts.dir\debug\boss_marli.obj
f:\dungeoncraft\build\src\server\scripts\scripts.dir\debug\boss_gahzranka.obj
f:\dungeoncraft\build\src\server\scripts\scripts.dir\debug\zone_ironforge.obj
f:\dungeoncraft\build\src\server\scripts\scripts.dir\debug\instance_sunken_temple.obj
f:\dungeoncraft\build\src\server\scripts\scripts.dir\debug\zone_stranglethorn_vale.obj
f:\dungeoncraft\build\src\server\scripts\scripts.dir\debug\instance_shadowfang_keep.obj
f:\dungeoncraft\build\src\server\scripts\scripts.dir\debug\zone_alterac_mountains.obj
f:\dungeoncraft\build\src\server\scripts\scripts.dir\debug\boss_prince_malchezaar.obj
f:\dungeoncraft\build\src\server\scripts\scripts.dir\debug\razorfen_downs.obj
f:\dungeoncraft\build\src\server\scripts\scripts.dir\debug\instance_hyjal.obj
f:\dungeoncraft\build\src\server\scripts\scripts.dir\debug\instance_culling_of_stratholme.obj
f:\dungeoncraft\build\src\server\scripts\scripts.dir\debug\boss_skeram.obj
f:\dungeoncraft\build\src\server\scripts\scripts.dir\debug\zone_thunder_bluff.obj
f:\dungeoncraft\build\src\server\scripts\scripts.dir\debug\zone_winterspring.obj
f:\dungeoncraft\build\src\server\scripts\scripts.dir\debug\boss_magtheridon.obj
f:\dungeoncraft\build\src\server\scripts\scripts.dir\debug\boss_hydromancer_thespia.obj
f:\dungeoncraft\build\src\server\scripts\scripts.dir\debug\instance_the_underbog.obj
f:\dungeoncraft\build\src\server\scripts\scripts.dir\debug\boss_nethermancer_sepethrea.obj
f:\dungeoncraft\build\src\server\scripts\scripts.dir\debug\boss_commander_sarannis.obj
f:\dungeoncraft\build\src\server\scripts\scripts.dir\debug\instance_sethekk_halls.obj
f:\dungeoncraft\build\src\server\scripts\scripts.dir\debug\boss_warlord_najentus.obj
f:\dungeoncraft\build\src\server\scripts\scripts.dir\debug\instance_gruuls_lair.obj
f:\dungeoncraft\build\src\server\scripts\scripts.dir\debug\ulduar.obj
f:\dungeoncraft\build\src\server\scripts\scripts.dir\debug\boss_mimiron.obj
f:\dungeoncraft\build\src\server\scripts\scripts.dir\debug\boss_general_zarithrian.obj
f:\dungeoncraft\build\src\server\scripts\scripts.dir\debug\instance_forge_of_souls.obj
f:\dungeoncraft\build\src\server\scripts\scripts.dir\debug\instance_nexus.obj
f:\dungeoncraft\build\src\server\scripts\scripts.dir\debug\instance_trial_of_the_crusader.obj
f:\dungeoncraft\build\src\server\scripts\scripts.dir\debug\boss_heigan.obj
f:\dungeoncraft\build\src\server\scripts\scripts.dir\debug\boss_koralon.obj
f:\dungeoncraft\build\src\server\scripts\scripts.dir\debug\zone_grizzly_hills.obj
f:\dungeoncraft\build\src\server\scripts\scripts.dir\debug\boss_blood_prince_council.obj
f:\dungeoncraft\build\src\server\scripts\scripts.dir\debug\instance_gundrak.obj
f:\dungeoncraft\build\src\server\scripts\scripts.dir\debug\boss_eck.obj
f:\dungeoncraft\build\src\server\scripts\scripts.dir\debug\boss_dred.obj
f:\dungeoncraft\build\src\server\scripts\scripts.dir\debug\midsummer.obj
f:\dungeoncraft\build\src\server\scripts\scripts.dir\debug\npc_buffer.obj
f:\dungeoncraft\build\src\server\scripts\scripts.dir\debug\spell_generic.obj
f:\dungeoncraft\build\src\server\scripts\scripts.dir\debug\cs_npc.obj
f:\dungeoncraft\build\src\server\scripts\scripts.dir\debug\areatrigger_scripts.obj
f:\dungeoncraft\build\src\server\scripts\scripts.dir\debug\npc_professions.obj
f:\dungeoncraft\build\src\server\scripts\scripts.dir\debug\outdoorpvpep.obj
f:\dungeoncraft\build\src\server\scripts\scripts.dir\debug\boss_anubshiah.obj
f:\dungeoncraft\build\src\server\scripts\scripts.dir\debug\boss_ebonroc.obj
f:\dungeoncraft\build\src\server\scripts\scripts.dir\debug\boss_warmaster_voone.obj
f:\dungeoncraft\build\src\server\scripts\scripts.dir\debug\boss_majordomo_executus.obj
f:\dungeoncraft\build\src\server\scripts\scripts.dir\debug\boss_mandokir.obj
f:\dungeoncraft\build\src\server\scripts\scripts.dir\debug\boss_thekal.obj
f:\dungeoncraft\build\src\server\scripts\scripts.dir\debug\instance_stratholme.obj
f:\dungeoncraft\build\src\server\scripts\scripts.dir\debug\boss_kiljaeden.obj
f:\dungeoncraft\build\src\server\scripts\scripts.dir\debug\zone_hinterlands.obj
f:\dungeoncraft\build\src\server\scripts\scripts.dir\debug\boss_midnight.obj
f:\dungeoncraft\build\src\server\scripts\scripts.dir\debug\instance_zulfarrak.obj
f:\dungeoncraft\build\src\server\scripts\scripts.dir\debug\boss_salramm.obj
f:\dungeoncraft\build\src\server\scripts\scripts.dir\debug\instance_maraudon.obj
f:\dungeoncraft\build\src\server\scripts\scripts.dir\debug\boss_ouro.obj
f:\dungeoncraft\build\src\server\scripts\scripts.dir\debug\zone_mulgore.obj
f:\dungeoncraft\build\src\server\scripts\scripts.dir\debug\zone_felwood.obj
f:\dungeoncraft\build\src\server\scripts\scripts.dir\debug\instance_ragefire_chasm.obj
f:\dungeoncraft\build\src\server\scripts\scripts.dir\debug\boss_watchkeeper_gargolmar.obj
f:\dungeoncraft\build\src\server\scripts\scripts.dir\debug\instance_shattered_halls.obj
f:\dungeoncraft\build\src\server\scripts\scripts.dir\debug\boss_pathaleon_the_calculator.obj
f:\dungeoncraft\build\src\server\scripts\scripts.dir\debug\instance_the_botanica.obj
f:\dungeoncraft\build\src\server\scripts\scripts.dir\debug\boss_murmur.obj
f:\dungeoncraft\build\src\server\scripts\scripts.dir\debug\boss_reliquary_of_souls.obj
f:\dungeoncraft\build\src\server\scripts\scripts.dir\debug\boss_volkhan.obj
f:\dungeoncraft\build\src\server\scripts\scripts.dir\debug\boss_hodir.obj
f:\dungeoncraft\build\src\server\scripts\scripts.dir\debug\boss_baltharus_the_warborn.obj
f:\dungeoncraft\build\src\server\scripts\scripts.dir\debug\pit_of_saron.obj
f:\dungeoncraft\build\src\server\scripts\scripts.dir\debug\instance_trial_of_the_champion.obj
f:\dungeoncraft\build\src\server\scripts\scripts.dir\debug\boss_noth.obj
f:\dungeoncraft\build\src\server\scripts\scripts.dir\debug\boss_skadi.obj
f:\dungeoncraft\build\src\server\scripts\scripts.dir\debug\boss_anubarak.obj
f:\dungeoncraft\build\src\server\scripts\scripts.dir\debug\boss_cyanigosa.obj
f:\dungeoncraft\build\src\server\scripts\scripts.dir\debug\boss_icecrown_gunship_battle.obj
f:\dungeoncraft\build\src\server\scripts\scripts.dir\debug\zone_dalaran.obj
f:\dungeoncraft\build\src\server\scripts\scripts.dir\debug\pet_dk.obj
f:\dungeoncraft\build\src\server\scripts\scripts.dir\debug\cs_ah_bot.obj
f:\dungeoncraft\build\src\server\scripts\scripts.dir\debug\spell_warlock.obj
f:\dungeoncraft\build\src\server\scripts\scripts.dir\debug\cs_ban.obj
f:\dungeoncraft\build\src\server\scripts\scripts.dir\debug\cs_lookup.obj
f:\dungeoncraft\build\src\server\scripts\scripts.dir\debug\cs_ticket.obj
f:\dungeoncraft\build\src\server\scripts\scripts.dir\debug\scriptedfollowerai.obj
f:\dungeoncraft\build\src\server\scripts\scripts.dir\debug\npc_innkeeper.obj
f:\dungeoncraft\build\src\server\scripts\scripts.dir\debug\outdoorpvptf.obj
f:\dungeoncraft\build\src\server\scripts\scripts.dir\debug\boss_general_angerforge.obj
f:\dungeoncraft\build\src\server\scripts\scripts.dir\debug\boss_chromaggus.obj
f:\dungeoncraft\build\src\server\scripts\scripts.dir\debug\boss_halycon.obj
f:\dungeoncraft\build\src\server\scripts\scripts.dir\debug\boss_gizrul_the_slavener.obj
f:\dungeoncraft\build\src\server\scripts\scripts.dir\debug\boss_magmadar.obj
f:\dungeoncraft\build\src\server\scripts\scripts.dir\debug\boss_renataki.obj
f:\dungeoncraft\build\src\server\scripts\scripts.dir\debug\chapter2.obj
f:\dungeoncraft\build\src\server\scripts\scripts.dir\debug\boss_eredar_twins.obj
f:\dungeoncraft\build\src\server\scripts\scripts.dir\debug\instance_scarlet_monastery.obj
f:\dungeoncraft\build\src\server\scripts\scripts.dir\debug\boss_maiden_of_virtue.obj
f:\dungeoncraft\build\src\server\scripts\scripts.dir\debug\zone_moonglade.obj
f:\dungeoncraft\build\src\server\scripts\scripts.dir\debug\boss_infinite.obj
f:\dungeoncraft\build\src\server\scripts\scripts.dir\debug\zone_orgrimmar.obj
f:\dungeoncraft\build\src\server\scripts\scripts.dir\debug\boss_viscidus.obj
f:\dungeoncraft\build\src\server\scripts\scripts.dir\debug\instance_ruins_of_ahnqiraj.obj
f:\dungeoncraft\build\src\server\scripts\scripts.dir\debug\zone_durotar.obj
f:\dungeoncraft\build\src\server\scripts\scripts.dir\debug\instance_magtheridons_lair.obj
f:\dungeoncraft\build\src\server\scripts\scripts.dir\debug\boss_leotheras_the_blind.obj
f:\dungeoncraft\build\src\server\scripts\scripts.dir\debug\instance_the_eye.obj
f:\dungeoncraft\build\src\server\scripts\scripts.dir\debug\boss_laj.obj
f:\dungeoncraft\build\src\server\scripts\scripts.dir\debug\boss_exarch_maladaar.obj
f:\dungeoncraft\build\src\server\scripts\scripts.dir\debug\boss_doomlord_kazzak.obj
f:\dungeoncraft\build\src\server\scripts\scripts.dir\debug\zone_blades_edge_mountains.obj
f:\dungeoncraft\build\src\server\scripts\scripts.dir\debug\boss_loken.obj
f:\dungeoncraft\build\src\server\scripts\scripts.dir\debug\boss_razorscale.obj
f:\dungeoncraft\build\src\server\scripts\scripts.dir\debug\boss_saviana_ragefire.obj
f:\dungeoncraft\build\src\server\scripts\scripts.dir\debug\boss_scourgelord_tyrannus.obj
f:\dungeoncraft\build\src\server\scripts\scripts.dir\debug\boss_drakos.obj
f:\dungeoncraft\build\src\server\scripts\scripts.dir\debug\boss_anubarak_trial.obj
f:\dungeoncraft\build\src\server\scripts\scripts.dir\debug\boss_anubrekhan.obj
f:\dungeoncraft\build\src\server\scripts\scripts.dir\debug\boss_sapphiron.obj
f:\dungeoncraft\build\src\server\scripts\scripts.dir\debug\instance_utgarde_pinnacle.obj
f:\dungeoncraft\build\src\server\scripts\scripts.dir\debug\instance_utgarde_keep.obj
f:\dungeoncraft\build\src\server\scripts\scripts.dir\debug\boss_jedoga_shadowseeker.obj
f:\dungeoncraft\build\src\server\scripts\scripts.dir\debug\boss_zuramat.obj
f:\dungeoncraft\build\src\server\scripts\scripts.dir\debug\icecrown_citadel.obj
f:\dungeoncraft\build\src\server\scripts\scripts.dir\debug\hallows_end.obj
f:\dungeoncraft\build\src\server\scripts\scripts.dir\debug\spell_rogue.obj
f:\dungeoncraft\build\src\server\scripts\scripts.dir\debug\cs_achievement.obj
f:\dungeoncraft\build\src\server\scripts\scripts.dir\debug\cs_disable.obj
f:\dungeoncraft\build\src\server\scripts\scripts.dir\debug\cs_list.obj
f:\dungeoncraft\build\src\server\scripts\scripts.dir\debug\cs_wp.obj
f:\dungeoncraft\build\src\server\scripts\scripts.dir\debug\go_scripts.obj
f:\dungeoncraft\build\src\server\scripts\scripts.dir\debug\zone_ghostlands.obj
f:\dungeoncraft\build\src\server\scripts\scripts.dir\debug\boss_high_interrogator_gerstahn.obj
f:\dungeoncraft\build\src\server\scripts\scripts.dir\debug\boss_emperor_dagran_thaurissan.obj
f:\dungeoncraft\build\src\server\scripts\scripts.dir\debug\boss_nefarian.obj
f:\dungeoncraft\build\src\server\scripts\scripts.dir\debug\boss_the_beast.obj
f:\dungeoncraft\build\src\server\scripts\scripts.dir\debug\instance_molten_core.obj
f:\dungeoncraft\build\src\server\scripts\scripts.dir\debug\boss_jindo.obj
f:\dungeoncraft\build\src\server\scripts\scripts.dir\debug\zone_eastern_plaguelands.obj
f:\dungeoncraft\build\src\server\scripts\scripts.dir\debug\boss_vexallus.obj
f:\dungeoncraft\build\src\server\scripts\scripts.dir\debug\boss_muru.obj
f:\dungeoncraft\build\src\server\scripts\scripts.dir\debug\zone_burning_steppes.obj
f:\dungeoncraft\build\src\server\scripts\scripts.dir\debug\instance_zulaman.obj
f:\dungeoncraft\build\src\server\scripts\scripts.dir\debug\instance_karazhan.obj
f:\dungeoncraft\build\src\server\scripts\scripts.dir\debug\boss_terestian_illhoof.obj
f:\dungeoncraft\build\src\server\scripts\scripts.dir\debug\boss_archimonde.obj
f:\dungeoncraft\build\src\server\scripts\scripts.dir\debug\boss_meathook.obj
f:\dungeoncraft\build\src\server\scripts\scripts.dir\debug\boss_temporus.obj
f:\dungeoncraft\build\src\server\scripts\scripts.dir\debug\mob_anubisath_sentinel.obj
f:\dungeoncraft\build\src\server\scripts\scripts.dir\debug\zone_darkshore.obj
f:\dungeoncraft\build\src\server\scripts\scripts.dir\debug\instance_razorfen_kraul.obj
f:\dungeoncraft\build\src\server\scripts\scripts.dir\debug\instance_dire_maul.obj
f:\dungeoncraft\build\src\server\scripts\scripts.dir\debug\boss_vazruden_the_herald.obj
f:\dungeoncraft\build\src\server\scripts\scripts.dir\debug\boss_hydross_the_unstable.obj
f:\dungeoncraft\build\src\server\scripts\scripts.dir\debug\zone_shattrath_city.obj
f:\dungeoncraft\build\src\server\scripts\scripts.dir\debug\boss_zereketh_the_unbound.obj
f:\dungeoncraft\build\src\server\scripts\scripts.dir\debug\boss_nexusprince_shaffar.obj
f:\dungeoncraft\build\src\server\scripts\scripts.dir\debug\boss_shade_of_akama.obj
f:\dungeoncraft\build\src\server\scripts\scripts.dir\debug\boss_high_king_maulgar.obj
f:\dungeoncraft\build\src\server\scripts\scripts.dir\debug\zone_storm_peaks.obj
f:\dungeoncraft\build\src\server\scripts\scripts.dir\debug\boss_flame_leviathan.obj
f:\dungeoncraft\build\src\server\scripts\scripts.dir\debug\boss_marwyn.obj
f:\dungeoncraft\build\src\server\scripts\scripts.dir\debug\boss_devourer_of_souls.obj
f:\dungeoncraft\build\src\server\scripts\scripts.dir\debug\boss_commander_stoutbeard_kolurg.obj
f:\dungeoncraft\build\src\server\scripts\scripts.dir\debug\boss_faction_champions.obj
f:\dungeoncraft\build\src\server\scripts\scripts.dir\debug\boss_patchwerk.obj
f:\dungeoncraft\build\src\server\scripts\scripts.dir\debug\boss_thaddius.obj
f:\dungeoncraft\build\src\server\scripts\scripts.dir\debug\boss_palehoof.obj
f:\dungeoncraft\build\src\server\scripts\scripts.dir\debug\boss_hadronox.obj
f:\dungeoncraft\build\src\server\scripts\scripts.dir\debug\boss_moragg.obj
f:\dungeoncraft\build\src\server\scripts\scripts.dir\debug\boss_deathbringer_saurfang.obj
f:\dungeoncraft\build\src\server\scripts\scripts.dir\debug\zone_wintergrasp.obj
f:\dungeoncraft\build\src\server\scripts\scripts.dir\debug\boss_novos.obj
f:\dungeoncraft\build\src\server\scripts\scripts.dir\debug\pet_priest.obj
f:\dungeoncraft\build\src\server\scripts\scripts.dir\debug\professionnpc.obj
f:\dungeoncraft\build\src\server\scripts\scripts.dir\debug\auctionhousebot.obj
f:\dungeoncraft\build\src\server\scripts\scripts.dir\debug\spell_warrior.obj
f:\dungeoncraft\build\src\server\scripts\scripts.dir\debug\cs_account.obj
f:\dungeoncraft\build\src\server\scripts\scripts.dir\debug\cs_gm.obj
f:\dungeoncraft\build\src\server\scripts\scripts.dir\debug\cs_guild.obj
f:\dungeoncraft\build\src\server\scripts\scripts.dir\debug\cs_reload.obj
f:\dungeoncraft\build\src\server\scripts\scripts.dir\debug\zone_eversong_woods.obj
f:\dungeoncraft\build\src\server\scripts\scripts.dir\debug\boss_balinda.obj
f:\dungeoncraft\build\src\server\scripts\scripts.dir\debug\boss_vanndar.obj
f:\dungeoncraft\build\src\server\scripts\scripts.dir\debug\boss_grizzle.obj
f:\dungeoncraft\build\src\server\scripts\scripts.dir\debug\boss_razorgore.obj
f:\dungeoncraft\build\src\server\scripts\scripts.dir\debug\boss_rend_blackhand.obj
f:\dungeoncraft\build\src\server\scripts\scripts.dir\debug\boss_ragnaros.obj
f:\dungeoncraft\build\src\server\scripts\scripts.dir\debug\boss_hakkar.obj
f:\dungeoncraft\build\src\server\scripts\scripts.dir\debug\boss_venoxis.obj
f:\dungeoncraft\build\src\server\scripts\scripts.dir\debug\zone_the_scarlet_enclave.obj
f:\dungeoncraft\build\src\server\scripts\scripts.dir\debug\boss_selin_fireheart.obj
f:\dungeoncraft\build\src\server\scripts\scripts.dir\debug\boss_mr_smite.obj
f:\dungeoncraft\build\src\server\scripts\scripts.dir\debug\zone_loch_modan.obj
f:\dungeoncraft\build\src\server\scripts\scripts.dir\debug\boss_hexlord.obj
f:\dungeoncraft\build\src\server\scripts\scripts.dir\debug\zone_westfall.obj
f:\dungeoncraft\build\src\server\scripts\scripts.dir\debug\zone_silithus.obj
f:\dungeoncraft\build\src\server\scripts\scripts.dir\debug\hyjal.obj
f:\dungeoncraft\build\src\server\scripts\scripts.dir\debug\boss_mal_ganis.obj
f:\dungeoncraft\build\src\server\scripts\scripts.dir\debug\zone_desolace.obj
f:\dungeoncraft\build\src\server\scripts\scripts.dir\debug\boss_ossirian.obj
f:\dungeoncraft\build\src\server\scripts\scripts.dir\debug\zone_ungoro_crater.obj
f:\dungeoncraft\build\src\server\scripts\scripts.dir\debug\zone_teldrassil.obj
f:\dungeoncraft\build\src\server\scripts\scripts.dir\debug\boss_kelidan_the_breaker.obj
f:\dungeoncraft\build\src\server\scripts\scripts.dir\debug\boss_fathomlord_karathress.obj
f:\dungeoncraft\build\src\server\scripts\scripts.dir\debug\boss_mechano_lord_capacitus.obj
f:\dungeoncraft\build\src\server\scripts\scripts.dir\debug\boss_high_botanist_freywinn.obj
f:\dungeoncraft\build\src\server\scripts\scripts.dir\debug\arcatraz.obj
f:\dungeoncraft\build\src\server\scripts\scripts.dir\debug\instance_shadow_labyrinth.obj
f:\dungeoncraft\build\src\server\scripts\scripts.dir\debug\boss_supremus.obj
f:\dungeoncraft\build\src\server\scripts\scripts.dir\debug\boss_illidan.obj
f:\dungeoncraft\build\src\server\scripts\scripts.dir\debug\instance_halls_of_lightning.obj
f:\dungeoncraft\build\src\server\scripts\scripts.dir\debug\boss_thorim.obj
f:\dungeoncraft\build\src\server\scripts\scripts.dir\debug\boss_xt002.obj
f:\dungeoncraft\build\src\server\scripts\scripts.dir\debug\boss_sartharion.obj
f:\dungeoncraft\build\src\server\scripts\scripts.dir\debug\boss_forgemaster_garfrost.obj
f:\dungeoncraft\build\src\server\scripts\scripts.dir\debug\boss_varos.obj
f:\dungeoncraft\build\src\server\scripts\scripts.dir\debug\boss_lord_jaraxxus.obj
f:\dungeoncraft\build\src\server\scripts\scripts.dir\debug\boss_maexxna.obj
f:\dungeoncraft\build\src\server\scripts\scripts.dir\debug\boss_razuvious.obj
f:\dungeoncraft\build\src\server\scripts\scripts.dir\debug\boss_toravon.obj
f:\dungeoncraft\build\src\server\scripts\scripts.dir\debug\boss_skarvald_dalronn.obj
f:\dungeoncraft\build\src\server\scripts\scripts.dir\debug\boss_krikthir_the_gatewatcher.obj
f:\dungeoncraft\build\src\server\scripts\scripts.dir\debug\boss_amanitar.obj
f:\dungeoncraft\build\src\server\scripts\scripts.dir\debug\boss_erekem.obj
f:\dungeoncraft\build\src\server\scripts\scripts.dir\debug\boss_rotface.obj
f:\dungeoncraft\build\src\server\scripts\scripts.dir\debug\zone_icecrown.obj
f:\dungeoncraft\build\src\server\scripts\scripts.dir\debug\brewfest.obj
f:\dungeoncraft\build\src\server\scripts\debug\cotire\scripts_cxx_prefix.hxx
f:\dungeoncraft\build\src\server\scripts\cmakefiles\generate.stamp
f:\dungeoncraft\build\src\server\scripts\debug\scripts.lib
f:\dungeoncraft\build\src\server\scripts\scripts.dir\debug\scripts.tlog\cl.command.1.tlog
f:\dungeoncraft\build\src\server\scripts\scripts.dir\debug\scripts.tlog\cl.read.1.tlog
f:\dungeoncraft\build\src\server\scripts\scripts.dir\debug\scripts.tlog\cl.write.1.tlog
f:\dungeoncraft\build\src\server\scripts\scripts.dir\debug\scripts.tlog\custombuild.command.1.tlog
f:\dungeoncraft\build\src\server\scripts\scripts.dir\debug\scripts.tlog\custombuild.read.1.tlog
f:\dungeoncraft\build\src\server\scripts\scripts.dir\debug\scripts.tlog\custombuild.write.1.tlog
f:\dungeoncraft\build\src\server\scripts\scripts.dir\debug\scripts.tlog\lib-link.read.1.tlog
f:\dungeoncraft\build\src\server\scripts\scripts.dir\debug\scripts.tlog\lib-link.write.1.tlog
f:\dungeoncraft\build\src\server\scripts\scripts.dir\debug\scripts.tlog\lib.command.1.tlog
