f:\dungeoncraft\build\src\server\authserver\release\cotire\authserver_cxx_prefix.pch
f:\dungeoncraft\build\src\server\authserver\authserver.dir\release\main.obj
f:\dungeoncraft\build\src\server\authserver\authserver.dir\release\wheatyexceptionreport.obj
f:\dungeoncraft\build\src\server\authserver\authserver.dir\release\totp.obj
f:\dungeoncraft\build\src\server\authserver\authserver.dir\release\authsocket.obj
f:\dungeoncraft\build\src\server\authserver\authserver.dir\release\authcodes.obj
f:\dungeoncraft\build\src\server\authserver\release\cotire\authserver_cxx_prefix.hxx
f:\dungeoncraft\build\src\server\authserver\cmakefiles\generate.stamp
f:\dungeoncraft\build\bin\release\authserver.exe
f:\dungeoncraft\build\src\server\authserver\authserver.dir\release\authserver.res
f:\dungeoncraft\build\src\server\authserver\authserver.dir\release\authserver.tlog\cl.command.1.tlog
f:\dungeoncraft\build\src\server\authserver\authserver.dir\release\authserver.tlog\cl.read.1.tlog
f:\dungeoncraft\build\src\server\authserver\authserver.dir\release\authserver.tlog\cl.write.1.tlog
f:\dungeoncraft\build\src\server\authserver\authserver.dir\release\authserver.tlog\custombuild.command.1.tlog
f:\dungeoncraft\build\src\server\authserver\authserver.dir\release\authserver.tlog\custombuild.read.1.tlog
f:\dungeoncraft\build\src\server\authserver\authserver.dir\release\authserver.tlog\custombuild.write.1.tlog
f:\dungeoncraft\build\src\server\authserver\authserver.dir\release\authserver.tlog\link.command.1.tlog
f:\dungeoncraft\build\src\server\authserver\authserver.dir\release\authserver.tlog\link.read.1.tlog
f:\dungeoncraft\build\src\server\authserver\authserver.dir\release\authserver.tlog\link.write.1.tlog
f:\dungeoncraft\build\src\server\authserver\authserver.dir\release\authserver.tlog\rc.command.1.tlog
f:\dungeoncraft\build\src\server\authserver\authserver.dir\release\authserver.tlog\rc.read.1.tlog
f:\dungeoncraft\build\src\server\authserver\authserver.dir\release\authserver.tlog\rc.write.1.tlog
