f:\dungeoncraft\build\deps\zlib\zlib.dir\release\uncompr.obj
f:\dungeoncraft\build\deps\zlib\zlib.dir\release\adler32.obj
f:\dungeoncraft\build\deps\zlib\zlib.dir\release\deflate.obj
f:\dungeoncraft\build\deps\zlib\zlib.dir\release\crc32.obj
f:\dungeoncraft\build\deps\zlib\zlib.dir\release\trees.obj
f:\dungeoncraft\build\deps\zlib\zlib.dir\release\zutil.obj
f:\dungeoncraft\build\deps\zlib\zlib.dir\release\compress.obj
f:\dungeoncraft\build\deps\zlib\zlib.dir\release\inffast.obj
f:\dungeoncraft\build\deps\zlib\zlib.dir\release\inftrees.obj
f:\dungeoncraft\build\deps\zlib\zlib.dir\release\inflate.obj
f:\dungeoncraft\build\deps\zlib\zlib.dir\release\infback.obj
f:\dungeoncraft\build\deps\zlib\cmakefiles\generate.stamp
f:\dungeoncraft\build\deps\zlib\release\zlib.lib
f:\dungeoncraft\build\deps\zlib\zlib.dir\release\zlib.tlog\cl.10708.write.1.tlog
f:\dungeoncraft\build\deps\zlib\zlib.dir\release\zlib.tlog\cl.command.1.tlog
f:\dungeoncraft\build\deps\zlib\zlib.dir\release\zlib.tlog\cl.read.1.tlog
f:\dungeoncraft\build\deps\zlib\zlib.dir\release\zlib.tlog\custombuild.command.1.tlog
f:\dungeoncraft\build\deps\zlib\zlib.dir\release\zlib.tlog\custombuild.read.1.tlog
f:\dungeoncraft\build\deps\zlib\zlib.dir\release\zlib.tlog\custombuild.write.1.tlog
f:\dungeoncraft\build\deps\zlib\zlib.dir\release\zlib.tlog\lib-link.read.1.tlog
f:\dungeoncraft\build\deps\zlib\zlib.dir\release\zlib.tlog\lib-link.write.1.tlog
f:\dungeoncraft\build\deps\zlib\zlib.dir\release\zlib.tlog\lib.command.1.tlog
