f:\dungeoncraft\build\deps\zlib\zlib.dir\debug\compress.obj
f:\dungeoncraft\build\deps\zlib\zlib.dir\debug\crc32.obj
f:\dungeoncraft\build\deps\zlib\zlib.dir\debug\adler32.obj
f:\dungeoncraft\build\deps\zlib\zlib.dir\debug\inffast.obj
f:\dungeoncraft\build\deps\zlib\zlib.dir\debug\zutil.obj
f:\dungeoncraft\build\deps\zlib\zlib.dir\debug\deflate.obj
f:\dungeoncraft\build\deps\zlib\zlib.dir\debug\uncompr.obj
f:\dungeoncraft\build\deps\zlib\zlib.dir\debug\inftrees.obj
f:\dungeoncraft\build\deps\zlib\zlib.dir\debug\trees.obj
f:\dungeoncraft\build\deps\zlib\zlib.dir\debug\infback.obj
f:\dungeoncraft\build\deps\zlib\zlib.dir\debug\inflate.obj
f:\dungeoncraft\build\deps\zlib\zlib.dir\debug\zlib.pdb
f:\dungeoncraft\build\deps\zlib\cmakefiles\generate.stamp
f:\dungeoncraft\build\deps\zlib\debug\zlib.lib
f:\dungeoncraft\build\deps\zlib\zlib.dir\debug\zlib.tlog\cl.20840.write.1.tlog
f:\dungeoncraft\build\deps\zlib\zlib.dir\debug\zlib.tlog\cl.command.1.tlog
f:\dungeoncraft\build\deps\zlib\zlib.dir\debug\zlib.tlog\cl.read.1.tlog
f:\dungeoncraft\build\deps\zlib\zlib.dir\debug\zlib.tlog\custombuild.command.1.tlog
f:\dungeoncraft\build\deps\zlib\zlib.dir\debug\zlib.tlog\custombuild.read.1.tlog
f:\dungeoncraft\build\deps\zlib\zlib.dir\debug\zlib.tlog\custombuild.write.1.tlog
f:\dungeoncraft\build\deps\zlib\zlib.dir\debug\zlib.tlog\lib-link.read.1.tlog
f:\dungeoncraft\build\deps\zlib\zlib.dir\debug\zlib.tlog\lib-link.write.1.tlog
f:\dungeoncraft\build\deps\zlib\zlib.dir\debug\zlib.tlog\lib.command.1.tlog
