f:\dungeoncraft\build\src\server\worldserver\debug\cotire\worldserver_cxx_prefix.pch
f:\dungeoncraft\build\src\server\worldserver\worldserver.dir\debug\vc142.pdb
f:\dungeoncraft\build\src\server\worldserver\worldserver.dir\debug\main.obj
f:\dungeoncraft\build\src\server\worldserver\worldserver.dir\debug\rarunnable.obj
f:\dungeoncraft\build\src\server\worldserver\worldserver.dir\debug\rasocket.obj
f:\dungeoncraft\build\src\server\worldserver\worldserver.dir\debug\worldrunnable.obj
f:\dungeoncraft\build\src\server\worldserver\worldserver.dir\debug\clirunnable.obj
f:\dungeoncraft\build\src\server\worldserver\worldserver.dir\debug\acsoap.obj
f:\dungeoncraft\build\src\server\worldserver\worldserver.dir\debug\master.obj
f:\dungeoncraft\build\src\server\worldserver\worldserver.dir\debug\wheatyexceptionreport.obj
f:\dungeoncraft\build\src\server\worldserver\debug\cotire\worldserver_cxx_prefix.hxx
f:\dungeoncraft\build\src\server\worldserver\cmakefiles\generate.stamp
f:\dungeoncraft\build\bin\debug\worldserver.exe
f:\dungeoncraft\build\bin\debug\worldserver.ilk
f:\dungeoncraft\build\bin\debug\worldserver.pdb
f:\dungeoncraft\build\src\server\worldserver\worldserver.dir\debug\worldserver.res
f:\dungeoncraft\build\src\server\worldserver\worldserver.dir\debug\worldserver.tlog\cl.command.1.tlog
f:\dungeoncraft\build\src\server\worldserver\worldserver.dir\debug\worldserver.tlog\cl.read.1.tlog
f:\dungeoncraft\build\src\server\worldserver\worldserver.dir\debug\worldserver.tlog\cl.write.1.tlog
f:\dungeoncraft\build\src\server\worldserver\worldserver.dir\debug\worldserver.tlog\custombuild.command.1.tlog
f:\dungeoncraft\build\src\server\worldserver\worldserver.dir\debug\worldserver.tlog\custombuild.read.1.tlog
f:\dungeoncraft\build\src\server\worldserver\worldserver.dir\debug\worldserver.tlog\custombuild.write.1.tlog
f:\dungeoncraft\build\src\server\worldserver\worldserver.dir\debug\worldserver.tlog\link.command.1.tlog
f:\dungeoncraft\build\src\server\worldserver\worldserver.dir\debug\worldserver.tlog\link.read.1.tlog
f:\dungeoncraft\build\src\server\worldserver\worldserver.dir\debug\worldserver.tlog\link.write.1.tlog
f:\dungeoncraft\build\src\server\worldserver\worldserver.dir\debug\worldserver.tlog\rc.command.1.tlog
f:\dungeoncraft\build\src\server\worldserver\worldserver.dir\debug\worldserver.tlog\rc.read.1.tlog
f:\dungeoncraft\build\src\server\worldserver\worldserver.dir\debug\worldserver.tlog\rc.write.1.tlog
