  spell_shaman.cpp
  spell_hunter.cpp
  spell_rogue.cpp
  spell_druid.cpp
  spell_dk.cpp
  spell_quest.cpp
  spell_warrior.cpp
  spell_generic.cpp
  spell_warlock.cpp
  spell_priest.cpp
  spell_mage.cpp
  spell_paladin.cpp
  spell_item.cpp
  PlayerCommand.cpp
  cs_account.cpp
  cs_achievement.cpp
  cs_arena.cpp
  cs_ban.cpp
  cs_bf.cpp
  cs_cast.cpp
  cs_character.cpp
  cs_cheat.cpp
  cs_debug.cpp
  cs_deserter.cpp
  cs_disable.cpp
  cs_event.cpp
  cs_gm.cpp
  cs_go.cpp
  cs_gobject.cpp
  cs_guild.cpp
  cs_honor.cpp
  cs_instance.cpp
  cs_learn.cpp
  cs_lfg.cpp
  cs_list.cpp
  cs_lookup.cpp
  cs_message.cpp
  cs_misc.cpp
  cs_mmaps.cpp
  cs_modify.cpp
  cs_npc.cpp
  cs_quest.cpp
  cs_reload.cpp
  cs_reset.cpp
  cs_server.cpp
  cs_tele.cpp
  cs_ticket.cpp
  cs_titles.cpp
  cs_wp.cpp
  cs_spectator.cpp
  cs_player.cpp
  ScriptLoader.cpp
  GenLoader.cpp
  ScriptedEscortAI.cpp
  ScriptedCreature.cpp
  ScriptedFollowerAI.cpp
  achievement_scripts.cpp
  areatrigger_scripts.cpp
  boss_emerald_dragons.cpp
  chat_log.cpp
  go_scripts.cpp
  guards.cpp
  item_scripts.cpp
  mob_generic_creature.cpp
  npc_innkeeper.cpp
  npc_professions.cpp
  npc_taxi.cpp
  npcs_special.cpp
  character_creation.cpp
  action_ip_logger.cpp
  OutdoorPvPTF.cpp
  OutdoorPvPSI.cpp
  OutdoorPvPZM.cpp
  OutdoorPvPNA.cpp
  OutdoorPvPHP.cpp
  OutdoorPvPEP.cpp
  OutdoorPvPGH.cpp
  zone_ghostlands.cpp
  zone_eversong_woods.cpp
  boss_galvangar.cpp
  boss_balinda.cpp
  boss_drekthar.cpp
  boss_vanndar.cpp
  alterac_valley.cpp
  boss_high_interrogator_gerstahn.cpp
  boss_gorosh_the_dervish.cpp
  blackrock_depths.cpp
  boss_anubshiah.cpp
  boss_tomb_of_seven.cpp
  boss_general_angerforge.cpp
  boss_grizzle.cpp
  boss_ambassador_flamelash.cpp
  instance_blackrock_depths.cpp
  boss_moira_bronzebeard.cpp
  boss_emperor_dagran_thaurissan.cpp
  boss_magmus.cpp
  boss_chromaggus.cpp
  boss_razorgore.cpp
  boss_firemaw.cpp
  boss_broodlord_lashlayer.cpp
  boss_ebonroc.cpp
  instance_blackwing_lair.cpp
  boss_vaelastrasz.cpp
  boss_nefarian.cpp
  boss_flamegor.cpp
  boss_pyroguard_emberseer.cpp
  boss_drakkisath.cpp
  boss_warmaster_voone.cpp
  boss_quartermaster_zigris.cpp
  boss_halycon.cpp
  boss_overlord_wyrmthalak.cpp
  boss_shadow_hunter_voshgajin.cpp
  boss_gyth.cpp
  boss_rend_blackhand.cpp
  boss_highlord_omokk.cpp
  boss_the_beast.cpp
  boss_gizrul_the_slavener.cpp
  boss_urok_doomhowl.cpp
  boss_lord_valthalak.cpp
  instance_blackrock_spire.cpp
  boss_gehennas.cpp
  boss_lucifron.cpp
  boss_golemagg.cpp
  boss_majordomo_executus.cpp
  boss_baron_geddon.cpp
  boss_ragnaros.cpp
  boss_garr.cpp
  instance_molten_core.cpp
  boss_sulfuron_harbinger.cpp
  boss_magmadar.cpp
  boss_shazzrah.cpp
  instance_scholomance.cpp
  boss_kirtonos_the_herald.cpp
  zone_isle_of_queldanas.cpp
  boss_hakkar.cpp
  boss_mandokir.cpp
  boss_marli.cpp
  boss_hazzarah.cpp
  boss_jeklik.cpp
  boss_grilek.cpp
  boss_renataki.cpp
  boss_arlokk.cpp
  boss_gahzranka.cpp
  boss_venoxis.cpp
  instance_zulgurub.cpp
  boss_jindo.cpp
  boss_wushoolay.cpp
  boss_thekal.cpp
  zone_wetlands.cpp
  zone_arathi_highlands.cpp
  instance_gnomeregan.cpp
  zone_redridge_mountains.cpp
  zone_ironforge.cpp
  chapter2.cpp
  chapter5.cpp
  chapter1.cpp
  zone_the_scarlet_enclave.cpp
  zone_eastern_plaguelands.cpp
  instance_stratholme.cpp
  zone_tirisfal_glades.cpp
  instance_sunken_temple.cpp
  boss_felblood_kaelthas.cpp
  boss_priestess_delrissa.cpp
  instance_magisters_terrace.cpp
  boss_selin_fireheart.cpp
  boss_vexallus.cpp
  instance_uldaman.cpp
  zone_swamp_of_sorrows.cpp
  boss_eredar_twins.cpp
  boss_kiljaeden.cpp
  boss_muru.cpp
  instance_sunwell_plateau.cpp
  boss_kalecgos.cpp
  boss_brutallus.cpp
  boss_felmyst.cpp
  zone_stranglethorn_vale.cpp
  boss_mr_smite.cpp
  instance_deadmines.cpp
  zone_duskwood.cpp
  instance_scarlet_monastery.cpp
  zone_undercity.cpp
  zone_loch_modan.cpp
  instance_shadowfang_keep.cpp
  zone_burning_steppes.cpp
  zone_blasted_lands.cpp
  zone_stormwind_city.cpp
  boss_halazzi.cpp
  boss_hexlord.cpp
  boss_zuljin.cpp
  boss_akilzon.cpp
  instance_zulaman.cpp
  boss_janalai.cpp
  boss_nalorakk.cpp
  zulaman.cpp
  zone_hinterlands.cpp
  zone_western_plaguelands.cpp
  zone_alterac_mountains.cpp
  zone_westfall.cpp
  zone_silverpine_forest.cpp
  instance_karazhan.cpp
  boss_nightbane.cpp
  karazhan.cpp
  boss_curator.cpp
  boss_shade_of_aran.cpp
  boss_netherspite.cpp
  boss_maiden_of_virtue.cpp
  boss_midnight.cpp
  boss_prince_malchezaar.cpp
  bosses_opera.cpp
  boss_moroes.cpp
  boss_terestian_illhoof.cpp
  boss_servant_quarters.cpp
  instance_the_stockade.cpp
  zone_stonetalon_mountains.cpp
  zone_silithus.cpp
  zone_moonglade.cpp
  razorfen_downs.cpp
  instance_razorfen_downs.cpp
  instance_zulfarrak.cpp
  boss_epoch_hunter.cpp
  boss_lieutenant_drake.cpp
  old_hillsbrad.cpp
  instance_old_hillsbrad.cpp
  boss_captain_skarloc.cpp
  boss_archimonde.cpp
  boss_kazrogal.cpp
  hyjal_trash.cpp
  hyjal.cpp
  hyjalAI.cpp
  instance_hyjal.cpp
  boss_rage_winterchill.cpp
  boss_azgalor.cpp
  boss_anetheron.cpp
  boss_infinite.cpp
  boss_salramm.cpp
  boss_meathook.cpp
  boss_mal_ganis.cpp
  boss_epoch.cpp
  culling_of_stratholme.cpp
  instance_culling_of_stratholme.cpp
  instance_the_black_morass.cpp
  boss_chrono_lord_deja.cpp
  the_black_morass.cpp
  boss_aeonus.cpp
  boss_temporus.cpp
  instance_blackfathom_deeps.cpp
  zone_azuremyst_isle.cpp
  zone_orgrimmar.cpp
  zone_desolace.cpp
  zone_feralas.cpp
  instance_maraudon.cpp
  boss_fankriss.cpp
  boss_huhuran.cpp
  instance_temple_of_ahnqiraj.cpp
  mob_anubisath_sentinel.cpp
  boss_viscidus.cpp
  boss_twinemperors.cpp
  boss_sartura.cpp
  boss_cthun.cpp
  boss_skeram.cpp
  boss_ouro.cpp
  boss_bug_trio.cpp
  zone_darkshore.cpp
  boss_buru.cpp
  instance_ruins_of_ahnqiraj.cpp
  boss_rajaxx.cpp
  boss_ossirian.cpp
  boss_ayamiss.cpp
  boss_moam.cpp
  boss_kurinnaxx.cpp
  zone_mulgore.cpp
  zone_bloodmyst_isle.cpp
  zone_thunder_bluff.cpp
  zone_azshara.cpp
  instance_razorfen_kraul.cpp
  zone_the_barrens.cpp
  zone_ungoro_crater.cpp
  instance_wailing_caverns.cpp
  zone_durotar.cpp
  zone_felwood.cpp
  boss_azuregos.cpp
  zone_tanaris.cpp
  zone_dustwallow_marsh.cpp
  zone_winterspring.cpp
  zone_thousand_needles.cpp
  zone_ashenvale.cpp
  zone_teldrassil.cpp
  boss_onyxia.cpp
  instance_onyxias_lair.cpp
  instance_ragefire_chasm.cpp
  instance_dire_maul.cpp
  zone_nagrand.cpp
  instance_magtheridons_lair.cpp
  boss_magtheridon.cpp
  instance_hellfire_ramparts.cpp
  boss_omor_the_unscarred.cpp
  boss_watchkeeper_gargolmar.cpp
  boss_vazruden_the_herald.cpp
  boss_the_maker.cpp
  boss_kelidan_the_breaker.cpp
  instance_blood_furnace.cpp
  boss_broggok.cpp
  boss_warchief_kargath_bladefist.cpp
  boss_nethekurse.cpp
  instance_shattered_halls.cpp
  boss_warbringer_omrogg.cpp
  boss_mekgineer_steamrigger.cpp
  instance_steam_vault.cpp
  boss_hydromancer_thespia.cpp
  boss_warlord_kalithresh.cpp
  boss_hydross_the_unstable.cpp
  boss_fathomlord_karathress.cpp
  instance_serpent_shrine.cpp
  boss_lady_vashj.cpp
  boss_leotheras_the_blind.cpp
  boss_lurker_below.cpp
  boss_morogrim_tidewalker.cpp
  boss_the_black_stalker.cpp
  instance_the_underbog.cpp
  boss_ahune.cpp
  instance_the_slave_pens.cpp
  zone_shattrath_city.cpp
  boss_mechano_lord_capacitus.cpp
  boss_pathaleon_the_calculator.cpp
  boss_nethermancer_sepethrea.cpp
  boss_gatewatcher_gyrokill.cpp
  instance_mechanar.cpp
  boss_gatewatcher_ironhand.cpp
  instance_the_eye.cpp
  boss_void_reaver.cpp
  boss_astromancer.cpp
  boss_alar.cpp
  boss_kaelthas.cpp
  instance_the_botanica.cpp
  boss_commander_sarannis.cpp
  boss_thorngrin_the_tender.cpp
  boss_high_botanist_freywinn.cpp
  boss_warp_splinter.cpp
  boss_laj.cpp
  boss_zereketh_the_unbound.cpp
  boss_dalliah_the_doomsayer.cpp
  boss_wrath_scryer_soccothrates.cpp
  boss_harbinger_skyriss.cpp
  instance_arcatraz.cpp
  arcatraz.cpp
  boss_shirrak_the_dead_watcher.cpp
  boss_exarch_maladaar.cpp
  instance_auchenai_crypts.cpp
  boss_nexusprince_shaffar.cpp
  instance_mana_tombs.cpp
  boss_talon_king_ikiss.cpp
  instance_sethekk_halls.cpp
  boss_ambassador_hellmaw.cpp
  boss_blackheart_the_inciter.cpp
  boss_grandmaster_vorpil.cpp
  boss_murmur.cpp
  instance_shadow_labyrinth.cpp
  boss_doomwalker.cpp
  zone_terokkar_forest.cpp
  zone_hellfire_peninsula.cpp
  boss_doomlord_kazzak.cpp
  boss_teron_gorefiend.cpp
  illidari_council.cpp
  boss_shade_of_akama.cpp
  boss_supremus.cpp
  boss_mother_shahraz.cpp
  instance_black_temple.cpp
  boss_reliquary_of_souls.cpp
  boss_warlord_najentus.cpp
  boss_bloodboil.cpp
  boss_illidan.cpp
  zone_shadowmoon_valley.cpp
  zone_blades_edge_mountains.cpp
  boss_high_king_maulgar.cpp
  boss_gruul.cpp
  instance_gruuls_lair.cpp
  zone_netherstorm.cpp
  zone_zangarmarsh.cpp
  isle_of_conquest.cpp
  zone_storm_peaks.cpp
  instance_halls_of_lightning.cpp
  boss_bjarngrim.cpp
  boss_ionar.cpp
  boss_volkhan.cpp
  boss_loken.cpp
  boss_general_vezax.cpp
  ulduar.cpp
  boss_thorim.cpp
  boss_ignis.cpp
  boss_algalon_the_observer.cpp
  instance_ulduar.cpp
  boss_auriaya.cpp
  boss_yoggsaron.cpp
  boss_assembly_of_iron.cpp
  boss_hodir.cpp
  boss_flame_leviathan.cpp
  boss_xt002.cpp
  boss_mimiron.cpp
  boss_freya.cpp
  boss_razorscale.cpp
  boss_kologarn.cpp
  boss_krystallus.cpp
  instance_halls_of_stone.cpp
  boss_maiden_of_grief.cpp
  boss_sjonnir.cpp
  brann_bronzebeard.cpp
  instance_obsidian_sanctum.cpp
  boss_sartharion.cpp
  instance_ruby_sanctum.cpp
  boss_baltharus_the_warborn.cpp
  boss_saviana_ragefire.cpp
  boss_general_zarithrian.cpp
  boss_halion.cpp
  boss_falric.cpp
  instance_halls_of_reflection.cpp
  halls_of_reflection.cpp
  boss_marwyn.cpp
  boss_forgemaster_garfrost.cpp
  boss_krickandick.cpp
  pit_of_saron.cpp
  boss_scourgelord_tyrannus.cpp
  instance_pit_of_saron.cpp
  forge_of_souls.cpp
  boss_bronjahm.cpp
  instance_forge_of_souls.cpp
  boss_devourer_of_souls.cpp
  boss_malygos.cpp
  instance_eye_of_eternity.cpp
  boss_eregos.cpp
  boss_drakos.cpp
  boss_varos.cpp
  boss_urom.cpp
  oculus.cpp
  instance_oculus.cpp
  boss_commander_stoutbeard_kolurg.cpp
  boss_ormorok.cpp
  boss_magus_telestra.cpp
  instance_nexus.cpp
  boss_keristrasza.cpp
  boss_anomalus.cpp
  boss_anubarak_trial.cpp
  boss_faction_champions.cpp
  boss_lord_jaraxxus.cpp
  boss_northrend_beasts.cpp
  trial_of_the_crusader.cpp
  boss_twin_valkyr.cpp
  instance_trial_of_the_crusader.cpp
  trial_of_the_champion.cpp
  boss_grand_champions.cpp
  boss_black_knight.cpp
  instance_trial_of_the_champion.cpp
  boss_argent_challenge.cpp
  boss_loatheb.cpp
  boss_anubrekhan.cpp
  boss_maexxna.cpp
  boss_patchwerk.cpp
  boss_gothik.cpp
  boss_faerlina.cpp
  boss_gluth.cpp
  boss_four_horsemen.cpp
  boss_kelthuzad.cpp
  boss_heigan.cpp
  boss_thaddius.cpp
  boss_razuvious.cpp
  boss_sapphiron.cpp
  instance_naxxramas.cpp
  boss_grobbulus.cpp
  boss_noth.cpp
  zone_crystalsong_forest.cpp
  boss_archavon.cpp
  boss_koralon.cpp
  instance_vault_of_archavon.cpp
  boss_emalon.cpp
  boss_toravon.cpp
  zone_sholazar_basin.cpp
  boss_palehoof.cpp
  boss_svala.cpp
  instance_utgarde_pinnacle.cpp
  boss_ymiron.cpp
  boss_skadi.cpp
  boss_ingvar_the_plunderer.cpp
  boss_skarvald_dalronn.cpp
  instance_utgarde_keep.cpp
  boss_keleseth.cpp
  utgarde_keep.cpp
  zone_dragonblight.cpp
  zone_grizzly_hills.cpp
  instance_azjol_nerub.cpp
  boss_krikthir_the_gatewatcher.cpp
  boss_hadronox.cpp
  boss_anubarak.cpp
  boss_herald_volazj.cpp
  boss_prince_taldaram.cpp
  instance_ahnkahet.cpp
  boss_jedoga_shadowseeker.cpp
  boss_elder_nadox.cpp
  boss_amanitar.cpp
  boss_zuramat.cpp
  instance_violet_hold.cpp
  boss_lavanthor.cpp
  boss_cyanigosa.cpp
  boss_ichoron.cpp
  boss_moragg.cpp
  boss_xevozz.cpp
  boss_erekem.cpp
  violet_hold.cpp
  instance_icecrown_citadel.cpp
  icecrown_citadel.cpp
  icecrown_citadel_teleport.cpp
  boss_lord_marrowgar.cpp
  boss_lady_deathwhisper.cpp
  boss_icecrown_gunship_battle.cpp
  boss_deathbringer_saurfang.cpp
  boss_festergut.cpp
  boss_rotface.cpp
  boss_professor_putricide.cpp
  boss_blood_prince_council.cpp
  boss_blood_queen_lana_thel.cpp
  boss_valithria_dreamwalker.cpp
  boss_sindragosa.cpp
  boss_the_lich_king.cpp
  zone_zuldrak.cpp
  zone_wintergrasp.cpp
  zone_icecrown.cpp
  boss_slad_ran.cpp
  instance_gundrak.cpp
  boss_drakkari_colossus.cpp
  boss_gal_darah.cpp
  boss_moorabi.cpp
  boss_eck.cpp
  zone_borean_tundra.cpp
  zone_howling_fjord.cpp
  zone_dalaran.cpp
  boss_trollgore.cpp
  instance_drak_tharon_keep.cpp
  boss_novos.cpp
  boss_tharon_ja.cpp
  boss_dred.cpp
  brewfest.cpp
  childrens_week.cpp
  hallows_end.cpp
  pilgrims_bounty.cpp
  winter_veil.cpp
  love_in_air.cpp
  midsummer.cpp
  pet_dk.cpp
  pet_generic.cpp
  pet_hunter.cpp
  pet_mage.cpp
  pet_priest.cpp
  pet_shaman.cpp
  SpellRegulator.cpp
  mod_pvp_titles.cpp
  TemplateNPC.cpp
  ProfessionNPC.cpp
F:\DungeonCraft\Server\modules\mod-npc-free-professions-master\src\ProfessionNPC.cpp(31,50): warning C4138: '*/' found outside of comment
  npc_buffer.cpp
  learn_highest_talent_rank.cpp
  CFBG.cpp
  CFBG_SC.cpp
  cs_ah_bot.cpp
  AuctionHouseBot.cpp
  AuctionHouseBotScript.cpp
  scripts.vcxproj -> F:\DungeonCraft\Build\src\server\scripts\Release\scripts.lib
