f:\dungeoncraft\build\src\server\scripts\scripts.dir\release\spell_warrior.obj
f:\dungeoncraft\build\src\server\scripts\scripts.dir\release\cs_achievement.obj
f:\dungeoncraft\build\src\server\scripts\scripts.dir\release\cs_deserter.obj
f:\dungeoncraft\build\src\server\scripts\scripts.dir\release\cs_honor.obj
f:\dungeoncraft\build\src\server\scripts\scripts.dir\release\cs_lookup.obj
f:\dungeoncraft\build\src\server\scripts\scripts.dir\release\cs_ticket.obj
f:\dungeoncraft\build\src\server\scripts\scripts.dir\release\areatrigger_scripts.obj
f:\dungeoncraft\build\src\server\scripts\scripts.dir\release\mob_generic_creature.obj
f:\dungeoncraft\build\src\server\scripts\scripts.dir\release\npc_professions.obj
f:\dungeoncraft\build\src\server\scripts\scripts.dir\release\outdoorpvpgh.obj
f:\dungeoncraft\build\src\server\scripts\scripts.dir\release\boss_gorosh_the_dervish.obj
f:\dungeoncraft\build\src\server\scripts\scripts.dir\release\boss_emperor_dagran_thaurissan.obj
f:\dungeoncraft\build\src\server\scripts\scripts.dir\release\boss_flamegor.obj
f:\dungeoncraft\build\src\server\scripts\scripts.dir\release\boss_rend_blackhand.obj
f:\dungeoncraft\build\src\server\scripts\scripts.dir\release\instance_molten_core.obj
f:\dungeoncraft\build\src\server\scripts\scripts.dir\release\boss_arlokk.obj
f:\dungeoncraft\build\src\server\scripts\scripts.dir\release\chapter2.obj
f:\dungeoncraft\build\src\server\scripts\scripts.dir\release\zone_stranglethorn_vale.obj
f:\dungeoncraft\build\src\server\scripts\scripts.dir\release\instance_scarlet_monastery.obj
f:\dungeoncraft\build\src\server\scripts\scripts.dir\release\instance_karazhan.obj
f:\dungeoncraft\build\src\server\scripts\scripts.dir\release\zone_moonglade.obj
f:\dungeoncraft\build\src\server\scripts\scripts.dir\release\boss_anetheron.obj
f:\dungeoncraft\build\src\server\scripts\scripts.dir\release\culling_of_stratholme.obj
f:\dungeoncraft\build\src\server\scripts\scripts.dir\release\mob_anubisath_sentinel.obj
f:\dungeoncraft\build\src\server\scripts\scripts.dir\release\boss_ouro.obj
f:\dungeoncraft\build\src\server\scripts\scripts.dir\release\boss_rajaxx.obj
f:\dungeoncraft\build\src\server\scripts\scripts.dir\release\instance_razorfen_kraul.obj
f:\dungeoncraft\build\src\server\scripts\scripts.dir\release\zone_ashenvale.obj
f:\dungeoncraft\build\src\server\scripts\scripts.dir\release\instance_hellfire_ramparts.obj
f:\dungeoncraft\build\src\server\scripts\scripts.dir\release\boss_warbringer_omrogg.obj
f:\dungeoncraft\build\src\server\scripts\scripts.dir\release\boss_lurker_below.obj
f:\dungeoncraft\build\src\server\scripts\scripts.dir\release\boss_gatewatcher_ironhand.obj
f:\dungeoncraft\build\src\server\scripts\scripts.dir\release\boss_commander_sarannis.obj
f:\dungeoncraft\build\src\server\scripts\scripts.dir\release\boss_shirrak_the_dead_watcher.obj
f:\dungeoncraft\build\src\server\scripts\scripts.dir\release\zone_hellfire_peninsula.obj
f:\dungeoncraft\build\src\server\scripts\scripts.dir\release\boss_illidan.obj
f:\dungeoncraft\build\src\server\scripts\scripts.dir\release\boss_ignis.obj
f:\dungeoncraft\build\src\server\scripts\scripts.dir\release\boss_kologarn.obj
f:\dungeoncraft\build\src\server\scripts\scripts.dir\release\boss_marwyn.obj
f:\dungeoncraft\build\src\server\scripts\scripts.dir\release\boss_devourer_of_souls.obj
f:\dungeoncraft\build\src\server\scripts\scripts.dir\release\instance_nexus.obj
f:\dungeoncraft\build\src\server\scripts\scripts.dir\release\boss_grand_champions.obj
f:\dungeoncraft\build\src\server\scripts\scripts.dir\release\boss_gluth.obj
f:\dungeoncraft\build\src\server\scripts\scripts.dir\release\boss_archavon.obj
f:\dungeoncraft\build\src\server\scripts\scripts.dir\release\boss_skadi.obj
f:\dungeoncraft\build\src\server\scripts\scripts.dir\release\boss_hadronox.obj
f:\dungeoncraft\build\src\server\scripts\scripts.dir\release\boss_cyanigosa.obj
f:\dungeoncraft\build\src\server\scripts\scripts.dir\release\boss_lord_marrowgar.obj
f:\dungeoncraft\build\src\server\scripts\scripts.dir\release\boss_the_lich_king.obj
f:\dungeoncraft\build\src\server\scripts\scripts.dir\release\winter_veil.obj
f:\dungeoncraft\build\src\server\scripts\scripts.dir\release\mod_pvp_titles.obj
f:\dungeoncraft\build\src\server\scripts\scripts.dir\release\spell_generic.obj
f:\dungeoncraft\build\src\server\scripts\scripts.dir\release\cs_modify.obj
f:\dungeoncraft\build\src\server\scripts\scripts.dir\release\cs_wp.obj
f:\dungeoncraft\build\src\server\scripts\scripts.dir\release\boss_galvangar.obj
f:\dungeoncraft\build\src\server\scripts\scripts.dir\release\boss_anubshiah.obj
f:\dungeoncraft\build\src\server\scripts\scripts.dir\release\boss_chromaggus.obj
f:\dungeoncraft\build\src\server\scripts\scripts.dir\release\boss_warmaster_voone.obj
f:\dungeoncraft\build\src\server\scripts\scripts.dir\release\boss_lord_valthalak.obj
f:\dungeoncraft\build\src\server\scripts\scripts.dir\release\boss_ragnaros.obj
f:\dungeoncraft\build\src\server\scripts\scripts.dir\release\boss_mandokir.obj
f:\dungeoncraft\build\src\server\scripts\scripts.dir\release\zone_ironforge.obj
f:\dungeoncraft\build\src\server\scripts\scripts.dir\release\zone_tirisfal_glades.obj
f:\dungeoncraft\build\src\server\scripts\scripts.dir\release\boss_vexallus.obj
f:\dungeoncraft\build\src\server\scripts\scripts.dir\release\boss_kiljaeden.obj
f:\dungeoncraft\build\src\server\scripts\scripts.dir\release\boss_nalorakk.obj
f:\dungeoncraft\build\src\server\scripts\scripts.dir\release\zone_silverpine_forest.obj
f:\dungeoncraft\build\src\server\scripts\scripts.dir\release\boss_terestian_illhoof.obj
f:\dungeoncraft\build\src\server\scripts\scripts.dir\release\boss_lieutenant_drake.obj
f:\dungeoncraft\build\src\server\scripts\scripts.dir\release\boss_azgalor.obj
f:\dungeoncraft\build\src\server\scripts\scripts.dir\release\boss_mal_ganis.obj
f:\dungeoncraft\build\src\server\scripts\scripts.dir\release\the_black_morass.obj
f:\dungeoncraft\build\src\server\scripts\scripts.dir\release\boss_fankriss.obj
f:\dungeoncraft\build\src\server\scripts\scripts.dir\release\boss_viscidus.obj
f:\dungeoncraft\build\src\server\scripts\scripts.dir\release\boss_ayamiss.obj
f:\dungeoncraft\build\src\server\scripts\scripts.dir\release\zone_felwood.obj
f:\dungeoncraft\build\src\server\scripts\scripts.dir\release\zone_teldrassil.obj
f:\dungeoncraft\build\src\server\scripts\scripts.dir\release\boss_magtheridon.obj
f:\dungeoncraft\build\src\server\scripts\scripts.dir\release\instance_steam_vault.obj
f:\dungeoncraft\build\src\server\scripts\scripts.dir\release\instance_the_underbog.obj
f:\dungeoncraft\build\src\server\scripts\scripts.dir\release\boss_pathaleon_the_calculator.obj
f:\dungeoncraft\build\src\server\scripts\scripts.dir\release\boss_high_botanist_freywinn.obj
f:\dungeoncraft\build\src\server\scripts\scripts.dir\release\boss_exarch_maladaar.obj
f:\dungeoncraft\build\src\server\scripts\scripts.dir\release\boss_murmur.obj
f:\dungeoncraft\build\src\server\scripts\scripts.dir\release\boss_bloodboil.obj
f:\dungeoncraft\build\src\server\scripts\scripts.dir\release\isle_of_conquest.obj
f:\dungeoncraft\build\src\server\scripts\scripts.dir\release\boss_auriaya.obj
f:\dungeoncraft\build\src\server\scripts\scripts.dir\release\boss_razorscale.obj
f:\dungeoncraft\build\src\server\scripts\scripts.dir\release\boss_general_zarithrian.obj
f:\dungeoncraft\build\src\server\scripts\scripts.dir\release\pit_of_saron.obj
f:\dungeoncraft\build\src\server\scripts\scripts.dir\release\boss_twin_valkyr.obj
f:\dungeoncraft\build\src\server\scripts\scripts.dir\release\boss_patchwerk.obj
f:\dungeoncraft\build\src\server\scripts\scripts.dir\release\boss_razuvious.obj
f:\dungeoncraft\build\src\server\scripts\scripts.dir\release\instance_vault_of_archavon.obj
f:\dungeoncraft\build\src\server\scripts\scripts.dir\release\instance_utgarde_keep.obj
f:\dungeoncraft\build\src\server\scripts\scripts.dir\release\boss_jedoga_shadowseeker.obj
f:\dungeoncraft\build\src\server\scripts\scripts.dir\release\boss_ichoron.obj
f:\dungeoncraft\build\src\server\scripts\scripts.dir\release\boss_lady_deathwhisper.obj
f:\dungeoncraft\build\src\server\scripts\scripts.dir\release\zone_zuldrak.obj
f:\dungeoncraft\build\src\server\scripts\scripts.dir\release\boss_moorabi.obj
f:\dungeoncraft\build\src\server\scripts\scripts.dir\release\boss_dred.obj
f:\dungeoncraft\build\src\server\scripts\scripts.dir\release\pet_mage.obj
f:\dungeoncraft\build\src\server\scripts\scripts.dir\release\learn_highest_talent_rank.obj
f:\dungeoncraft\build\src\server\scripts\scripts.dir\release\spell_quest.obj
f:\dungeoncraft\build\src\server\scripts\scripts.dir\release\cs_guild.obj
f:\dungeoncraft\build\src\server\scripts\scripts.dir\release\cs_message.obj
f:\dungeoncraft\build\src\server\scripts\scripts.dir\release\cs_reset.obj
f:\dungeoncraft\build\src\server\scripts\scripts.dir\release\scriptedescortai.obj
f:\dungeoncraft\build\src\server\scripts\scripts.dir\release\npcs_special.obj
f:\dungeoncraft\build\src\server\scripts\scripts.dir\release\boss_drakkisath.obj
f:\dungeoncraft\build\src\server\scripts\scripts.dir\release\boss_gehennas.obj
f:\dungeoncraft\build\src\server\scripts\scripts.dir\release\boss_kirtonos_the_herald.obj
f:\dungeoncraft\build\src\server\scripts\scripts.dir\release\boss_gahzranka.obj
f:\dungeoncraft\build\src\server\scripts\scripts.dir\release\zone_the_scarlet_enclave.obj
f:\dungeoncraft\build\src\server\scripts\scripts.dir\release\boss_selin_fireheart.obj
f:\dungeoncraft\build\src\server\scripts\scripts.dir\release\boss_kalecgos.obj
f:\dungeoncraft\build\src\server\scripts\scripts.dir\release\boss_hexlord.obj
f:\dungeoncraft\build\src\server\scripts\scripts.dir\release\boss_maiden_of_virtue.obj
f:\dungeoncraft\build\src\server\scripts\scripts.dir\release\zone_stonetalon_mountains.obj
f:\dungeoncraft\build\src\server\scripts\scripts.dir\release\hyjalai.obj
f:\dungeoncraft\build\src\server\scripts\scripts.dir\release\zone_orgrimmar.obj
f:\dungeoncraft\build\src\server\scripts\scripts.dir\release\boss_sartura.obj
f:\dungeoncraft\build\src\server\scripts\scripts.dir\release\boss_moam.obj
f:\dungeoncraft\build\src\server\scripts\scripts.dir\release\zone_winterspring.obj
f:\dungeoncraft\build\src\server\scripts\scripts.dir\release\boss_omor_the_unscarred.obj
f:\dungeoncraft\build\src\server\scripts\scripts.dir\release\boss_mekgineer_steamrigger.obj
f:\dungeoncraft\build\src\server\scripts\scripts.dir\release\boss_leotheras_the_blind.obj
f:\dungeoncraft\build\src\server\scripts\scripts.dir\release\boss_void_reaver.obj
f:\dungeoncraft\build\src\server\scripts\scripts.dir\release\boss_zereketh_the_unbound.obj
f:\dungeoncraft\build\src\server\scripts\scripts.dir\release\boss_nexusprince_shaffar.obj
f:\dungeoncraft\build\src\server\scripts\scripts.dir\release\boss_teron_gorefiend.obj
f:\dungeoncraft\build\src\server\scripts\scripts.dir\release\boss_gruul.obj
f:\dungeoncraft\build\src\server\scripts\scripts.dir\release\boss_loken.obj
f:\dungeoncraft\build\src\server\scripts\scripts.dir\release\boss_flame_leviathan.obj
f:\dungeoncraft\build\src\server\scripts\scripts.dir\release\halls_of_reflection.obj
f:\dungeoncraft\build\src\server\scripts\scripts.dir\release\instance_eye_of_eternity.obj
f:\dungeoncraft\build\src\server\scripts\scripts.dir\release\boss_anubarak_trial.obj
f:\dungeoncraft\build\src\server\scripts\scripts.dir\release\boss_maexxna.obj
f:\dungeoncraft\build\src\server\scripts\scripts.dir\release\boss_grobbulus.obj
f:\dungeoncraft\build\src\server\scripts\scripts.dir\release\boss_ymiron.obj
f:\dungeoncraft\build\src\server\scripts\scripts.dir\release\boss_herald_volazj.obj
f:\dungeoncraft\build\src\server\scripts\scripts.dir\release\instance_violet_hold.obj
f:\dungeoncraft\build\src\server\scripts\scripts.dir\release\boss_deathbringer_saurfang.obj
f:\dungeoncraft\build\src\server\scripts\scripts.dir\release\zone_icecrown.obj
f:\dungeoncraft\build\src\server\scripts\scripts.dir\release\childrens_week.obj
f:\dungeoncraft\build\src\server\scripts\scripts.dir\release\pet_priest.obj
f:\dungeoncraft\build\src\server\scripts\scripts.dir\release\templatenpc.obj
f:\dungeoncraft\build\src\server\scripts\scripts.dir\release\spell_dk.obj
f:\dungeoncraft\build\src\server\scripts\scripts.dir\release\cs_gm.obj
f:\dungeoncraft\build\src\server\scripts\scripts.dir\release\cs_lfg.obj
f:\dungeoncraft\build\src\server\scripts\scripts.dir\release\cs_tele.obj
f:\dungeoncraft\build\src\server\scripts\scripts.dir\release\scriptedcreature.obj
f:\dungeoncraft\build\src\server\scripts\scripts.dir\release\outdoorpvptf.obj
f:\dungeoncraft\build\src\server\scripts\scripts.dir\release\zone_eversong_woods.obj
f:\dungeoncraft\build\src\server\scripts\scripts.dir\release\alterac_valley.obj
f:\dungeoncraft\build\src\server\scripts\scripts.dir\release\boss_firemaw.obj
f:\dungeoncraft\build\src\server\scripts\scripts.dir\release\boss_halycon.obj
f:\dungeoncraft\build\src\server\scripts\scripts.dir\release\instance_blackrock_spire.obj
f:\dungeoncraft\build\src\server\scripts\scripts.dir\release\boss_grilek.obj
f:\dungeoncraft\build\src\server\scripts\scripts.dir\release\boss_jindo.obj
f:\dungeoncraft\build\src\server\scripts\scripts.dir\release\zone_eastern_plaguelands.obj
f:\dungeoncraft\build\src\server\scripts\scripts.dir\release\instance_uldaman.obj
f:\dungeoncraft\build\src\server\scripts\scripts.dir\release\zone_undercity.obj
f:\dungeoncraft\build\src\server\scripts\scripts.dir\release\instance_the_stockade.obj
f:\dungeoncraft\build\src\server\scripts\scripts.dir\release\instance_old_hillsbrad.obj
f:\dungeoncraft\build\src\server\scripts\scripts.dir\release\boss_infinite.obj
f:\dungeoncraft\build\src\server\scripts\scripts.dir\release\instance_the_black_morass.obj
f:\dungeoncraft\build\src\server\scripts\scripts.dir\release\zone_darkshore.obj
f:\dungeoncraft\build\src\server\scripts\scripts.dir\release\boss_azuregos.obj
f:\dungeoncraft\build\src\server\scripts\scripts.dir\release\instance_ragefire_chasm.obj
f:\dungeoncraft\build\src\server\scripts\scripts.dir\release\boss_warchief_kargath_bladefist.obj
f:\dungeoncraft\build\src\server\scripts\scripts.dir\release\boss_lady_vashj.obj
f:\dungeoncraft\build\src\server\scripts\scripts.dir\release\instance_the_eye.obj
f:\dungeoncraft\build\src\server\scripts\scripts.dir\release\boss_harbinger_skyriss.obj
f:\dungeoncraft\build\src\server\scripts\scripts.dir\release\zone_terokkar_forest.obj
f:\dungeoncraft\build\src\server\scripts\scripts.dir\release\instance_gruuls_lair.obj
f:\dungeoncraft\build\src\server\scripts\scripts.dir\release\boss_volkhan.obj
f:\dungeoncraft\build\src\server\scripts\scripts.dir\release\boss_yoggsaron.obj
f:\dungeoncraft\build\src\server\scripts\scripts.dir\release\instance_ruby_sanctum.obj
f:\dungeoncraft\build\src\server\scripts\scripts.dir\release\instance_forge_of_souls.obj
f:\dungeoncraft\build\src\server\scripts\scripts.dir\release\boss_commander_stoutbeard_kolurg.obj
f:\dungeoncraft\build\src\server\scripts\scripts.dir\release\boss_lord_jaraxxus.obj
f:\dungeoncraft\build\src\server\scripts\scripts.dir\release\boss_faerlina.obj
f:\dungeoncraft\build\src\server\scripts\scripts.dir\release\boss_noth.obj
f:\dungeoncraft\build\src\server\scripts\scripts.dir\release\instance_utgarde_pinnacle.obj
f:\dungeoncraft\build\src\server\scripts\scripts.dir\release\zone_grizzly_hills.obj
f:\dungeoncraft\build\src\server\scripts\scripts.dir\release\boss_rotface.obj
f:\dungeoncraft\build\src\server\scripts\scripts.dir\release\boss_slad_ran.obj
f:\dungeoncraft\build\src\server\scripts\scripts.dir\release\zone_howling_fjord.obj
f:\dungeoncraft\build\src\server\scripts\scripts.dir\release\hallows_end.obj
f:\dungeoncraft\build\src\server\scripts\scripts.dir\release\spell_mage.obj
f:\dungeoncraft\build\src\server\scripts\scripts.dir\release\cs_ban.obj
f:\dungeoncraft\build\src\server\scripts\scripts.dir\release\cs_mmaps.obj
f:\dungeoncraft\build\src\server\scripts\scripts.dir\release\cs_reload.obj
f:\dungeoncraft\build\src\server\scripts\scripts.dir\release\boss_drekthar.obj
f:\dungeoncraft\build\src\server\scripts\scripts.dir\release\boss_moira_bronzebeard.obj
f:\dungeoncraft\build\src\server\scripts\scripts.dir\release\instance_blackwing_lair.obj
f:\dungeoncraft\build\src\server\scripts\scripts.dir\release\boss_gyth.obj
f:\dungeoncraft\build\src\server\scripts\scripts.dir\release\boss_sulfuron_harbinger.obj
f:\dungeoncraft\build\src\server\scripts\scripts.dir\release\boss_renataki.obj
f:\dungeoncraft\build\src\server\scripts\scripts.dir\release\boss_wushoolay.obj
f:\dungeoncraft\build\src\server\scripts\scripts.dir\release\chapter5.obj
f:\dungeoncraft\build\src\server\scripts\scripts.dir\release\boss_felmyst.obj
f:\dungeoncraft\build\src\server\scripts\scripts.dir\release\boss_akilzon.obj
f:\dungeoncraft\build\src\server\scripts\scripts.dir\release\zone_alterac_mountains.obj
f:\dungeoncraft\build\src\server\scripts\scripts.dir\release\karazhan.obj
f:\dungeoncraft\build\src\server\scripts\scripts.dir\release\razorfen_downs.obj
f:\dungeoncraft\build\src\server\scripts\scripts.dir\release\instance_hyjal.obj
f:\dungeoncraft\build\src\server\scripts\scripts.dir\release\boss_temporus.obj
f:\dungeoncraft\build\src\server\scripts\scripts.dir\release\boss_huhuran.obj
f:\dungeoncraft\build\src\server\scripts\scripts.dir\release\boss_twinemperors.obj
f:\dungeoncraft\build\src\server\scripts\scripts.dir\release\boss_ossirian.obj
f:\dungeoncraft\build\src\server\scripts\scripts.dir\release\zone_the_barrens.obj
f:\dungeoncraft\build\src\server\scripts\scripts.dir\release\instance_dire_maul.obj
f:\dungeoncraft\build\src\server\scripts\scripts.dir\release\instance_blood_furnace.obj
f:\dungeoncraft\build\src\server\scripts\scripts.dir\release\boss_morogrim_tidewalker.obj
f:\dungeoncraft\build\src\server\scripts\scripts.dir\release\instance_mechanar.obj
f:\dungeoncraft\build\src\server\scripts\scripts.dir\release\boss_dalliah_the_doomsayer.obj
f:\dungeoncraft\build\src\server\scripts\scripts.dir\release\instance_mana_tombs.obj
f:\dungeoncraft\build\src\server\scripts\scripts.dir\release\illidari_council.obj
f:\dungeoncraft\build\src\server\scripts\scripts.dir\release\boss_high_king_maulgar.obj
f:\dungeoncraft\build\src\server\scripts\scripts.dir\release\boss_bjarngrim.obj
f:\dungeoncraft\build\src\server\scripts\scripts.dir\release\boss_assembly_of_iron.obj
f:\dungeoncraft\build\src\server\scripts\scripts.dir\release\boss_sjonnir.obj
f:\dungeoncraft\build\src\server\scripts\scripts.dir\release\instance_halls_of_reflection.obj
f:\dungeoncraft\build\src\server\scripts\scripts.dir\release\boss_malygos.obj
f:\dungeoncraft\build\src\server\scripts\scripts.dir\release\instance_trial_of_the_crusader.obj
f:\dungeoncraft\build\src\server\scripts\scripts.dir\release\zone_crystalsong_forest.obj
f:\dungeoncraft\build\src\server\scripts\scripts.dir\release\boss_anubarak.obj
f:\dungeoncraft\build\src\server\scripts\scripts.dir\release\boss_lavanthor.obj
f:\dungeoncraft\build\src\server\scripts\scripts.dir\release\instance_icecrown_citadel.obj
f:\dungeoncraft\build\src\server\scripts\scripts.dir\release\zone_wintergrasp.obj
f:\dungeoncraft\build\src\server\scripts\scripts.dir\release\pet_dk.obj
f:\dungeoncraft\build\src\server\scripts\scripts.dir\release\professionnpc.obj
f:\dungeoncraft\build\src\server\scripts\scripts.dir\release\spell_priest.obj
f:\dungeoncraft\build\src\server\scripts\scripts.dir\release\cs_account.obj
f:\dungeoncraft\build\src\server\scripts\scripts.dir\release\cs_disable.obj
f:\dungeoncraft\build\src\server\scripts\scripts.dir\release\cs_list.obj
f:\dungeoncraft\build\src\server\scripts\scripts.dir\release\scriptloader.obj
f:\dungeoncraft\build\src\server\scripts\scripts.dir\release\achievement_scripts.obj
f:\dungeoncraft\build\src\server\scripts\scripts.dir\release\go_scripts.obj
f:\dungeoncraft\build\src\server\scripts\scripts.dir\release\outdoorpvpna.obj
f:\dungeoncraft\build\src\server\scripts\scripts.dir\release\boss_vanndar.obj
f:\dungeoncraft\build\src\server\scripts\scripts.dir\release\boss_magmus.obj
f:\dungeoncraft\build\src\server\scripts\scripts.dir\release\boss_nefarian.obj
f:\dungeoncraft\build\src\server\scripts\scripts.dir\release\boss_urok_doomhowl.obj
f:\dungeoncraft\build\src\server\scripts\scripts.dir\release\boss_magmadar.obj
f:\dungeoncraft\build\src\server\scripts\scripts.dir\release\boss_marli.obj
f:\dungeoncraft\build\src\server\scripts\scripts.dir\release\boss_thekal.obj
f:\dungeoncraft\build\src\server\scripts\scripts.dir\release\chapter1.obj
f:\dungeoncraft\build\src\server\scripts\scripts.dir\release\instance_deadmines.obj
f:\dungeoncraft\build\src\server\scripts\scripts.dir\release\boss_zuljin.obj
f:\dungeoncraft\build\src\server\scripts\scripts.dir\release\zulaman.obj
f:\dungeoncraft\build\src\server\scripts\scripts.dir\release\boss_midnight.obj
f:\dungeoncraft\build\src\server\scripts\scripts.dir\release\old_hillsbrad.obj
f:\dungeoncraft\build\src\server\scripts\scripts.dir\release\boss_salramm.obj
f:\dungeoncraft\build\src\server\scripts\scripts.dir\release\zone_azuremyst_isle.obj
f:\dungeoncraft\build\src\server\scripts\scripts.dir\release\boss_skeram.obj
f:\dungeoncraft\build\src\server\scripts\scripts.dir\release\zone_mulgore.obj
f:\dungeoncraft\build\src\server\scripts\scripts.dir\release\instance_wailing_caverns.obj
f:\dungeoncraft\build\src\server\scripts\scripts.dir\release\boss_onyxia.obj
f:\dungeoncraft\build\src\server\scripts\scripts.dir\release\boss_watchkeeper_gargolmar.obj
f:\dungeoncraft\build\src\server\scripts\scripts.dir\release\instance_shattered_halls.obj
f:\dungeoncraft\build\src\server\scripts\scripts.dir\release\boss_mechano_lord_capacitus.obj
f:\dungeoncraft\build\src\server\scripts\scripts.dir\release\boss_kaelthas.obj
f:\dungeoncraft\build\src\server\scripts\scripts.dir\release\boss_blackheart_the_inciter.obj
f:\dungeoncraft\build\src\server\scripts\scripts.dir\release\boss_reliquary_of_souls.obj
f:\dungeoncraft\build\src\server\scripts\scripts.dir\release\instance_halls_of_lightning.obj
f:\dungeoncraft\build\src\server\scripts\scripts.dir\release\boss_thorim.obj
f:\dungeoncraft\build\src\server\scripts\scripts.dir\release\instance_halls_of_stone.obj
f:\dungeoncraft\build\src\server\scripts\scripts.dir\release\boss_baltharus_the_warborn.obj
f:\dungeoncraft\build\src\server\scripts\scripts.dir\release\boss_scourgelord_tyrannus.obj
f:\dungeoncraft\build\src\server\scripts\scripts.dir\release\boss_varos.obj
f:\dungeoncraft\build\src\server\scripts\scripts.dir\release\boss_anomalus.obj
f:\dungeoncraft\build\src\server\scripts\scripts.dir\release\trial_of_the_champion.obj
f:\dungeoncraft\build\src\server\scripts\scripts.dir\release\boss_loatheb.obj
f:\dungeoncraft\build\src\server\scripts\scripts.dir\release\boss_kelthuzad.obj
f:\dungeoncraft\build\src\server\scripts\scripts.dir\release\boss_svala.obj
f:\dungeoncraft\build\src\server\scripts\scripts.dir\release\boss_krikthir_the_gatewatcher.obj
f:\dungeoncraft\build\src\server\scripts\scripts.dir\release\boss_elder_nadox.obj
f:\dungeoncraft\build\src\server\scripts\scripts.dir\release\icecrown_citadel.obj
f:\dungeoncraft\build\src\server\scripts\scripts.dir\release\zone_borean_tundra.obj
f:\dungeoncraft\build\src\server\scripts\scripts.dir\release\midsummer.obj
f:\dungeoncraft\build\src\server\scripts\scripts.dir\release\spell_paladin.obj
f:\dungeoncraft\build\src\server\scripts\scripts.dir\release\cs_character.obj
f:\dungeoncraft\build\src\server\scripts\scripts.dir\release\cs_titles.obj
f:\dungeoncraft\build\src\server\scripts\scripts.dir\release\boss_emerald_dragons.obj
f:\dungeoncraft\build\src\server\scripts\scripts.dir\release\character_creation.obj
f:\dungeoncraft\build\src\server\scripts\scripts.dir\release\outdoorpvpep.obj
f:\dungeoncraft\build\src\server\scripts\scripts.dir\release\boss_ambassador_flamelash.obj
f:\dungeoncraft\build\src\server\scripts\scripts.dir\release\boss_quartermaster_zigris.obj
f:\dungeoncraft\build\src\server\scripts\scripts.dir\release\boss_golemagg.obj
f:\dungeoncraft\build\src\server\scripts\scripts.dir\release\boss_hazzarah.obj
f:\dungeoncraft\build\src\server\scripts\scripts.dir\release\instance_zulgurub.obj
f:\dungeoncraft\build\src\server\scripts\scripts.dir\release\instance_sunken_temple.obj
f:\dungeoncraft\build\src\server\scripts\scripts.dir\release\zone_duskwood.obj
f:\dungeoncraft\build\src\server\scripts\scripts.dir\release\instance_zulaman.obj
f:\dungeoncraft\build\src\server\scripts\scripts.dir\release\boss_nightbane.obj
f:\dungeoncraft\build\src\server\scripts\scripts.dir\release\bosses_opera.obj
f:\dungeoncraft\build\src\server\scripts\scripts.dir\release\instance_razorfen_downs.obj
f:\dungeoncraft\build\src\server\scripts\scripts.dir\release\hyjal.obj
f:\dungeoncraft\build\src\server\scripts\scripts.dir\release\boss_chrono_lord_deja.obj
f:\dungeoncraft\build\src\server\scripts\scripts.dir\release\instance_maraudon.obj
f:\dungeoncraft\build\src\server\scripts\scripts.dir\release\boss_kurinnaxx.obj
f:\dungeoncraft\build\src\server\scripts\scripts.dir\release\instance_onyxias_lair.obj
f:\dungeoncraft\build\src\server\scripts\scripts.dir\release\boss_the_maker.obj
f:\dungeoncraft\build\src\server\scripts\scripts.dir\release\boss_warlord_kalithresh.obj
f:\dungeoncraft\build\src\server\scripts\scripts.dir\release\boss_ahune.obj
f:\dungeoncraft\build\src\server\scripts\scripts.dir\release\boss_thorngrin_the_tender.obj
f:\dungeoncraft\build\src\server\scripts\scripts.dir\release\arcatraz.obj
f:\dungeoncraft\build\src\server\scripts\scripts.dir\release\boss_doomwalker.obj
f:\dungeoncraft\build\src\server\scripts\scripts.dir\release\boss_mother_shahraz.obj
f:\dungeoncraft\build\src\server\scripts\scripts.dir\release\zone_zangarmarsh.obj
f:\dungeoncraft\build\src\server\scripts\scripts.dir\release\boss_algalon_the_observer.obj
f:\dungeoncraft\build\src\server\scripts\scripts.dir\release\boss_maiden_of_grief.obj
f:\dungeoncraft\build\src\server\scripts\scripts.dir\release\boss_saviana_ragefire.obj
f:\dungeoncraft\build\src\server\scripts\scripts.dir\release\boss_bronjahm.obj
f:\dungeoncraft\build\src\server\scripts\scripts.dir\release\boss_keristrasza.obj
f:\dungeoncraft\build\src\server\scripts\scripts.dir\release\boss_northrend_beasts.obj
f:\dungeoncraft\build\src\server\scripts\scripts.dir\release\boss_gothik.obj
f:\dungeoncraft\build\src\server\scripts\scripts.dir\release\boss_emalon.obj
f:\dungeoncraft\build\src\server\scripts\scripts.dir\release\instance_azjol_nerub.obj
f:\dungeoncraft\build\src\server\scripts\scripts.dir\release\violet_hold.obj
f:\dungeoncraft\build\src\server\scripts\scripts.dir\release\boss_valithria_dreamwalker.obj
f:\dungeoncraft\build\src\server\scripts\scripts.dir\release\zone_dalaran.obj
f:\dungeoncraft\build\src\server\scripts\scripts.dir\release\pilgrims_bounty.obj
f:\dungeoncraft\build\src\server\scripts\scripts.dir\release\cfbg.obj
f:\dungeoncraft\build\src\server\scripts\scripts.dir\release\spell_druid.obj
f:\dungeoncraft\build\src\server\scripts\scripts.dir\release\cs_cheat.obj
f:\dungeoncraft\build\src\server\scripts\scripts.dir\release\cs_instance.obj
f:\dungeoncraft\build\src\server\scripts\scripts.dir\release\cs_misc.obj
f:\dungeoncraft\build\src\server\scripts\scripts.dir\release\outdoorpvphp.obj
f:\dungeoncraft\build\src\server\scripts\scripts.dir\release\boss_general_angerforge.obj
f:\dungeoncraft\build\src\server\scripts\scripts.dir\release\boss_ebonroc.obj
f:\dungeoncraft\build\src\server\scripts\scripts.dir\release\boss_highlord_omokk.obj
f:\dungeoncraft\build\src\server\scripts\scripts.dir\release\boss_baron_geddon.obj
f:\dungeoncraft\build\src\server\scripts\scripts.dir\release\boss_hakkar.obj
f:\dungeoncraft\build\src\server\scripts\scripts.dir\release\boss_venoxis.obj
f:\dungeoncraft\build\src\server\scripts\scripts.dir\release\instance_stratholme.obj
f:\dungeoncraft\build\src\server\scripts\scripts.dir\release\boss_eredar_twins.obj
f:\dungeoncraft\build\src\server\scripts\scripts.dir\release\instance_shadowfang_keep.obj
f:\dungeoncraft\build\src\server\scripts\scripts.dir\release\zone_westfall.obj
f:\dungeoncraft\build\src\server\scripts\scripts.dir\release\boss_prince_malchezaar.obj
f:\dungeoncraft\build\src\server\scripts\scripts.dir\release\instance_zulfarrak.obj
f:\dungeoncraft\build\src\server\scripts\scripts.dir\release\boss_epoch.obj
f:\dungeoncraft\build\src\server\scripts\scripts.dir\release\zone_feralas.obj
f:\dungeoncraft\build\src\server\scripts\scripts.dir\release\zone_bloodmyst_isle.obj
f:\dungeoncraft\build\src\server\scripts\scripts.dir\release\zone_dustwallow_marsh.obj
f:\dungeoncraft\build\src\server\scripts\scripts.dir\release\boss_broggok.obj
f:\dungeoncraft\build\src\server\scripts\scripts.dir\release\instance_serpent_shrine.obj
f:\dungeoncraft\build\src\server\scripts\scripts.dir\release\boss_astromancer.obj
f:\dungeoncraft\build\src\server\scripts\scripts.dir\release\boss_wrath_scryer_soccothrates.obj
f:\dungeoncraft\build\src\server\scripts\scripts.dir\release\boss_talon_king_ikiss.obj
f:\dungeoncraft\build\src\server\scripts\scripts.dir\release\boss_doomlord_kazzak.obj
f:\dungeoncraft\build\src\server\scripts\scripts.dir\release\zone_shadowmoon_valley.obj
f:\dungeoncraft\build\src\server\scripts\scripts.dir\release\boss_general_vezax.obj
f:\dungeoncraft\build\src\server\scripts\scripts.dir\release\boss_freya.obj
f:\dungeoncraft\build\src\server\scripts\scripts.dir\release\boss_sartharion.obj
f:\dungeoncraft\build\src\server\scripts\scripts.dir\release\forge_of_souls.obj
f:\dungeoncraft\build\src\server\scripts\scripts.dir\release\instance_oculus.obj
f:\dungeoncraft\build\src\server\scripts\scripts.dir\release\boss_anubrekhan.obj
f:\dungeoncraft\build\src\server\scripts\scripts.dir\release\boss_four_horsemen.obj
f:\dungeoncraft\build\src\server\scripts\scripts.dir\release\boss_toravon.obj
f:\dungeoncraft\build\src\server\scripts\scripts.dir\release\boss_skarvald_dalronn.obj
f:\dungeoncraft\build\src\server\scripts\scripts.dir\release\boss_prince_taldaram.obj
f:\dungeoncraft\build\src\server\scripts\scripts.dir\release\boss_moragg.obj
f:\dungeoncraft\build\src\server\scripts\scripts.dir\release\boss_blood_queen_lana_thel.obj
f:\dungeoncraft\build\src\server\scripts\scripts.dir\release\boss_drakkari_colossus.obj
f:\dungeoncraft\build\src\server\scripts\scripts.dir\release\boss_trollgore.obj
f:\dungeoncraft\build\src\server\scripts\scripts.dir\release\love_in_air.obj
f:\dungeoncraft\build\src\server\scripts\scripts.dir\release\spell_item.obj
f:\dungeoncraft\build\src\server\scripts\scripts.dir\release\cs_event.obj
f:\dungeoncraft\build\src\server\scripts\scripts.dir\release\cs_learn.obj
f:\dungeoncraft\build\src\server\scripts\scripts.dir\release\cs_npc.obj
f:\dungeoncraft\build\src\server\scripts\scripts.dir\release\cs_player.obj
f:\dungeoncraft\build\src\server\scripts\scripts.dir\release\item_scripts.obj
f:\dungeoncraft\build\src\server\scripts\scripts.dir\release\npc_taxi.obj
f:\dungeoncraft\build\src\server\scripts\scripts.dir\release\zone_ghostlands.obj
f:\dungeoncraft\build\src\server\scripts\scripts.dir\release\boss_tomb_of_seven.obj
f:\dungeoncraft\build\src\server\scripts\scripts.dir\release\boss_broodlord_lashlayer.obj
f:\dungeoncraft\build\src\server\scripts\scripts.dir\release\boss_shadow_hunter_voshgajin.obj
f:\dungeoncraft\build\src\server\scripts\scripts.dir\release\boss_garr.obj
f:\dungeoncraft\build\src\server\scripts\scripts.dir\release\boss_jeklik.obj
f:\dungeoncraft\build\src\server\scripts\scripts.dir\release\zone_wetlands.obj
f:\dungeoncraft\build\src\server\scripts\scripts.dir\release\boss_felblood_kaelthas.obj
f:\dungeoncraft\build\src\server\scripts\scripts.dir\release\instance_sunwell_plateau.obj
f:\dungeoncraft\build\src\server\scripts\scripts.dir\release\zone_blasted_lands.obj
f:\dungeoncraft\build\src\server\scripts\scripts.dir\release\boss_netherspite.obj
f:\dungeoncraft\build\src\server\scripts\scripts.dir\release\boss_epoch_hunter.obj
f:\dungeoncraft\build\src\server\scripts\scripts.dir\release\boss_kazrogal.obj
f:\dungeoncraft\build\src\server\scripts\scripts.dir\release\instance_blackfathom_deeps.obj
f:\dungeoncraft\build\src\server\scripts\scripts.dir\release\boss_bug_trio.obj
f:\dungeoncraft\build\src\server\scripts\scripts.dir\release\zone_azshara.obj
f:\dungeoncraft\build\src\server\scripts\scripts.dir\release\zone_thousand_needles.obj
f:\dungeoncraft\build\src\server\scripts\scripts.dir\release\boss_kelidan_the_breaker.obj
f:\dungeoncraft\build\src\server\scripts\scripts.dir\release\boss_hydross_the_unstable.obj
f:\dungeoncraft\build\src\server\scripts\scripts.dir\release\instance_the_slave_pens.obj
f:\dungeoncraft\build\src\server\scripts\scripts.dir\release\boss_alar.obj
f:\dungeoncraft\build\src\server\scripts\scripts.dir\release\boss_ambassador_hellmaw.obj
f:\dungeoncraft\build\src\server\scripts\scripts.dir\release\boss_supremus.obj
f:\dungeoncraft\build\src\server\scripts\scripts.dir\release\zone_blades_edge_mountains.obj
f:\dungeoncraft\build\src\server\scripts\scripts.dir\release\ulduar.obj
f:\dungeoncraft\build\src\server\scripts\scripts.dir\release\boss_xt002.obj
f:\dungeoncraft\build\src\server\scripts\scripts.dir\release\brann_bronzebeard.obj
f:\dungeoncraft\build\src\server\scripts\scripts.dir\release\boss_krickandick.obj
f:\dungeoncraft\build\src\server\scripts\scripts.dir\release\oculus.obj
f:\dungeoncraft\build\src\server\scripts\scripts.dir\release\boss_black_knight.obj
f:\dungeoncraft\build\src\server\scripts\scripts.dir\release\boss_heigan.obj
f:\dungeoncraft\build\src\server\scripts\scripts.dir\release\boss_koralon.obj
f:\dungeoncraft\build\src\server\scripts\scripts.dir\release\utgarde_keep.obj
f:\dungeoncraft\build\src\server\scripts\scripts.dir\release\boss_zuramat.obj
f:\dungeoncraft\build\src\server\scripts\scripts.dir\release\icecrown_citadel_teleport.obj
f:\dungeoncraft\build\src\server\scripts\scripts.dir\release\boss_professor_putricide.obj
f:\dungeoncraft\build\src\server\scripts\scripts.dir\release\boss_gal_darah.obj
f:\dungeoncraft\build\src\server\scripts\scripts.dir\release\brewfest.obj
f:\dungeoncraft\build\src\server\scripts\scripts.dir\release\spell_warlock.obj
f:\dungeoncraft\build\src\server\scripts\scripts.dir\release\cs_cast.obj
f:\dungeoncraft\build\src\server\scripts\scripts.dir\release\cs_go.obj
f:\dungeoncraft\build\src\server\scripts\scripts.dir\release\cs_spectator.obj
f:\dungeoncraft\build\src\server\scripts\scripts.dir\release\outdoorpvpzm.obj
f:\dungeoncraft\build\src\server\scripts\scripts.dir\release\blackrock_depths.obj
f:\dungeoncraft\build\src\server\scripts\scripts.dir\release\boss_pyroguard_emberseer.obj
f:\dungeoncraft\build\src\server\scripts\scripts.dir\release\boss_gizrul_the_slavener.obj
f:\dungeoncraft\build\src\server\scripts\scripts.dir\release\boss_shazzrah.obj
f:\dungeoncraft\build\src\server\scripts\scripts.dir\release\instance_gnomeregan.obj
f:\dungeoncraft\build\src\server\scripts\scripts.dir\release\zone_swamp_of_sorrows.obj
f:\dungeoncraft\build\src\server\scripts\scripts.dir\release\boss_brutallus.obj
f:\dungeoncraft\build\src\server\scripts\scripts.dir\release\boss_halazzi.obj
f:\dungeoncraft\build\src\server\scripts\scripts.dir\release\zone_western_plaguelands.obj
f:\dungeoncraft\build\src\server\scripts\scripts.dir\release\boss_servant_quarters.obj
f:\dungeoncraft\build\src\server\scripts\scripts.dir\release\boss_archimonde.obj
f:\dungeoncraft\build\src\server\scripts\scripts.dir\release\boss_aeonus.obj
f:\dungeoncraft\build\src\server\scripts\scripts.dir\release\instance_temple_of_ahnqiraj.obj
f:\dungeoncraft\build\src\server\scripts\scripts.dir\release\instance_ruins_of_ahnqiraj.obj
f:\dungeoncraft\build\src\server\scripts\scripts.dir\release\zone_tanaris.obj
f:\dungeoncraft\build\src\server\scripts\scripts.dir\release\instance_magtheridons_lair.obj
f:\dungeoncraft\build\src\server\scripts\scripts.dir\release\boss_hydromancer_thespia.obj
f:\dungeoncraft\build\src\server\scripts\scripts.dir\release\boss_the_black_stalker.obj
f:\dungeoncraft\build\src\server\scripts\scripts.dir\release\boss_gatewatcher_gyrokill.obj
f:\dungeoncraft\build\src\server\scripts\scripts.dir\release\boss_warp_splinter.obj
f:\dungeoncraft\build\src\server\scripts\scripts.dir\release\instance_auchenai_crypts.obj
f:\dungeoncraft\build\src\server\scripts\scripts.dir\release\instance_shadow_labyrinth.obj
f:\dungeoncraft\build\src\server\scripts\scripts.dir\release\boss_warlord_najentus.obj
f:\dungeoncraft\build\src\server\scripts\scripts.dir\release\zone_netherstorm.obj
f:\dungeoncraft\build\src\server\scripts\scripts.dir\release\instance_ulduar.obj
f:\dungeoncraft\build\src\server\scripts\scripts.dir\release\boss_krystallus.obj
f:\dungeoncraft\build\src\server\scripts\scripts.dir\release\boss_falric.obj
f:\dungeoncraft\build\src\server\scripts\scripts.dir\release\instance_pit_of_saron.obj
f:\dungeoncraft\build\src\server\scripts\scripts.dir\release\boss_urom.obj
f:\dungeoncraft\build\src\server\scripts\scripts.dir\release\boss_faction_champions.obj
f:\dungeoncraft\build\src\server\scripts\scripts.dir\release\boss_sapphiron.obj
f:\dungeoncraft\build\src\server\scripts\scripts.dir\release\boss_palehoof.obj
f:\dungeoncraft\build\src\server\scripts\scripts.dir\release\boss_keleseth.obj
f:\dungeoncraft\build\src\server\scripts\scripts.dir\release\boss_amanitar.obj
f:\dungeoncraft\build\src\server\scripts\scripts.dir\release\boss_xevozz.obj
f:\dungeoncraft\build\src\server\scripts\scripts.dir\release\boss_blood_prince_council.obj
f:\dungeoncraft\build\src\server\scripts\scripts.dir\release\instance_gundrak.obj
f:\dungeoncraft\build\src\server\scripts\scripts.dir\release\instance_drak_tharon_keep.obj
f:\dungeoncraft\build\src\server\scripts\scripts.dir\release\pet_generic.obj
f:\dungeoncraft\build\src\server\scripts\scripts.dir\release\spell_rogue.obj
f:\dungeoncraft\build\src\server\scripts\scripts.dir\release\playercommand.obj
f:\dungeoncraft\build\src\server\scripts\scripts.dir\release\cs_arena.obj
f:\dungeoncraft\build\src\server\scripts\scripts.dir\release\cs_debug.obj
f:\dungeoncraft\build\src\server\scripts\scripts.dir\release\cs_quest.obj
f:\dungeoncraft\build\src\server\scripts\scripts.dir\release\cs_server.obj
f:\dungeoncraft\build\src\server\scripts\scripts.dir\release\scriptedfollowerai.obj
f:\dungeoncraft\build\src\server\scripts\scripts.dir\release\guards.obj
f:\dungeoncraft\build\src\server\scripts\scripts.dir\release\npc_innkeeper.obj
f:\dungeoncraft\build\src\server\scripts\scripts.dir\release\outdoorpvpsi.obj
f:\dungeoncraft\build\src\server\scripts\scripts.dir\release\boss_balinda.obj
f:\dungeoncraft\build\src\server\scripts\scripts.dir\release\boss_grizzle.obj
f:\dungeoncraft\build\src\server\scripts\scripts.dir\release\boss_razorgore.obj
f:\dungeoncraft\build\src\server\scripts\scripts.dir\release\boss_overlord_wyrmthalak.obj
f:\dungeoncraft\build\src\server\scripts\scripts.dir\release\boss_lucifron.obj
f:\dungeoncraft\build\src\server\scripts\scripts.dir\release\instance_scholomance.obj
f:\dungeoncraft\build\src\server\scripts\scripts.dir\release\zone_redridge_mountains.obj
f:\dungeoncraft\build\src\server\scripts\scripts.dir\release\instance_magisters_terrace.obj
f:\dungeoncraft\build\src\server\scripts\scripts.dir\release\boss_mr_smite.obj
f:\dungeoncraft\build\src\server\scripts\scripts.dir\release\zone_loch_modan.obj
f:\dungeoncraft\build\src\server\scripts\scripts.dir\release\boss_janalai.obj
f:\dungeoncraft\build\src\server\scripts\scripts.dir\release\boss_curator.obj
f:\dungeoncraft\build\src\server\scripts\scripts.dir\release\boss_moroes.obj
f:\dungeoncraft\build\src\server\scripts\scripts.dir\release\boss_captain_skarloc.obj
f:\dungeoncraft\build\src\server\scripts\scripts.dir\release\boss_rage_winterchill.obj
f:\dungeoncraft\build\src\server\scripts\scripts.dir\release\boss_meathook.obj
f:\dungeoncraft\build\src\server\scripts\scripts.dir\release\zone_desolace.obj
f:\dungeoncraft\build\src\server\scripts\scripts.dir\release\boss_buru.obj
f:\dungeoncraft\build\src\server\scripts\scripts.dir\release\zone_ungoro_crater.obj
f:\dungeoncraft\build\src\server\scripts\scripts.dir\release\zone_nagrand.obj
f:\dungeoncraft\build\src\server\scripts\scripts.dir\release\boss_nethekurse.obj
f:\dungeoncraft\build\src\server\scripts\scripts.dir\release\zone_shattrath_city.obj
f:\dungeoncraft\build\src\server\scripts\scripts.dir\release\instance_the_botanica.obj
f:\dungeoncraft\build\src\server\scripts\scripts.dir\release\instance_sethekk_halls.obj
f:\dungeoncraft\build\src\server\scripts\scripts.dir\release\boss_shade_of_akama.obj
f:\dungeoncraft\build\src\server\scripts\scripts.dir\release\zone_storm_peaks.obj
f:\dungeoncraft\build\src\server\scripts\scripts.dir\release\boss_mimiron.obj
f:\dungeoncraft\build\src\server\scripts\scripts.dir\release\boss_halion.obj
f:\dungeoncraft\build\src\server\scripts\scripts.dir\release\boss_drakos.obj
f:\dungeoncraft\build\src\server\scripts\scripts.dir\release\boss_magus_telestra.obj
f:\dungeoncraft\build\src\server\scripts\scripts.dir\release\instance_trial_of_the_champion.obj
f:\dungeoncraft\build\src\server\scripts\scripts.dir\release\boss_thaddius.obj
f:\dungeoncraft\build\src\server\scripts\scripts.dir\release\zone_sholazar_basin.obj
f:\dungeoncraft\build\src\server\scripts\scripts.dir\release\instance_ahnkahet.obj
f:\dungeoncraft\build\src\server\scripts\scripts.dir\release\boss_erekem.obj
f:\dungeoncraft\build\src\server\scripts\scripts.dir\release\boss_festergut.obj
f:\dungeoncraft\build\src\server\scripts\scripts.dir\release\boss_sindragosa.obj
f:\dungeoncraft\build\src\server\scripts\scripts.dir\release\boss_novos.obj
f:\dungeoncraft\build\src\server\scripts\scripts.dir\release\pet_shaman.obj
f:\dungeoncraft\build\src\server\scripts\scripts.dir\release\cfbg_sc.obj
f:\dungeoncraft\build\src\server\scripts\scripts.dir\release\spell_hunter.obj
f:\dungeoncraft\build\src\server\scripts\scripts.dir\release\cs_bf.obj
f:\dungeoncraft\build\src\server\scripts\scripts.dir\release\cs_gobject.obj
f:\dungeoncraft\build\src\server\scripts\scripts.dir\release\genloader.obj
f:\dungeoncraft\build\src\server\scripts\scripts.dir\release\chat_log.obj
f:\dungeoncraft\build\src\server\scripts\scripts.dir\release\action_ip_logger.obj
f:\dungeoncraft\build\src\server\scripts\scripts.dir\release\boss_high_interrogator_gerstahn.obj
f:\dungeoncraft\build\src\server\scripts\scripts.dir\release\instance_blackrock_depths.obj
f:\dungeoncraft\build\src\server\scripts\scripts.dir\release\boss_vaelastrasz.obj
f:\dungeoncraft\build\src\server\scripts\scripts.dir\release\boss_the_beast.obj
f:\dungeoncraft\build\src\server\scripts\scripts.dir\release\boss_majordomo_executus.obj
f:\dungeoncraft\build\src\server\scripts\scripts.dir\release\zone_isle_of_queldanas.obj
f:\dungeoncraft\build\src\server\scripts\scripts.dir\release\zone_arathi_highlands.obj
f:\dungeoncraft\build\src\server\scripts\scripts.dir\release\boss_priestess_delrissa.obj
f:\dungeoncraft\build\src\server\scripts\scripts.dir\release\boss_muru.obj
f:\dungeoncraft\build\src\server\scripts\scripts.dir\release\zone_burning_steppes.obj
f:\dungeoncraft\build\src\server\scripts\scripts.dir\release\zone_stormwind_city.obj
f:\dungeoncraft\build\src\server\scripts\scripts.dir\release\zone_hinterlands.obj
f:\dungeoncraft\build\src\server\scripts\scripts.dir\release\boss_shade_of_aran.obj
f:\dungeoncraft\build\src\server\scripts\scripts.dir\release\zone_silithus.obj
f:\dungeoncraft\build\src\server\scripts\scripts.dir\release\hyjal_trash.obj
f:\dungeoncraft\build\src\server\scripts\scripts.dir\release\instance_culling_of_stratholme.obj
f:\dungeoncraft\build\src\server\scripts\scripts.dir\release\boss_cthun.obj
f:\dungeoncraft\build\src\server\scripts\scripts.dir\release\zone_thunder_bluff.obj
f:\dungeoncraft\build\src\server\scripts\scripts.dir\release\zone_durotar.obj
f:\dungeoncraft\build\src\server\scripts\scripts.dir\release\boss_vazruden_the_herald.obj
f:\dungeoncraft\build\src\server\scripts\scripts.dir\release\boss_fathomlord_karathress.obj
f:\dungeoncraft\build\src\server\scripts\scripts.dir\release\boss_nethermancer_sepethrea.obj
f:\dungeoncraft\build\src\server\scripts\scripts.dir\release\boss_laj.obj
f:\dungeoncraft\build\src\server\scripts\scripts.dir\release\instance_arcatraz.obj
f:\dungeoncraft\build\src\server\scripts\scripts.dir\release\boss_grandmaster_vorpil.obj
f:\dungeoncraft\build\src\server\scripts\scripts.dir\release\instance_black_temple.obj
f:\dungeoncraft\build\src\server\scripts\scripts.dir\release\boss_ionar.obj
f:\dungeoncraft\build\src\server\scripts\scripts.dir\release\boss_hodir.obj
f:\dungeoncraft\build\src\server\scripts\scripts.dir\release\instance_obsidian_sanctum.obj
f:\dungeoncraft\build\src\server\scripts\scripts.dir\release\boss_forgemaster_garfrost.obj
f:\dungeoncraft\build\src\server\scripts\scripts.dir\release\boss_eregos.obj
f:\dungeoncraft\build\src\server\scripts\scripts.dir\release\boss_ormorok.obj
f:\dungeoncraft\build\src\server\scripts\scripts.dir\release\trial_of_the_crusader.obj
f:\dungeoncraft\build\src\server\scripts\scripts.dir\release\boss_argent_challenge.obj
f:\dungeoncraft\build\src\server\scripts\scripts.dir\release\instance_naxxramas.obj
f:\dungeoncraft\build\src\server\scripts\scripts.dir\release\boss_ingvar_the_plunderer.obj
f:\dungeoncraft\build\src\server\scripts\scripts.dir\release\zone_dragonblight.obj
f:\dungeoncraft\build\src\server\scripts\scripts.dir\release\boss_icecrown_gunship_battle.obj
f:\dungeoncraft\build\src\server\scripts\scripts.dir\release\boss_eck.obj
f:\dungeoncraft\build\src\server\scripts\scripts.dir\release\boss_tharon_ja.obj
f:\dungeoncraft\build\src\server\scripts\scripts.dir\release\pet_hunter.obj
f:\dungeoncraft\build\src\server\scripts\scripts.dir\release\spellregulator.obj
f:\dungeoncraft\build\src\server\scripts\scripts.dir\release\npc_buffer.obj
f:\dungeoncraft\build\src\server\scripts\release\cotire\scripts_cxx_prefix.pch
f:\dungeoncraft\build\src\server\scripts\scripts.dir\release\spell_shaman.obj
f:\dungeoncraft\build\src\server\scripts\scripts.dir\release\auctionhousebot.obj
f:\dungeoncraft\build\src\server\scripts\scripts.dir\release\cs_ah_bot.obj
f:\dungeoncraft\build\src\server\scripts\scripts.dir\release\auctionhousebotscript.obj
f:\dungeoncraft\build\src\server\scripts\release\cotire\scripts_cxx_prefix.hxx
f:\dungeoncraft\build\src\server\scripts\cmakefiles\generate.stamp
f:\dungeoncraft\build\src\server\scripts\release\scripts.lib
f:\dungeoncraft\build\src\server\scripts\scripts.dir\release\scripts.tlog\cl.command.1.tlog
f:\dungeoncraft\build\src\server\scripts\scripts.dir\release\scripts.tlog\cl.read.1.tlog
f:\dungeoncraft\build\src\server\scripts\scripts.dir\release\scripts.tlog\cl.write.1.tlog
f:\dungeoncraft\build\src\server\scripts\scripts.dir\release\scripts.tlog\custombuild.command.1.tlog
f:\dungeoncraft\build\src\server\scripts\scripts.dir\release\scripts.tlog\custombuild.read.1.tlog
f:\dungeoncraft\build\src\server\scripts\scripts.dir\release\scripts.tlog\custombuild.write.1.tlog
f:\dungeoncraft\build\src\server\scripts\scripts.dir\release\scripts.tlog\lib-link.read.1.tlog
f:\dungeoncraft\build\src\server\scripts\scripts.dir\release\scripts.tlog\lib-link.write.1.tlog
f:\dungeoncraft\build\src\server\scripts\scripts.dir\release\scripts.tlog\lib.command.1.tlog
