f:\dungeoncraft\build\deps\g3dlite\g3dlib.dir\release\any.obj
f:\dungeoncraft\build\deps\g3dlite\g3dlib.dir\release\quat.obj
f:\dungeoncraft\build\deps\g3dlite\g3dlib.dir\release\vector3.obj
f:\dungeoncraft\build\deps\g3dlite\g3dlib.dir\release\binaryinput.obj
f:\dungeoncraft\build\deps\g3dlite\g3dlib.dir\release\matrix4.obj
f:\dungeoncraft\build\deps\g3dlite\g3dlib.dir\release\triangle.obj
f:\dungeoncraft\build\deps\g3dlite\g3dlib.dir\release\capsule.obj
f:\dungeoncraft\build\deps\g3dlite\g3dlib.dir\release\line.obj
f:\dungeoncraft\build\deps\g3dlite\g3dlib.dir\release\referencecount.obj
f:\dungeoncraft\build\deps\g3dlite\g3dlib.dir\release\vector2.obj
f:\dungeoncraft\build\deps\g3dlite\g3dlib.dir\release\crypto.obj
f:\dungeoncraft\build\deps\g3dlite\g3dlib.dir\release\format.obj
f:\dungeoncraft\build\deps\g3dlite\g3dlib.dir\release\physicsframe.obj
f:\dungeoncraft\build\deps\g3dlite\g3dlib.dir\release\uprightframe.obj
f:\dungeoncraft\build\deps\g3dlite\g3dlib.dir\release\debugassert.obj
f:\dungeoncraft\build\deps\g3dlite\g3dlib.dir\release\filesystem.obj
f:\dungeoncraft\build\deps\g3dlite\g3dlib.dir\release\random.obj
f:\dungeoncraft\build\deps\g3dlite\g3dlib.dir\release\textinput.obj
f:\dungeoncraft\build\deps\g3dlite\g3dlib.dir\release\collisiondetection.obj
f:\dungeoncraft\build\deps\g3dlite\g3dlib.dir\release\plane.obj
f:\dungeoncraft\build\deps\g3dlite\g3dlib.dir\release\textoutput.obj
f:\dungeoncraft\build\deps\g3dlite\g3dlib.dir\release\coordinateframe.obj
f:\dungeoncraft\build\deps\g3dlite\g3dlib.dir\release\matrix3.obj
f:\dungeoncraft\build\deps\g3dlite\g3dlib.dir\release\system.obj
f:\dungeoncraft\build\deps\g3dlite\g3dlib.dir\release\cylinder.obj
f:\dungeoncraft\build\deps\g3dlite\g3dlib.dir\release\linesegment.obj
f:\dungeoncraft\build\deps\g3dlite\g3dlib.dir\release\sphere.obj
f:\dungeoncraft\build\deps\g3dlite\g3dlib.dir\release\binaryformat.obj
f:\dungeoncraft\build\deps\g3dlite\g3dlib.dir\release\fileutils.obj
f:\dungeoncraft\build\deps\g3dlite\g3dlib.dir\release\ray.obj
f:\dungeoncraft\build\deps\g3dlite\g3dlib.dir\release\box.obj
f:\dungeoncraft\build\deps\g3dlite\g3dlib.dir\release\g3dmath.obj
f:\dungeoncraft\build\deps\g3dlite\g3dlib.dir\release\prompt.obj
f:\dungeoncraft\build\deps\g3dlite\g3dlib.dir\release\uint128.obj
f:\dungeoncraft\build\deps\g3dlite\g3dlib.dir\release\binaryoutput.obj
f:\dungeoncraft\build\deps\g3dlite\g3dlib.dir\release\memorymanager.obj
f:\dungeoncraft\build\deps\g3dlite\g3dlib.dir\release\registryutil.obj
f:\dungeoncraft\build\deps\g3dlite\g3dlib.dir\release\vector4.obj
f:\dungeoncraft\build\deps\g3dlite\g3dlib.dir\release\aabox.obj
f:\dungeoncraft\build\deps\g3dlite\g3dlib.dir\release\g3dfnmatch.obj
f:\dungeoncraft\build\deps\g3dlite\g3dlib.dir\release\log.obj
f:\dungeoncraft\build\deps\g3dlite\g3dlib.dir\release\stringutils.obj
f:\dungeoncraft\build\deps\g3dlite\cmakefiles\generate.stamp
f:\dungeoncraft\build\deps\g3dlite\release\g3dlib.lib
f:\dungeoncraft\build\deps\g3dlite\g3dlib.dir\release\g3dlib.tlog\cl.12204.write.1.tlog
f:\dungeoncraft\build\deps\g3dlite\g3dlib.dir\release\g3dlib.tlog\cl.command.1.tlog
f:\dungeoncraft\build\deps\g3dlite\g3dlib.dir\release\g3dlib.tlog\cl.read.1.tlog
f:\dungeoncraft\build\deps\g3dlite\g3dlib.dir\release\g3dlib.tlog\custombuild.command.1.tlog
f:\dungeoncraft\build\deps\g3dlite\g3dlib.dir\release\g3dlib.tlog\custombuild.read.1.tlog
f:\dungeoncraft\build\deps\g3dlite\g3dlib.dir\release\g3dlib.tlog\custombuild.write.1.tlog
f:\dungeoncraft\build\deps\g3dlite\g3dlib.dir\release\g3dlib.tlog\lib-link.read.1.tlog
f:\dungeoncraft\build\deps\g3dlite\g3dlib.dir\release\g3dlib.tlog\lib-link.write.1.tlog
f:\dungeoncraft\build\deps\g3dlite\g3dlib.dir\release\g3dlib.tlog\lib.command.1.tlog
