f:\dungeoncraft\build\src\server\game\game.dir\release\player.obj
f:\dungeoncraft\build\src\server\game\game.dir\release\spelleffects.obj
f:\dungeoncraft\build\src\server\game\release\cotire\game_cxx_prefix.pch
f:\dungeoncraft\build\src\server\game\game.dir\release\creatureai.obj
f:\dungeoncraft\build\src\server\game\game.dir\release\gameobjectai.obj
f:\dungeoncraft\build\src\server\game\game.dir\release\scriptedgossip.obj
f:\dungeoncraft\build\src\server\game\game.dir\release\achievementmgr.obj
f:\dungeoncraft\build\src\server\game\game.dir\release\battlegroundrv.obj
f:\dungeoncraft\build\src\server\game\game.dir\release\dbcstores.obj
f:\dungeoncraft\build\src\server\game\game.dir\release\gridnotifiers.obj
f:\dungeoncraft\build\src\server\game\game.dir\release\channelhandler.obj
f:\dungeoncraft\build\src\server\game\game.dir\release\guildhandler.obj
f:\dungeoncraft\build\src\server\game\game.dir\release\movementhandler.obj
f:\dungeoncraft\build\src\server\game\game.dir\release\lootmgr.obj
f:\dungeoncraft\build\src\server\game\game.dir\release\movementutil.obj
f:\dungeoncraft\build\src\server\game\game.dir\release\outdoorpvpmgr.obj
f:\dungeoncraft\build\src\server\game\game.dir\release\spellinfo.obj
f:\dungeoncraft\build\src\server\game\game.dir\release\playerdump.obj
f:\dungeoncraft\build\src\server\game\game.dir\release\weathermgr.obj
f:\dungeoncraft\build\src\server\game\game.dir\release\totemai.obj
f:\dungeoncraft\build\src\server\game\game.dir\release\addonmgr.obj
f:\dungeoncraft\build\src\server\game\game.dir\release\battlefieldhandler.obj
f:\dungeoncraft\build\src\server\game\game.dir\release\battlegroundqueue.obj
f:\dungeoncraft\build\src\server\game\game.dir\release\battlegroundws.obj
f:\dungeoncraft\build\src\server\game\game.dir\release\lfg.obj
f:\dungeoncraft\build\src\server\game\game.dir\release\lfgplayerdata.obj
f:\dungeoncraft\build\src\server\game\game.dir\release\creature.obj
f:\dungeoncraft\build\src\server\game\game.dir\release\gameeventmgr.obj
f:\dungeoncraft\build\src\server\game\game.dir\release\chathandler.obj
f:\dungeoncraft\build\src\server\game\game.dir\release\queryhandler.obj
f:\dungeoncraft\build\src\server\game\game.dir\release\vehiclehandler.obj
f:\dungeoncraft\build\src\server\game\game.dir\release\asyncauctionlisting.obj
f:\dungeoncraft\build\src\server\game\game.dir\release\confusedmovementgenerator.obj
f:\dungeoncraft\build\src\server\game\game.dir\release\waypointmanager.obj
f:\dungeoncraft\build\src\server\game\game.dir\release\mapscripts.obj
f:\dungeoncraft\build\src\server\game\game.dir\release\ticketmgr.obj
f:\dungeoncraft\build\src\server\game\game.dir\release\weather.obj
f:\dungeoncraft\build\src\server\game\game.dir\release\creatureaiselector.obj
f:\dungeoncraft\build\src\server\game\game.dir\release\smartscript.obj
f:\dungeoncraft\build\src\server\game\game.dir\release\corpse.obj
f:\dungeoncraft\build\src\server\game\game.dir\release\objectposselector.obj
f:\dungeoncraft\build\src\server\game\game.dir\release\pet.obj
f:\dungeoncraft\build\src\server\game\game.dir\release\group.obj
f:\dungeoncraft\build\src\server\game\game.dir\release\grouphandler.obj
f:\dungeoncraft\build\src\server\game\game.dir\release\npchandler.obj
f:\dungeoncraft\build\src\server\game\game.dir\release\instancescript.obj
f:\dungeoncraft\build\src\server\game\game.dir\release\movementgenerator.obj
f:\dungeoncraft\build\src\server\game\game.dir\release\escortmovementgenerator.obj
f:\dungeoncraft\build\src\server\game\game.dir\release\spline.obj
f:\dungeoncraft\build\src\server\game\game.dir\release\reputationmgr.obj
f:\dungeoncraft\build\src\server\game\game.dir\release\spellscript.obj
f:\dungeoncraft\build\src\server\game\game.dir\release\warden.obj
f:\dungeoncraft\build\src\server\game\game.dir\release\combatai.obj
f:\dungeoncraft\build\src\server\game\game.dir\release\smartscriptmgr.obj
f:\dungeoncraft\build\src\server\game\game.dir\release\battlegroundav.obj
f:\dungeoncraft\build\src\server\game\game.dir\release\chat.obj
f:\dungeoncraft\build\src\server\game\game.dir\release\gossipdef.obj
f:\dungeoncraft\build\src\server\game\game.dir\release\totem.obj
f:\dungeoncraft\build\src\server\game\game.dir\release\objectmgr.obj
f:\dungeoncraft\build\src\server\game\game.dir\release\avgdifftracker.obj
f:\dungeoncraft\build\src\server\game\game.dir\release\dynamicvisibility.obj
f:\dungeoncraft\build\src\server\game\game.dir\release\savingsystem.obj
f:\dungeoncraft\build\src\server\game\game.dir\release\servermotd.obj
f:\dungeoncraft\build\src\server\game\game.dir\release\randommovementgenerator.obj
f:\dungeoncraft\build\src\server\game\game.dir\release\movementpacketbuilder.obj
f:\dungeoncraft\build\src\server\game\game.dir\release\petitionmgr.obj
f:\dungeoncraft\build\src\server\game\game.dir\release\worldsession.obj
f:\dungeoncraft\build\src\server\game\game.dir\release\wardencheckmgr.obj
f:\dungeoncraft\build\src\server\game\game.dir\release\wardenmac.obj
f:\dungeoncraft\build\src\server\game\game.dir\release\petai.obj
f:\dungeoncraft\build\src\server\game\game.dir\release\battlefield.obj
f:\dungeoncraft\build\src\server\game\game.dir\release\battlegroundey.obj
f:\dungeoncraft\build\src\server\game\game.dir\release\chatlink.obj
f:\dungeoncraft\build\src\server\game\game.dir\release\disablemgr.obj
f:\dungeoncraft\build\src\server\game\game.dir\release\gameobject.obj
f:\dungeoncraft\build\src\server\game\game.dir\release\objectgridloader.obj
f:\dungeoncraft\build\src\server\game\game.dir\release\groupmgr.obj
f:\dungeoncraft\build\src\server\game\game.dir\release\guildmgr.obj
f:\dungeoncraft\build\src\server\game\game.dir\release\duelhandler.obj
f:\dungeoncraft\build\src\server\game\game.dir\release\loothandler.obj
f:\dungeoncraft\build\src\server\game\game.dir\release\referafriendhandler.obj
f:\dungeoncraft\build\src\server\game\game.dir\release\tickethandler.obj
f:\dungeoncraft\build\src\server\game\game.dir\release\transportmgr.obj
f:\dungeoncraft\build\src\server\game\game.dir\release\wholistcache.obj
f:\dungeoncraft\build\src\server\game\game.dir\release\movesplineinit.obj
f:\dungeoncraft\build\src\server\game\game.dir\release\scriptsystem.obj
f:\dungeoncraft\build\src\server\game\game.dir\release\packetlog.obj
f:\dungeoncraft\build\src\server\game\game.dir\release\spell.obj
f:\dungeoncraft\build\src\server\game\game.dir\release\scriptedcreature.obj
f:\dungeoncraft\build\src\server\game\game.dir\release\battlefieldmgr.obj
f:\dungeoncraft\build\src\server\game\game.dir\release\battlegroundab.obj
f:\dungeoncraft\build\src\server\game\game.dir\release\battlegroundrl.obj
f:\dungeoncraft\build\src\server\game\game.dir\release\threatmanager.obj
f:\dungeoncraft\build\src\server\game\game.dir\release\creaturegroups.obj
f:\dungeoncraft\build\src\server\game\game.dir\release\dynamicobject.obj
f:\dungeoncraft\build\src\server\game\game.dir\release\unit.obj
f:\dungeoncraft\build\src\server\game\game.dir\release\pethandler.obj
f:\dungeoncraft\build\src\server\game\game.dir\release\tradehandler.obj
f:\dungeoncraft\build\src\server\game\game.dir\release\gamegraveyard.obj
f:\dungeoncraft\build\src\server\game\game.dir\release\motionmaster.obj
f:\dungeoncraft\build\src\server\game\game.dir\release\questdef.obj
f:\dungeoncraft\build\src\server\game\game.dir\release\spellmgr.obj
f:\dungeoncraft\build\src\server\game\game.dir\release\reactorai.obj
f:\dungeoncraft\build\src\server\game\game.dir\release\smartai.obj
f:\dungeoncraft\build\src\server\game\game.dir\release\battlegroundmgr.obj
f:\dungeoncraft\build\src\server\game\game.dir\release\conditionmgr.obj
f:\dungeoncraft\build\src\server\game\game.dir\release\updatedata.obj
f:\dungeoncraft\build\src\server\game\game.dir\release\updatefieldflags.obj
f:\dungeoncraft\build\src\server\game\game.dir\release\questhandler.obj
f:\dungeoncraft\build\src\server\game\game.dir\release\mail.obj
f:\dungeoncraft\build\src\server\game\game.dir\release\fleeingmovementgenerator.obj
f:\dungeoncraft\build\src\server\game\game.dir\release\outdoorpvp.obj
f:\dungeoncraft\build\src\server\game\game.dir\release\skilldiscovery.obj
f:\dungeoncraft\build\src\server\game\game.dir\release\characterdatabasecleaner.obj
f:\dungeoncraft\build\src\server\game\game.dir\release\wardenwin.obj
f:\dungeoncraft\build\src\server\game\game.dir\release\unitai.obj
f:\dungeoncraft\build\src\server\game\game.dir\release\auctionhousemgr.obj
f:\dungeoncraft\build\src\server\game\game.dir\release\battlegroundna.obj
f:\dungeoncraft\build\src\server\game\game.dir\release\hostilerefmanager.obj
f:\dungeoncraft\build\src\server\game\game.dir\release\lfgmgr.obj
f:\dungeoncraft\build\src\server\game\game.dir\release\vehicle.obj
f:\dungeoncraft\build\src\server\game\game.dir\release\authhandler.obj
f:\dungeoncraft\build\src\server\game\game.dir\release\calendarhandler.obj
f:\dungeoncraft\build\src\server\game\game.dir\release\mailhandler.obj
f:\dungeoncraft\build\src\server\game\game.dir\release\taxihandler.obj
f:\dungeoncraft\build\src\server\game\game.dir\release\map.obj
f:\dungeoncraft\build\src\server\game\game.dir\release\worldsocketmgr.obj
f:\dungeoncraft\build\src\server\game\game.dir\release\spellauraeffects.obj
f:\dungeoncraft\build\src\server\game\game.dir\release\creatureairegistry.obj
f:\dungeoncraft\build\src\server\game\game.dir\release\arenateammgr.obj
f:\dungeoncraft\build\src\server\game\game.dir\release\battlegroundic.obj
f:\dungeoncraft\build\src\server\game\game.dir\release\channel.obj
f:\dungeoncraft\build\src\server\game\game.dir\release\temporarysummon.obj
f:\dungeoncraft\build\src\server\game\game.dir\release\socialmgr.obj
f:\dungeoncraft\build\src\server\game\game.dir\release\objectaccessor.obj
f:\dungeoncraft\build\src\server\game\game.dir\release\battlegroundhandler.obj
f:\dungeoncraft\build\src\server\game\game.dir\release\itemhandler.obj
f:\dungeoncraft\build\src\server\game\game.dir\release\petitionshandler.obj
f:\dungeoncraft\build\src\server\game\game.dir\release\voicechathandler.obj
f:\dungeoncraft\build\src\server\game\game.dir\release\lootitemstorage.obj
f:\dungeoncraft\build\src\server\game\game.dir\release\mapinstanced.obj
f:\dungeoncraft\build\src\server\game\game.dir\release\followerreference.obj
f:\dungeoncraft\build\src\server\game\game.dir\release\homemovementgenerator.obj
f:\dungeoncraft\build\src\server\game\game.dir\release\pathgenerator.obj
f:\dungeoncraft\build\src\server\game\game.dir\release\targetedmovementgenerator.obj
f:\dungeoncraft\build\src\server\game\game.dir\release\worldsocket.obj
f:\dungeoncraft\build\src\server\game\game.dir\release\spellauras.obj
f:\dungeoncraft\build\src\server\game\game.dir\release\scriptedescortai.obj
f:\dungeoncraft\build\src\server\game\game.dir\release\arenateam.obj
f:\dungeoncraft\build\src\server\game\game.dir\release\battlegroundbe.obj
f:\dungeoncraft\build\src\server\game\game.dir\release\battlegroundsa.obj
f:\dungeoncraft\build\src\server\game\game.dir\release\lfggroupdata.obj
f:\dungeoncraft\build\src\server\game\game.dir\release\lfgqueue.obj
f:\dungeoncraft\build\src\server\game\game.dir\release\item.obj
f:\dungeoncraft\build\src\server\game\game.dir\release\statsystem.obj
f:\dungeoncraft\build\src\server\game\game.dir\release\auctionhousehandler.obj
f:\dungeoncraft\build\src\server\game\game.dir\release\combathandler.obj
f:\dungeoncraft\build\src\server\game\game.dir\release\lfghandler.obj
f:\dungeoncraft\build\src\server\game\game.dir\release\skillhandler.obj
f:\dungeoncraft\build\src\server\game\game.dir\release\instancesavemgr.obj
f:\dungeoncraft\build\src\server\game\game.dir\release\movespline.obj
f:\dungeoncraft\build\src\server\game\game.dir\release\poolmgr.obj
f:\dungeoncraft\build\src\server\game\game.dir\release\skillextraitems.obj
f:\dungeoncraft\build\src\server\game\game.dir\release\creaturetextmgr.obj
f:\dungeoncraft\build\src\server\game\game.dir\release\passiveai.obj
f:\dungeoncraft\build\src\server\game\game.dir\release\scriptedfollowerai.obj
f:\dungeoncraft\build\src\server\game\game.dir\release\battlefieldwg.obj
f:\dungeoncraft\build\src\server\game\game.dir\release\battlegroundds.obj
f:\dungeoncraft\build\src\server\game\game.dir\release\calendarmgr.obj
f:\dungeoncraft\build\src\server\game\game.dir\release\lfgscripts.obj
f:\dungeoncraft\build\src\server\game\game.dir\release\object.obj
f:\dungeoncraft\build\src\server\game\game.dir\release\groupreference.obj
f:\dungeoncraft\build\src\server\game\game.dir\release\addonhandler.obj
f:\dungeoncraft\build\src\server\game\game.dir\release\arenateamhandler.obj
f:\dungeoncraft\build\src\server\game\game.dir\release\characterhandler.obj
f:\dungeoncraft\build\src\server\game\game.dir\release\spellhandler.obj
f:\dungeoncraft\build\src\server\game\game.dir\release\mapupdater.obj
f:\dungeoncraft\build\src\server\game\game.dir\release\banmanager.obj
f:\dungeoncraft\build\src\server\game\game.dir\release\waypointmovementgenerator.obj
f:\dungeoncraft\build\src\server\game\game.dir\release\opcodes.obj
f:\dungeoncraft\build\src\server\game\game.dir\release\world.obj
f:\dungeoncraft\build\src\server\game\game.dir\release\guardai.obj
f:\dungeoncraft\build\src\server\game\game.dir\release\accountmgr.obj
f:\dungeoncraft\build\src\server\game\game.dir\release\battleground.obj
f:\dungeoncraft\build\src\server\game\game.dir\release\channelmgr.obj
f:\dungeoncraft\build\src\server\game\game.dir\release\itemenchantmentmgr.obj
f:\dungeoncraft\build\src\server\game\game.dir\release\bag.obj
f:\dungeoncraft\build\src\server\game\game.dir\release\transport.obj
f:\dungeoncraft\build\src\server\game\game.dir\release\guild.obj
f:\dungeoncraft\build\src\server\game\game.dir\release\mischandler.obj
f:\dungeoncraft\build\src\server\game\game.dir\release\mapmanager.obj
f:\dungeoncraft\build\src\server\game\game.dir\release\idlemovementgenerator.obj
f:\dungeoncraft\build\src\server\game\game.dir\release\pointmovementgenerator.obj
f:\dungeoncraft\build\src\server\game\game.dir\release\scriptmgr.obj
f:\dungeoncraft\build\src\server\game\release\cotire\game_cxx_prefix.hxx
f:\dungeoncraft\build\src\server\game\cmakefiles\generate.stamp
f:\dungeoncraft\build\src\server\game\release\game.lib
f:\dungeoncraft\build\src\server\game\game.dir\release\game.tlog\cl.command.1.tlog
f:\dungeoncraft\build\src\server\game\game.dir\release\game.tlog\cl.read.1.tlog
f:\dungeoncraft\build\src\server\game\game.dir\release\game.tlog\cl.write.1.tlog
f:\dungeoncraft\build\src\server\game\game.dir\release\game.tlog\custombuild.command.1.tlog
f:\dungeoncraft\build\src\server\game\game.dir\release\game.tlog\custombuild.read.1.tlog
f:\dungeoncraft\build\src\server\game\game.dir\release\game.tlog\custombuild.write.1.tlog
f:\dungeoncraft\build\src\server\game\game.dir\release\game.tlog\lib-link.read.1.tlog
f:\dungeoncraft\build\src\server\game\game.dir\release\game.tlog\lib-link.write.1.tlog
f:\dungeoncraft\build\src\server\game\game.dir\release\game.tlog\lib.command.1.tlog
