f:\dungeoncraft\build\deps\recastnavigation\recast\recast.dir\release\recastmesh.obj
f:\dungeoncraft\build\deps\recastnavigation\recast\recast.dir\release\recastregion.obj
f:\dungeoncraft\build\deps\recastnavigation\recast\recast.dir\release\recastcontour.obj
f:\dungeoncraft\build\deps\recastnavigation\recast\recast.dir\release\recastlayers.obj
f:\dungeoncraft\build\deps\recastnavigation\recast\recast.dir\release\recastmeshdetail.obj
f:\dungeoncraft\build\deps\recastnavigation\recast\recast.dir\release\recastalloc.obj
f:\dungeoncraft\build\deps\recastnavigation\recast\recast.dir\release\recastassert.obj
f:\dungeoncraft\build\deps\recastnavigation\recast\recast.dir\release\recastfilter.obj
f:\dungeoncraft\build\deps\recastnavigation\recast\recast.dir\release\recastarea.obj
f:\dungeoncraft\build\deps\recastnavigation\recast\recast.dir\release\recast.obj
f:\dungeoncraft\build\deps\recastnavigation\recast\recast.dir\release\recastrasterization.obj
f:\dungeoncraft\build\deps\recastnavigation\recast\cmakefiles\generate.stamp
f:\dungeoncraft\build\deps\recastnavigation\recast\release\recast.lib
f:\dungeoncraft\build\deps\recastnavigation\recast\recast.dir\release\recast.tlog\cl.11688.write.1.tlog
f:\dungeoncraft\build\deps\recastnavigation\recast\recast.dir\release\recast.tlog\cl.command.1.tlog
f:\dungeoncraft\build\deps\recastnavigation\recast\recast.dir\release\recast.tlog\cl.read.1.tlog
f:\dungeoncraft\build\deps\recastnavigation\recast\recast.dir\release\recast.tlog\custombuild.command.1.tlog
f:\dungeoncraft\build\deps\recastnavigation\recast\recast.dir\release\recast.tlog\custombuild.read.1.tlog
f:\dungeoncraft\build\deps\recastnavigation\recast\recast.dir\release\recast.tlog\custombuild.write.1.tlog
f:\dungeoncraft\build\deps\recastnavigation\recast\recast.dir\release\recast.tlog\lib-link.read.1.tlog
f:\dungeoncraft\build\deps\recastnavigation\recast\recast.dir\release\recast.tlog\lib-link.write.1.tlog
f:\dungeoncraft\build\deps\recastnavigation\recast\recast.dir\release\recast.tlog\lib.command.1.tlog
