f:\dungeoncraft\build\cmakefiles\generate.stamp
f:\dungeoncraft\build\modules\mod-spell-regulator-master\cmakefiles\generate.stamp
f:\dungeoncraft\build\modules\mod-pvp-titles-master\cmakefiles\generate.stamp
f:\dungeoncraft\build\modules\mod-npc-talent-template-master\cmakefiles\generate.stamp
f:\dungeoncraft\build\modules\mod-npc-free-professions-master\cmakefiles\generate.stamp
f:\dungeoncraft\build\modules\mod-npc-buffer-master\cmakefiles\generate.stamp
f:\dungeoncraft\build\modules\mod-learn-highest-talent-master\cmakefiles\generate.stamp
f:\dungeoncraft\build\modules\mod-cfbg-master\cmakefiles\generate.stamp
f:\dungeoncraft\build\modules\mod-ah-bot-master\cmakefiles\generate.stamp
f:\dungeoncraft\build\deps\cmakefiles\generate.stamp
f:\dungeoncraft\build\deps\threads\cmakefiles\generate.stamp
f:\dungeoncraft\build\deps\acelite\cmakefiles\generate.stamp
f:\dungeoncraft\build\deps\acelite\ace\cmakefiles\generate.stamp
f:\dungeoncraft\build\deps\fmt\cmakefiles\generate.stamp
f:\dungeoncraft\build\deps\zlib\cmakefiles\generate.stamp
f:\dungeoncraft\build\deps\g3dlite\cmakefiles\generate.stamp
f:\dungeoncraft\build\deps\recastnavigation\cmakefiles\generate.stamp
f:\dungeoncraft\build\deps\recastnavigation\detour\cmakefiles\generate.stamp
f:\dungeoncraft\build\deps\recastnavigation\recast\cmakefiles\generate.stamp
f:\dungeoncraft\build\deps\sfmt\cmakefiles\generate.stamp
f:\dungeoncraft\build\deps\utf8cpp\cmakefiles\generate.stamp
f:\dungeoncraft\build\deps\openssl\cmakefiles\generate.stamp
f:\dungeoncraft\build\deps\mysql\cmakefiles\generate.stamp
f:\dungeoncraft\build\deps\readline\cmakefiles\generate.stamp
f:\dungeoncraft\build\deps\jemalloc\cmakefiles\generate.stamp
f:\dungeoncraft\build\deps\gsoap\cmakefiles\generate.stamp
f:\dungeoncraft\build\src\common\cmakefiles\generate.stamp
f:\dungeoncraft\build\src\cmakefiles\generate.stamp
f:\dungeoncraft\build\src\genrev\cmakefiles\generate.stamp
f:\dungeoncraft\build\src\server\cmakefiles\generate.stamp
f:\dungeoncraft\build\src\server\shared\cmakefiles\generate.stamp
f:\dungeoncraft\build\src\server\game\cmakefiles\generate.stamp
f:\dungeoncraft\build\src\server\authserver\cmakefiles\generate.stamp
f:\dungeoncraft\build\src\server\scripts\cmakefiles\generate.stamp
f:\dungeoncraft\build\src\server\worldserver\cmakefiles\generate.stamp
f:\dungeoncraft\build\x64\release\zero_check\zero_check.tlog\custombuild.command.1.tlog
f:\dungeoncraft\build\x64\release\zero_check\zero_check.tlog\custombuild.read.1.tlog
f:\dungeoncraft\build\x64\release\zero_check\zero_check.tlog\custombuild.write.1.tlog
