f:\dungeoncraft\build\deps\recastnavigation\recast\recast.dir\debug\recast.obj
f:\dungeoncraft\build\deps\recastnavigation\recast\recast.dir\debug\recastfilter.obj
f:\dungeoncraft\build\deps\recastnavigation\recast\recast.dir\debug\recastassert.obj
f:\dungeoncraft\build\deps\recastnavigation\recast\recast.dir\debug\recastregion.obj
f:\dungeoncraft\build\deps\recastnavigation\recast\recast.dir\debug\recastarea.obj
f:\dungeoncraft\build\deps\recastnavigation\recast\recast.dir\debug\recastlayers.obj
f:\dungeoncraft\build\deps\recastnavigation\recast\recast.dir\debug\recastmesh.obj
f:\dungeoncraft\build\deps\recastnavigation\recast\recast.dir\debug\recastmeshdetail.obj
f:\dungeoncraft\build\deps\recastnavigation\recast\recast.dir\debug\recastalloc.obj
f:\dungeoncraft\build\deps\recastnavigation\recast\recast.dir\debug\recastrasterization.obj
f:\dungeoncraft\build\deps\recastnavigation\recast\recast.dir\debug\recastcontour.obj
f:\dungeoncraft\build\deps\recastnavigation\recast\recast.dir\debug\recast.pdb
f:\dungeoncraft\build\deps\recastnavigation\recast\cmakefiles\generate.stamp
f:\dungeoncraft\build\deps\recastnavigation\recast\debug\recast.lib
f:\dungeoncraft\build\deps\recastnavigation\recast\recast.dir\debug\recast.tlog\cl.21868.write.1.tlog
f:\dungeoncraft\build\deps\recastnavigation\recast\recast.dir\debug\recast.tlog\cl.command.1.tlog
f:\dungeoncraft\build\deps\recastnavigation\recast\recast.dir\debug\recast.tlog\cl.read.1.tlog
f:\dungeoncraft\build\deps\recastnavigation\recast\recast.dir\debug\recast.tlog\custombuild.command.1.tlog
f:\dungeoncraft\build\deps\recastnavigation\recast\recast.dir\debug\recast.tlog\custombuild.read.1.tlog
f:\dungeoncraft\build\deps\recastnavigation\recast\recast.dir\debug\recast.tlog\custombuild.write.1.tlog
f:\dungeoncraft\build\deps\recastnavigation\recast\recast.dir\debug\recast.tlog\lib-link.read.1.tlog
f:\dungeoncraft\build\deps\recastnavigation\recast\recast.dir\debug\recast.tlog\lib-link.write.1.tlog
f:\dungeoncraft\build\deps\recastnavigation\recast\recast.dir\debug\recast.tlog\lib.command.1.tlog
