f:\dungeoncraft\build\src\server\worldserver\release\cotire\worldserver_cxx_prefix.pch
f:\dungeoncraft\build\src\server\worldserver\worldserver.dir\release\main.obj
f:\dungeoncraft\build\src\server\worldserver\worldserver.dir\release\master.obj
f:\dungeoncraft\build\src\server\worldserver\worldserver.dir\release\worldrunnable.obj
f:\dungeoncraft\build\src\server\worldserver\worldserver.dir\release\rasocket.obj
f:\dungeoncraft\build\src\server\worldserver\worldserver.dir\release\rarunnable.obj
f:\dungeoncraft\build\src\server\worldserver\worldserver.dir\release\acsoap.obj
f:\dungeoncraft\build\src\server\worldserver\worldserver.dir\release\wheatyexceptionreport.obj
f:\dungeoncraft\build\src\server\worldserver\worldserver.dir\release\clirunnable.obj
f:\dungeoncraft\build\src\server\worldserver\release\cotire\worldserver_cxx_prefix.hxx
f:\dungeoncraft\build\src\server\worldserver\cmakefiles\generate.stamp
f:\dungeoncraft\build\bin\release\worldserver.exe
f:\dungeoncraft\build\src\server\worldserver\worldserver.dir\release\worldserver.res
f:\dungeoncraft\build\src\server\worldserver\worldserver.dir\release\worldserver.tlog\cl.command.1.tlog
f:\dungeoncraft\build\src\server\worldserver\worldserver.dir\release\worldserver.tlog\cl.read.1.tlog
f:\dungeoncraft\build\src\server\worldserver\worldserver.dir\release\worldserver.tlog\cl.write.1.tlog
f:\dungeoncraft\build\src\server\worldserver\worldserver.dir\release\worldserver.tlog\custombuild.command.1.tlog
f:\dungeoncraft\build\src\server\worldserver\worldserver.dir\release\worldserver.tlog\custombuild.read.1.tlog
f:\dungeoncraft\build\src\server\worldserver\worldserver.dir\release\worldserver.tlog\custombuild.write.1.tlog
f:\dungeoncraft\build\src\server\worldserver\worldserver.dir\release\worldserver.tlog\link.command.1.tlog
f:\dungeoncraft\build\src\server\worldserver\worldserver.dir\release\worldserver.tlog\link.read.1.tlog
f:\dungeoncraft\build\src\server\worldserver\worldserver.dir\release\worldserver.tlog\link.write.1.tlog
f:\dungeoncraft\build\src\server\worldserver\worldserver.dir\release\worldserver.tlog\rc.command.1.tlog
f:\dungeoncraft\build\src\server\worldserver\worldserver.dir\release\worldserver.tlog\rc.read.1.tlog
f:\dungeoncraft\build\src\server\worldserver\worldserver.dir\release\worldserver.tlog\rc.write.1.tlog
