f:\dungeoncraft\build\src\server\authserver\debug\cotire\authserver_cxx_prefix.pch
f:\dungeoncraft\build\src\server\authserver\authserver.dir\debug\vc142.pdb
f:\dungeoncraft\build\src\server\authserver\authserver.dir\debug\main.obj
f:\dungeoncraft\build\src\server\authserver\authserver.dir\debug\wheatyexceptionreport.obj
f:\dungeoncraft\build\src\server\authserver\authserver.dir\debug\authsocket.obj
f:\dungeoncraft\build\src\server\authserver\authserver.dir\debug\totp.obj
f:\dungeoncraft\build\src\server\authserver\authserver.dir\debug\authcodes.obj
f:\dungeoncraft\build\src\server\authserver\debug\cotire\authserver_cxx_prefix.hxx
f:\dungeoncraft\build\src\server\authserver\cmakefiles\generate.stamp
f:\dungeoncraft\build\bin\debug\authserver.ilk
f:\dungeoncraft\build\bin\debug\authserver.exe
f:\dungeoncraft\build\bin\debug\authserver.pdb
f:\dungeoncraft\build\src\server\authserver\authserver.dir\debug\authserver.res
f:\dungeoncraft\build\src\server\authserver\authserver.dir\debug\authserver.tlog\cl.command.1.tlog
f:\dungeoncraft\build\src\server\authserver\authserver.dir\debug\authserver.tlog\cl.read.1.tlog
f:\dungeoncraft\build\src\server\authserver\authserver.dir\debug\authserver.tlog\cl.write.1.tlog
f:\dungeoncraft\build\src\server\authserver\authserver.dir\debug\authserver.tlog\custombuild.command.1.tlog
f:\dungeoncraft\build\src\server\authserver\authserver.dir\debug\authserver.tlog\custombuild.read.1.tlog
f:\dungeoncraft\build\src\server\authserver\authserver.dir\debug\authserver.tlog\custombuild.write.1.tlog
f:\dungeoncraft\build\src\server\authserver\authserver.dir\debug\authserver.tlog\link.command.1.tlog
f:\dungeoncraft\build\src\server\authserver\authserver.dir\debug\authserver.tlog\link.read.1.tlog
f:\dungeoncraft\build\src\server\authserver\authserver.dir\debug\authserver.tlog\link.write.1.tlog
f:\dungeoncraft\build\src\server\authserver\authserver.dir\debug\authserver.tlog\rc.command.1.tlog
f:\dungeoncraft\build\src\server\authserver\authserver.dir\debug\authserver.tlog\rc.read.1.tlog
f:\dungeoncraft\build\src\server\authserver\authserver.dir\debug\authserver.tlog\rc.write.1.tlog
