f:\dungeoncraft\build\src\common\debug\cotire\common_cxx_prefix.pch
f:\dungeoncraft\build\src\common\common.dir\debug\common.pdb
f:\dungeoncraft\build\src\common\common.dir\debug\common.obj
f:\dungeoncraft\build\src\common\common.dir\debug\boundingintervalhierarchy.obj
f:\dungeoncraft\build\src\common\common.dir\debug\opensslcrypto.obj
f:\dungeoncraft\build\src\common\common.dir\debug\databaseworkerpool.obj
f:\dungeoncraft\build\src\common\common.dir\debug\threading.obj
f:\dungeoncraft\build\src\common\common.dir\debug\tileassembler.obj
f:\dungeoncraft\build\src\common\common.dir\debug\transaction.obj
f:\dungeoncraft\build\src\common\common.dir\debug\dynamictree.obj
f:\dungeoncraft\build\src\common\common.dir\debug\hmacsha1.obj
f:\dungeoncraft\build\src\common\common.dir\debug\mysqlconnection.obj
f:\dungeoncraft\build\src\common\common.dir\debug\logindatabase.obj
f:\dungeoncraft\build\src\common\common.dir\debug\vmapfactory.obj
f:\dungeoncraft\build\src\common\common.dir\debug\bignumber.obj
f:\dungeoncraft\build\src\common\common.dir\debug\dbcfileloader.obj
f:\dungeoncraft\build\src\common\common.dir\debug\field.obj
f:\dungeoncraft\build\src\common\common.dir\debug\queryresult.obj
f:\dungeoncraft\build\src\common\common.dir\debug\characterdatabase.obj
f:\dungeoncraft\build\src\common\common.dir\debug\mmapfactory.obj
f:\dungeoncraft\build\src\common\common.dir\debug\eventprocessor.obj
f:\dungeoncraft\build\src\common\common.dir\debug\maptree.obj
f:\dungeoncraft\build\src\common\common.dir\debug\preparedstatement.obj
f:\dungeoncraft\build\src\common\common.dir\debug\delayexecutor.obj
f:\dungeoncraft\build\src\common\common.dir\debug\servicewin32.obj
f:\dungeoncraft\build\src\common\common.dir\debug\modelinstance.obj
f:\dungeoncraft\build\src\common\common.dir\debug\sha1.obj
f:\dungeoncraft\build\src\common\common.dir\debug\databaseworker.obj
f:\dungeoncraft\build\src\common\common.dir\debug\worlddatabase.obj
f:\dungeoncraft\build\src\common\common.dir\debug\worldmodel.obj
f:\dungeoncraft\build\src\common\common.dir\debug\adhocstatement.obj
f:\dungeoncraft\build\src\common\common.dir\debug\bytebuffer.obj
f:\dungeoncraft\build\src\common\common.dir\debug\errors.obj
f:\dungeoncraft\build\src\common\common.dir\debug\gameobjectmodel.obj
f:\dungeoncraft\build\src\common\common.dir\debug\gitrevision.obj
f:\dungeoncraft\build\src\common\common.dir\debug\config.obj
f:\dungeoncraft\build\src\common\common.dir\debug\arc4.obj
f:\dungeoncraft\build\src\common\common.dir\debug\authcrypt.obj
f:\dungeoncraft\build\src\common\common.dir\debug\queryholder.obj
f:\dungeoncraft\build\src\common\common.dir\debug\log.obj
f:\dungeoncraft\build\src\common\common.dir\debug\mmapmanager.obj
f:\dungeoncraft\build\src\common\common.dir\debug\vmapmanager2.obj
f:\dungeoncraft\build\src\common\common.dir\debug\util.obj
f:\dungeoncraft\build\src\common\debug\cotire\common_cxx_prefix.hxx
f:\dungeoncraft\build\src\common\cmakefiles\generate.stamp
f:\dungeoncraft\build\src\common\debug\common.lib
f:\dungeoncraft\build\src\common\common.dir\debug\common.tlog\cl.command.1.tlog
f:\dungeoncraft\build\src\common\common.dir\debug\common.tlog\cl.read.1.tlog
f:\dungeoncraft\build\src\common\common.dir\debug\common.tlog\cl.write.1.tlog
f:\dungeoncraft\build\src\common\common.dir\debug\common.tlog\custombuild.command.1.tlog
f:\dungeoncraft\build\src\common\common.dir\debug\common.tlog\custombuild.read.1.tlog
f:\dungeoncraft\build\src\common\common.dir\debug\common.tlog\custombuild.write.1.tlog
f:\dungeoncraft\build\src\common\common.dir\debug\common.tlog\lib-link.read.1.tlog
f:\dungeoncraft\build\src\common\common.dir\debug\common.tlog\lib-link.write.1.tlog
f:\dungeoncraft\build\src\common\common.dir\debug\common.tlog\lib.command.1.tlog
