f:\dungeoncraft\build\src\server\game\debug\cotire\game_cxx_prefix.pch
f:\dungeoncraft\build\src\server\game\game.dir\debug\game.pdb
f:\dungeoncraft\build\src\server\game\game.dir\debug\creatureai.obj
f:\dungeoncraft\build\src\server\game\game.dir\debug\unitai.obj
f:\dungeoncraft\build\src\server\game\game.dir\debug\addonmgr.obj
f:\dungeoncraft\build\src\server\game\game.dir\debug\battlegroundmgr.obj
f:\dungeoncraft\build\src\server\game\game.dir\debug\channel.obj
f:\dungeoncraft\build\src\server\game\game.dir\debug\item.obj
f:\dungeoncraft\build\src\server\game\game.dir\debug\objectaccessor.obj
f:\dungeoncraft\build\src\server\game\game.dir\debug\addonhandler.obj
f:\dungeoncraft\build\src\server\game\game.dir\debug\authhandler.obj
f:\dungeoncraft\build\src\server\game\game.dir\debug\calendarhandler.obj
f:\dungeoncraft\build\src\server\game\game.dir\debug\mischandler.obj
f:\dungeoncraft\build\src\server\game\game.dir\debug\mapinstanced.obj
f:\dungeoncraft\build\src\server\game\game.dir\debug\motionmaster.obj
f:\dungeoncraft\build\src\server\game\game.dir\debug\scriptsystem.obj
f:\dungeoncraft\build\src\server\game\game.dir\debug\skillextraitems.obj
f:\dungeoncraft\build\src\server\game\game.dir\debug\ticketmgr.obj
f:\dungeoncraft\build\src\server\game\game.dir\debug\weathermgr.obj
f:\dungeoncraft\build\src\server\game\game.dir\debug\creatureairegistry.obj
f:\dungeoncraft\build\src\server\game\game.dir\debug\battlefieldmgr.obj
f:\dungeoncraft\build\src\server\game\game.dir\debug\battlegroundbe.obj
f:\dungeoncraft\build\src\server\game\game.dir\debug\calendarmgr.obj
f:\dungeoncraft\build\src\server\game\game.dir\debug\lfgplayerdata.obj
f:\dungeoncraft\build\src\server\game\game.dir\debug\creature.obj
f:\dungeoncraft\build\src\server\game\game.dir\debug\objectgridloader.obj
f:\dungeoncraft\build\src\server\game\game.dir\debug\group.obj
f:\dungeoncraft\build\src\server\game\game.dir\debug\grouphandler.obj
f:\dungeoncraft\build\src\server\game\game.dir\debug\pethandler.obj
f:\dungeoncraft\build\src\server\game\game.dir\debug\instancescript.obj
f:\dungeoncraft\build\src\server\game\game.dir\debug\idlemovementgenerator.obj
f:\dungeoncraft\build\src\server\game\game.dir\debug\targetedmovementgenerator.obj
f:\dungeoncraft\build\src\server\game\game.dir\debug\opcodes.obj
f:\dungeoncraft\build\src\server\game\game.dir\debug\spell.obj
f:\dungeoncraft\build\src\server\game\game.dir\debug\gameobjectai.obj
f:\dungeoncraft\build\src\server\game\game.dir\debug\scriptedfollowerai.obj
f:\dungeoncraft\build\src\server\game\game.dir\debug\auctionhousemgr.obj
f:\dungeoncraft\build\src\server\game\game.dir\debug\battlegroundrv.obj
f:\dungeoncraft\build\src\server\game\game.dir\debug\conditionmgr.obj
f:\dungeoncraft\build\src\server\game\game.dir\debug\socialmgr.obj
f:\dungeoncraft\build\src\server\game\game.dir\debug\vehicle.obj
f:\dungeoncraft\build\src\server\game\game.dir\debug\channelhandler.obj
f:\dungeoncraft\build\src\server\game\game.dir\debug\itemhandler.obj
f:\dungeoncraft\build\src\server\game\game.dir\debug\petitionshandler.obj
f:\dungeoncraft\build\src\server\game\game.dir\debug\instancesavemgr.obj
f:\dungeoncraft\build\src\server\game\game.dir\debug\waypointmovementgenerator.obj
f:\dungeoncraft\build\src\server\game\game.dir\debug\packetlog.obj
f:\dungeoncraft\build\src\server\game\game.dir\debug\skilldiscovery.obj
f:\dungeoncraft\build\src\server\game\game.dir\debug\creaturetextmgr.obj
f:\dungeoncraft\build\src\server\game\game.dir\debug\scriptedcreature.obj
f:\dungeoncraft\build\src\server\game\game.dir\debug\arenateam.obj
f:\dungeoncraft\build\src\server\game\game.dir\debug\battlegroundds.obj
f:\dungeoncraft\build\src\server\game\game.dir\debug\chat.obj
f:\dungeoncraft\build\src\server\game\game.dir\debug\creaturegroups.obj
f:\dungeoncraft\build\src\server\game\game.dir\debug\temporarysummon.obj
f:\dungeoncraft\build\src\server\game\game.dir\debug\statsystem.obj
f:\dungeoncraft\build\src\server\game\game.dir\debug\auctionhousehandler.obj
f:\dungeoncraft\build\src\server\game\game.dir\debug\combathandler.obj
f:\dungeoncraft\build\src\server\game\game.dir\debug\movementhandler.obj
f:\dungeoncraft\build\src\server\game\game.dir\debug\mapupdater.obj
f:\dungeoncraft\build\src\server\game\game.dir\debug\avgdifftracker.obj
f:\dungeoncraft\build\src\server\game\game.dir\debug\banmanager.obj
f:\dungeoncraft\build\src\server\game\game.dir\debug\fleeingmovementgenerator.obj
f:\dungeoncraft\build\src\server\game\game.dir\debug\worldsession.obj
f:\dungeoncraft\build\src\server\game\game.dir\debug\wardencheckmgr.obj
f:\dungeoncraft\build\src\server\game\game.dir\debug\weather.obj
f:\dungeoncraft\build\src\server\game\game.dir\debug\reactorai.obj
f:\dungeoncraft\build\src\server\game\game.dir\debug\smartai.obj
f:\dungeoncraft\build\src\server\game\game.dir\debug\battleground.obj
f:\dungeoncraft\build\src\server\game\game.dir\debug\chatlink.obj
f:\dungeoncraft\build\src\server\game\game.dir\debug\dbcstores.obj
f:\dungeoncraft\build\src\server\game\game.dir\debug\object.obj
f:\dungeoncraft\build\src\server\game\game.dir\debug\gridnotifiers.obj
f:\dungeoncraft\build\src\server\game\game.dir\debug\arenateamhandler.obj
f:\dungeoncraft\build\src\server\game\game.dir\debug\chathandler.obj
f:\dungeoncraft\build\src\server\game\game.dir\debug\skillhandler.obj
f:\dungeoncraft\build\src\server\game\game.dir\debug\lootmgr.obj
f:\dungeoncraft\build\src\server\game\game.dir\debug\randommovementgenerator.obj
f:\dungeoncraft\build\src\server\game\game.dir\debug\outdoorpvp.obj
f:\dungeoncraft\build\src\server\game\game.dir\debug\spelleffects.obj
f:\dungeoncraft\build\src\server\game\game.dir\debug\scriptedescortai.obj
f:\dungeoncraft\build\src\server\game\game.dir\debug\battlefieldwg.obj
f:\dungeoncraft\build\src\server\game\game.dir\debug\battlegroundey.obj
f:\dungeoncraft\build\src\server\game\game.dir\debug\threatmanager.obj
f:\dungeoncraft\build\src\server\game\game.dir\debug\dynamicobject.obj
f:\dungeoncraft\build\src\server\game\game.dir\debug\gameeventmgr.obj
f:\dungeoncraft\build\src\server\game\game.dir\debug\characterhandler.obj
f:\dungeoncraft\build\src\server\game\game.dir\debug\questhandler.obj
f:\dungeoncraft\build\src\server\game\game.dir\debug\map.obj
f:\dungeoncraft\build\src\server\game\game.dir\debug\movesplineinit.obj
f:\dungeoncraft\build\src\server\game\game.dir\debug\questdef.obj
f:\dungeoncraft\build\src\server\game\game.dir\debug\spellmgr.obj
f:\dungeoncraft\build\src\server\game\game.dir\debug\combatai.obj
f:\dungeoncraft\build\src\server\game\game.dir\debug\smartscriptmgr.obj
f:\dungeoncraft\build\src\server\game\game.dir\debug\battlegroundqueue.obj
f:\dungeoncraft\build\src\server\game\game.dir\debug\battlegroundsa.obj
f:\dungeoncraft\build\src\server\game\game.dir\debug\lfgmgr.obj
f:\dungeoncraft\build\src\server\game\game.dir\debug\totem.obj
f:\dungeoncraft\build\src\server\game\game.dir\debug\guild.obj
f:\dungeoncraft\build\src\server\game\game.dir\debug\lfghandler.obj
f:\dungeoncraft\build\src\server\game\game.dir\debug\spellhandler.obj
f:\dungeoncraft\build\src\server\game\game.dir\debug\transportmgr.obj
f:\dungeoncraft\build\src\server\game\game.dir\debug\servermotd.obj
f:\dungeoncraft\build\src\server\game\game.dir\debug\pointmovementgenerator.obj
f:\dungeoncraft\build\src\server\game\game.dir\debug\worldsocket.obj
f:\dungeoncraft\build\src\server\game\game.dir\debug\spellauras.obj
f:\dungeoncraft\build\src\server\game\game.dir\debug\petai.obj
f:\dungeoncraft\build\src\server\game\game.dir\debug\battlefieldhandler.obj
f:\dungeoncraft\build\src\server\game\game.dir\debug\battlegroundav.obj
f:\dungeoncraft\build\src\server\game\game.dir\debug\disablemgr.obj
f:\dungeoncraft\build\src\server\game\game.dir\debug\gameobject.obj
f:\dungeoncraft\build\src\server\game\game.dir\debug\objectmgr.obj
f:\dungeoncraft\build\src\server\game\game.dir\debug\vehiclehandler.obj
f:\dungeoncraft\build\src\server\game\game.dir\debug\dynamicvisibility.obj
f:\dungeoncraft\build\src\server\game\game.dir\debug\gamegraveyard.obj
f:\dungeoncraft\build\src\server\game\game.dir\debug\followerreference.obj
f:\dungeoncraft\build\src\server\game\game.dir\debug\movementgenerator.obj
f:\dungeoncraft\build\src\server\game\game.dir\debug\escortmovementgenerator.obj
f:\dungeoncraft\build\src\server\game\game.dir\debug\scriptmgr.obj
f:\dungeoncraft\build\src\server\game\game.dir\debug\creatureaiselector.obj
f:\dungeoncraft\build\src\server\game\game.dir\debug\smartscript.obj
f:\dungeoncraft\build\src\server\game\game.dir\debug\battlegroundab.obj
f:\dungeoncraft\build\src\server\game\game.dir\debug\battlegroundna.obj
f:\dungeoncraft\build\src\server\game\game.dir\debug\channelmgr.obj
f:\dungeoncraft\build\src\server\game\game.dir\debug\bag.obj
f:\dungeoncraft\build\src\server\game\game.dir\debug\transport.obj
f:\dungeoncraft\build\src\server\game\game.dir\debug\battlegroundhandler.obj
f:\dungeoncraft\build\src\server\game\game.dir\debug\mailhandler.obj
f:\dungeoncraft\build\src\server\game\game.dir\debug\taxihandler.obj
f:\dungeoncraft\build\src\server\game\game.dir\debug\mail.obj
f:\dungeoncraft\build\src\server\game\game.dir\debug\pathgenerator.obj
f:\dungeoncraft\build\src\server\game\game.dir\debug\movementpacketbuilder.obj
f:\dungeoncraft\build\src\server\game\game.dir\debug\spline.obj
f:\dungeoncraft\build\src\server\game\game.dir\debug\petitionmgr.obj
f:\dungeoncraft\build\src\server\game\game.dir\debug\reputationmgr.obj
f:\dungeoncraft\build\src\server\game\game.dir\debug\spellauraeffects.obj
f:\dungeoncraft\build\src\server\game\game.dir\debug\world.obj
f:\dungeoncraft\build\src\server\game\game.dir\debug\totemai.obj
f:\dungeoncraft\build\src\server\game\game.dir\debug\achievementmgr.obj
f:\dungeoncraft\build\src\server\game\game.dir\debug\battlegroundws.obj
f:\dungeoncraft\build\src\server\game\game.dir\debug\lfg.obj
f:\dungeoncraft\build\src\server\game\game.dir\debug\lfgqueue.obj
f:\dungeoncraft\build\src\server\game\game.dir\debug\gossipdef.obj
f:\dungeoncraft\build\src\server\game\game.dir\debug\unit.obj
f:\dungeoncraft\build\src\server\game\game.dir\debug\loothandler.obj
f:\dungeoncraft\build\src\server\game\game.dir\debug\referafriendhandler.obj
f:\dungeoncraft\build\src\server\game\game.dir\debug\voicechathandler.obj
f:\dungeoncraft\build\src\server\game\game.dir\debug\lootitemstorage.obj
f:\dungeoncraft\build\src\server\game\game.dir\debug\mapmanager.obj
f:\dungeoncraft\build\src\server\game\game.dir\debug\homemovementgenerator.obj
f:\dungeoncraft\build\src\server\game\game.dir\debug\movespline.obj
f:\dungeoncraft\build\src\server\game\game.dir\debug\movementutil.obj
f:\dungeoncraft\build\src\server\game\game.dir\debug\waypointmanager.obj
f:\dungeoncraft\build\src\server\game\game.dir\debug\poolmgr.obj
f:\dungeoncraft\build\src\server\game\game.dir\debug\worldsocketmgr.obj
f:\dungeoncraft\build\src\server\game\game.dir\debug\spellscript.obj
f:\dungeoncraft\build\src\server\game\game.dir\debug\playerdump.obj
f:\dungeoncraft\build\src\server\game\game.dir\debug\wardenmac.obj
f:\dungeoncraft\build\src\server\game\game.dir\debug\passiveai.obj
f:\dungeoncraft\build\src\server\game\game.dir\debug\scriptedgossip.obj
f:\dungeoncraft\build\src\server\game\game.dir\debug\battlefield.obj
f:\dungeoncraft\build\src\server\game\game.dir\debug\battlegroundrl.obj
f:\dungeoncraft\build\src\server\game\game.dir\debug\hostilerefmanager.obj
f:\dungeoncraft\build\src\server\game\game.dir\debug\corpse.obj
f:\dungeoncraft\build\src\server\game\game.dir\debug\itemenchantmentmgr.obj
f:\dungeoncraft\build\src\server\game\game.dir\debug\objectposselector.obj
f:\dungeoncraft\build\src\server\game\game.dir\debug\updatedata.obj
f:\dungeoncraft\build\src\server\game\game.dir\debug\updatefieldflags.obj
f:\dungeoncraft\build\src\server\game\game.dir\debug\player.obj
f:\dungeoncraft\build\src\server\game\game.dir\debug\guildhandler.obj
f:\dungeoncraft\build\src\server\game\game.dir\debug\queryhandler.obj
f:\dungeoncraft\build\src\server\game\game.dir\debug\tradehandler.obj
f:\dungeoncraft\build\src\server\game\game.dir\debug\savingsystem.obj
f:\dungeoncraft\build\src\server\game\game.dir\debug\wholistcache.obj
f:\dungeoncraft\build\src\server\game\game.dir\debug\outdoorpvpmgr.obj
f:\dungeoncraft\build\src\server\game\game.dir\debug\spellinfo.obj
f:\dungeoncraft\build\src\server\game\game.dir\debug\warden.obj
f:\dungeoncraft\build\src\server\game\game.dir\debug\guardai.obj
f:\dungeoncraft\build\src\server\game\game.dir\debug\accountmgr.obj
f:\dungeoncraft\build\src\server\game\game.dir\debug\arenateammgr.obj
f:\dungeoncraft\build\src\server\game\game.dir\debug\battlegroundic.obj
f:\dungeoncraft\build\src\server\game\game.dir\debug\lfggroupdata.obj
f:\dungeoncraft\build\src\server\game\game.dir\debug\lfgscripts.obj
f:\dungeoncraft\build\src\server\game\game.dir\debug\pet.obj
f:\dungeoncraft\build\src\server\game\game.dir\debug\groupmgr.obj
f:\dungeoncraft\build\src\server\game\game.dir\debug\groupreference.obj
f:\dungeoncraft\build\src\server\game\game.dir\debug\guildmgr.obj
f:\dungeoncraft\build\src\server\game\game.dir\debug\duelhandler.obj
f:\dungeoncraft\build\src\server\game\game.dir\debug\npchandler.obj
f:\dungeoncraft\build\src\server\game\game.dir\debug\tickethandler.obj
f:\dungeoncraft\build\src\server\game\game.dir\debug\asyncauctionlisting.obj
f:\dungeoncraft\build\src\server\game\game.dir\debug\confusedmovementgenerator.obj
f:\dungeoncraft\build\src\server\game\game.dir\debug\mapscripts.obj
f:\dungeoncraft\build\src\server\game\game.dir\debug\characterdatabasecleaner.obj
f:\dungeoncraft\build\src\server\game\game.dir\debug\wardenwin.obj
f:\dungeoncraft\build\src\server\game\debug\cotire\game_cxx_prefix.hxx
f:\dungeoncraft\build\src\server\game\cmakefiles\generate.stamp
f:\dungeoncraft\build\src\server\game\debug\game.lib
f:\dungeoncraft\build\src\server\game\game.dir\debug\game.tlog\cl.command.1.tlog
f:\dungeoncraft\build\src\server\game\game.dir\debug\game.tlog\cl.read.1.tlog
f:\dungeoncraft\build\src\server\game\game.dir\debug\game.tlog\cl.write.1.tlog
f:\dungeoncraft\build\src\server\game\game.dir\debug\game.tlog\custombuild.command.1.tlog
f:\dungeoncraft\build\src\server\game\game.dir\debug\game.tlog\custombuild.read.1.tlog
f:\dungeoncraft\build\src\server\game\game.dir\debug\game.tlog\custombuild.write.1.tlog
f:\dungeoncraft\build\src\server\game\game.dir\debug\game.tlog\lib-link.read.1.tlog
f:\dungeoncraft\build\src\server\game\game.dir\debug\game.tlog\lib-link.write.1.tlog
f:\dungeoncraft\build\src\server\game\game.dir\debug\game.tlog\lib.command.1.tlog
