f:\dungeoncraft\build\deps\g3dlite\g3dlib.dir\debug\aabox.obj
f:\dungeoncraft\build\deps\g3dlite\g3dlib.dir\debug\g3dfnmatch.obj
f:\dungeoncraft\build\deps\g3dlite\g3dlib.dir\debug\memorymanager.obj
f:\dungeoncraft\build\deps\g3dlite\g3dlib.dir\debug\stringutils.obj
f:\dungeoncraft\build\deps\g3dlite\g3dlib.dir\debug\crypto.obj
f:\dungeoncraft\build\deps\g3dlite\g3dlib.dir\debug\format.obj
f:\dungeoncraft\build\deps\g3dlite\g3dlib.dir\debug\prompt.obj
f:\dungeoncraft\build\deps\g3dlite\g3dlib.dir\debug\uprightframe.obj
f:\dungeoncraft\build\deps\g3dlite\g3dlib.dir\debug\any.obj
f:\dungeoncraft\build\deps\g3dlite\g3dlib.dir\debug\line.obj
f:\dungeoncraft\build\deps\g3dlite\g3dlib.dir\debug\referencecount.obj
f:\dungeoncraft\build\deps\g3dlite\g3dlib.dir\debug\vector3.obj
f:\dungeoncraft\build\deps\g3dlite\g3dlib.dir\debug\cylinder.obj
f:\dungeoncraft\build\deps\g3dlite\g3dlib.dir\debug\matrix3.obj
f:\dungeoncraft\build\deps\g3dlite\g3dlib.dir\debug\textinput.obj
f:\dungeoncraft\build\deps\g3dlite\g3dlib.dir\debug\collisiondetection.obj
f:\dungeoncraft\build\deps\g3dlite\g3dlib.dir\debug\linesegment.obj
f:\dungeoncraft\build\deps\g3dlite\g3dlib.dir\debug\sphere.obj
f:\dungeoncraft\build\deps\g3dlite\g3dlib.dir\debug\box.obj
f:\dungeoncraft\build\deps\g3dlite\g3dlib.dir\debug\log.obj
f:\dungeoncraft\build\deps\g3dlite\g3dlib.dir\debug\registryutil.obj
f:\dungeoncraft\build\deps\g3dlite\g3dlib.dir\debug\vector2.obj
f:\dungeoncraft\build\deps\g3dlite\g3dlib.dir\debug\binaryformat.obj
f:\dungeoncraft\build\deps\g3dlite\g3dlib.dir\debug\filesystem.obj
f:\dungeoncraft\build\deps\g3dlite\g3dlib.dir\debug\ray.obj
f:\dungeoncraft\build\deps\g3dlite\g3dlib.dir\debug\binaryinput.obj
f:\dungeoncraft\build\deps\g3dlite\g3dlib.dir\debug\physicsframe.obj
f:\dungeoncraft\build\deps\g3dlite\g3dlib.dir\debug\textoutput.obj
f:\dungeoncraft\build\deps\g3dlite\g3dlib.dir\debug\capsule.obj
f:\dungeoncraft\build\deps\g3dlite\g3dlib.dir\debug\g3dmath.obj
f:\dungeoncraft\build\deps\g3dlite\g3dlib.dir\debug\quat.obj
f:\dungeoncraft\build\deps\g3dlite\g3dlib.dir\debug\vector4.obj
f:\dungeoncraft\build\deps\g3dlite\g3dlib.dir\debug\debugassert.obj
f:\dungeoncraft\build\deps\g3dlite\g3dlib.dir\debug\fileutils.obj
f:\dungeoncraft\build\deps\g3dlite\g3dlib.dir\debug\random.obj
f:\dungeoncraft\build\deps\g3dlite\g3dlib.dir\debug\system.obj
f:\dungeoncraft\build\deps\g3dlite\g3dlib.dir\debug\binaryoutput.obj
f:\dungeoncraft\build\deps\g3dlite\g3dlib.dir\debug\matrix4.obj
f:\dungeoncraft\build\deps\g3dlite\g3dlib.dir\debug\uint128.obj
f:\dungeoncraft\build\deps\g3dlite\g3dlib.dir\debug\coordinateframe.obj
f:\dungeoncraft\build\deps\g3dlite\g3dlib.dir\debug\plane.obj
f:\dungeoncraft\build\deps\g3dlite\g3dlib.dir\debug\triangle.obj
f:\dungeoncraft\build\deps\g3dlite\g3dlib.dir\debug\g3dlib.pdb
f:\dungeoncraft\build\deps\g3dlite\cmakefiles\generate.stamp
f:\dungeoncraft\build\deps\g3dlite\debug\g3dlib.lib
f:\dungeoncraft\build\deps\g3dlite\g3dlib.dir\debug\g3dlib.tlog\cl.21040.write.1.tlog
f:\dungeoncraft\build\deps\g3dlite\g3dlib.dir\debug\g3dlib.tlog\cl.command.1.tlog
f:\dungeoncraft\build\deps\g3dlite\g3dlib.dir\debug\g3dlib.tlog\cl.read.1.tlog
f:\dungeoncraft\build\deps\g3dlite\g3dlib.dir\debug\g3dlib.tlog\custombuild.command.1.tlog
f:\dungeoncraft\build\deps\g3dlite\g3dlib.dir\debug\g3dlib.tlog\custombuild.read.1.tlog
f:\dungeoncraft\build\deps\g3dlite\g3dlib.dir\debug\g3dlib.tlog\custombuild.write.1.tlog
f:\dungeoncraft\build\deps\g3dlite\g3dlib.dir\debug\g3dlib.tlog\lib-link.read.1.tlog
f:\dungeoncraft\build\deps\g3dlite\g3dlib.dir\debug\g3dlib.tlog\lib-link.write.1.tlog
f:\dungeoncraft\build\deps\g3dlite\g3dlib.dir\debug\g3dlib.tlog\lib.command.1.tlog
