f:\dungeoncraft\build\src\common\release\cotire\common_cxx_prefix.pch
f:\dungeoncraft\build\src\common\common.dir\release\common.obj
f:\dungeoncraft\build\src\common\common.dir\release\tileassembler.obj
f:\dungeoncraft\build\src\common\common.dir\release\bytebuffer.obj
f:\dungeoncraft\build\src\common\common.dir\release\vmapfactory.obj
f:\dungeoncraft\build\src\common\common.dir\release\arc4.obj
f:\dungeoncraft\build\src\common\common.dir\release\queryholder.obj
f:\dungeoncraft\build\src\common\common.dir\release\util.obj
f:\dungeoncraft\build\src\common\common.dir\release\boundingintervalhierarchy.obj
f:\dungeoncraft\build\src\common\common.dir\release\bignumber.obj
f:\dungeoncraft\build\src\common\common.dir\release\authcrypt.obj
f:\dungeoncraft\build\src\common\common.dir\release\preparedstatement.obj
f:\dungeoncraft\build\src\common\common.dir\release\mmapmanager.obj
f:\dungeoncraft\build\src\common\common.dir\release\gitrevision.obj
f:\dungeoncraft\build\src\common\common.dir\release\dynamictree.obj
f:\dungeoncraft\build\src\common\common.dir\release\sha1.obj
f:\dungeoncraft\build\src\common\common.dir\release\dbcfileloader.obj
f:\dungeoncraft\build\src\common\common.dir\release\databaseworkerpool.obj
f:\dungeoncraft\build\src\common\common.dir\release\log.obj
f:\dungeoncraft\build\src\common\common.dir\release\gameobjectmodel.obj
f:\dungeoncraft\build\src\common\common.dir\release\modelinstance.obj
f:\dungeoncraft\build\src\common\common.dir\release\opensslcrypto.obj
f:\dungeoncraft\build\src\common\common.dir\release\adhocstatement.obj
f:\dungeoncraft\build\src\common\common.dir\release\characterdatabase.obj
f:\dungeoncraft\build\src\common\common.dir\release\errors.obj
f:\dungeoncraft\build\src\common\common.dir\release\worldmodel.obj
f:\dungeoncraft\build\src\common\common.dir\release\databaseworker.obj
f:\dungeoncraft\build\src\common\common.dir\release\logindatabase.obj
f:\dungeoncraft\build\src\common\common.dir\release\vmapmanager2.obj
f:\dungeoncraft\build\src\common\common.dir\release\worlddatabase.obj
f:\dungeoncraft\build\src\common\common.dir\release\maptree.obj
f:\dungeoncraft\build\src\common\common.dir\release\field.obj
f:\dungeoncraft\build\src\common\common.dir\release\mysqlconnection.obj
f:\dungeoncraft\build\src\common\common.dir\release\delayexecutor.obj
f:\dungeoncraft\build\src\common\common.dir\release\eventprocessor.obj
f:\dungeoncraft\build\src\common\common.dir\release\config.obj
f:\dungeoncraft\build\src\common\common.dir\release\hmacsha1.obj
f:\dungeoncraft\build\src\common\common.dir\release\queryresult.obj
f:\dungeoncraft\build\src\common\common.dir\release\servicewin32.obj
f:\dungeoncraft\build\src\common\common.dir\release\mmapfactory.obj
f:\dungeoncraft\build\src\common\common.dir\release\transaction.obj
f:\dungeoncraft\build\src\common\common.dir\release\threading.obj
f:\dungeoncraft\build\src\common\release\cotire\common_cxx_prefix.hxx
f:\dungeoncraft\build\src\common\cmakefiles\generate.stamp
f:\dungeoncraft\build\src\common\release\common.lib
f:\dungeoncraft\build\src\common\common.dir\release\common.tlog\cl.command.1.tlog
f:\dungeoncraft\build\src\common\common.dir\release\common.tlog\cl.read.1.tlog
f:\dungeoncraft\build\src\common\common.dir\release\common.tlog\cl.write.1.tlog
f:\dungeoncraft\build\src\common\common.dir\release\common.tlog\custombuild.command.1.tlog
f:\dungeoncraft\build\src\common\common.dir\release\common.tlog\custombuild.read.1.tlog
f:\dungeoncraft\build\src\common\common.dir\release\common.tlog\custombuild.write.1.tlog
f:\dungeoncraft\build\src\common\common.dir\release\common.tlog\lib-link.read.1.tlog
f:\dungeoncraft\build\src\common\common.dir\release\common.tlog\lib-link.write.1.tlog
f:\dungeoncraft\build\src\common\common.dir\release\common.tlog\lib.command.1.tlog
